[2024-03-19T23:41:09.517+0000] {processor.py:161} INFO - Started process (PID=8698) to work on /opt/airflow/dags/dag_prep_2.py
[2024-03-19T23:41:09.518+0000] {processor.py:830} INFO - Processing file /opt/airflow/dags/dag_prep_2.py for tasks to queue
[2024-03-19T23:41:09.519+0000] {logging_mixin.py:188} INFO - [2024-03-19T23:41:09.519+0000] {dagbag.py:540} INFO - Filling up the DagBag from /opt/airflow/dags/dag_prep_2.py
[2024-03-19T23:41:09.801+0000] {processor.py:840} INFO - DAG(s) 'aircraft_data_processing' retrieved from /opt/airflow/dags/dag_prep_2.py
[2024-03-19T23:41:09.883+0000] {logging_mixin.py:188} INFO - [2024-03-19T23:41:09.882+0000] {override.py:1769} INFO - Created Permission View: can delete on DAG:aircraft_data_processing
[2024-03-19T23:41:09.889+0000] {logging_mixin.py:188} INFO - [2024-03-19T23:41:09.888+0000] {override.py:1769} INFO - Created Permission View: can edit on DAG:aircraft_data_processing
[2024-03-19T23:41:09.893+0000] {logging_mixin.py:188} INFO - [2024-03-19T23:41:09.893+0000] {override.py:1769} INFO - Created Permission View: can read on DAG:aircraft_data_processing
[2024-03-19T23:41:09.894+0000] {logging_mixin.py:188} INFO - [2024-03-19T23:41:09.893+0000] {dag.py:3047} INFO - Sync 1 DAGs
[2024-03-19T23:41:09.903+0000] {logging_mixin.py:188} INFO - [2024-03-19T23:41:09.903+0000] {dag.py:3069} INFO - Creating ORM DAG for aircraft_data_processing
[2024-03-19T23:41:09.904+0000] {logging_mixin.py:188} INFO - [2024-03-19T23:41:09.904+0000] {dag.py:3834} INFO - Setting next_dagrun for aircraft_data_processing to None, run_after=None
[2024-03-19T23:41:09.919+0000] {processor.py:183} INFO - Processing /opt/airflow/dags/dag_prep_2.py took 0.407 seconds
[2024-03-19T23:41:40.028+0000] {processor.py:161} INFO - Started process (PID=8711) to work on /opt/airflow/dags/dag_prep_2.py
[2024-03-19T23:41:40.030+0000] {processor.py:830} INFO - Processing file /opt/airflow/dags/dag_prep_2.py for tasks to queue
[2024-03-19T23:41:40.032+0000] {logging_mixin.py:188} INFO - [2024-03-19T23:41:40.031+0000] {dagbag.py:540} INFO - Filling up the DagBag from /opt/airflow/dags/dag_prep_2.py
[2024-03-19T23:41:40.169+0000] {processor.py:840} INFO - DAG(s) 'aircraft_data_processing' retrieved from /opt/airflow/dags/dag_prep_2.py
[2024-03-19T23:41:40.185+0000] {logging_mixin.py:188} INFO - [2024-03-19T23:41:40.184+0000] {dag.py:3047} INFO - Sync 1 DAGs
[2024-03-19T23:41:40.192+0000] {logging_mixin.py:188} INFO - [2024-03-19T23:41:40.192+0000] {dag.py:3834} INFO - Setting next_dagrun for aircraft_data_processing to None, run_after=None
[2024-03-19T23:41:40.201+0000] {processor.py:183} INFO - Processing /opt/airflow/dags/dag_prep_2.py took 0.179 seconds
[2024-03-19T23:42:10.267+0000] {processor.py:161} INFO - Started process (PID=8724) to work on /opt/airflow/dags/dag_prep_2.py
[2024-03-19T23:42:10.271+0000] {processor.py:830} INFO - Processing file /opt/airflow/dags/dag_prep_2.py for tasks to queue
[2024-03-19T23:42:10.273+0000] {logging_mixin.py:188} INFO - [2024-03-19T23:42:10.272+0000] {dagbag.py:540} INFO - Filling up the DagBag from /opt/airflow/dags/dag_prep_2.py
[2024-03-19T23:42:10.427+0000] {processor.py:840} INFO - DAG(s) 'aircraft_data_processing' retrieved from /opt/airflow/dags/dag_prep_2.py
[2024-03-19T23:42:10.442+0000] {logging_mixin.py:188} INFO - [2024-03-19T23:42:10.442+0000] {dag.py:3047} INFO - Sync 1 DAGs
[2024-03-19T23:42:10.448+0000] {logging_mixin.py:188} INFO - [2024-03-19T23:42:10.448+0000] {dag.py:3834} INFO - Setting next_dagrun for aircraft_data_processing to None, run_after=None
[2024-03-19T23:42:10.457+0000] {processor.py:183} INFO - Processing /opt/airflow/dags/dag_prep_2.py took 0.197 seconds
[2024-03-19T23:42:41.061+0000] {processor.py:161} INFO - Started process (PID=8737) to work on /opt/airflow/dags/dag_prep_2.py
[2024-03-19T23:42:41.063+0000] {processor.py:830} INFO - Processing file /opt/airflow/dags/dag_prep_2.py for tasks to queue
[2024-03-19T23:42:41.065+0000] {logging_mixin.py:188} INFO - [2024-03-19T23:42:41.064+0000] {dagbag.py:540} INFO - Filling up the DagBag from /opt/airflow/dags/dag_prep_2.py
[2024-03-19T23:42:41.208+0000] {processor.py:840} INFO - DAG(s) 'aircraft_data_processing' retrieved from /opt/airflow/dags/dag_prep_2.py
[2024-03-19T23:42:41.219+0000] {logging_mixin.py:188} INFO - [2024-03-19T23:42:41.219+0000] {dag.py:3047} INFO - Sync 1 DAGs
[2024-03-19T23:42:41.224+0000] {logging_mixin.py:188} INFO - [2024-03-19T23:42:41.224+0000] {dag.py:3834} INFO - Setting next_dagrun for aircraft_data_processing to None, run_after=None
[2024-03-19T23:42:41.233+0000] {processor.py:183} INFO - Processing /opt/airflow/dags/dag_prep_2.py took 0.180 seconds
[2024-03-19T23:43:11.596+0000] {processor.py:161} INFO - Started process (PID=8750) to work on /opt/airflow/dags/dag_prep_2.py
[2024-03-19T23:43:11.599+0000] {processor.py:830} INFO - Processing file /opt/airflow/dags/dag_prep_2.py for tasks to queue
[2024-03-19T23:43:11.601+0000] {logging_mixin.py:188} INFO - [2024-03-19T23:43:11.600+0000] {dagbag.py:540} INFO - Filling up the DagBag from /opt/airflow/dags/dag_prep_2.py
[2024-03-19T23:43:11.747+0000] {processor.py:840} INFO - DAG(s) 'aircraft_data_processing' retrieved from /opt/airflow/dags/dag_prep_2.py
[2024-03-19T23:43:11.759+0000] {logging_mixin.py:188} INFO - [2024-03-19T23:43:11.759+0000] {dag.py:3047} INFO - Sync 1 DAGs
[2024-03-19T23:43:11.766+0000] {logging_mixin.py:188} INFO - [2024-03-19T23:43:11.765+0000] {dag.py:3834} INFO - Setting next_dagrun for aircraft_data_processing to None, run_after=None
[2024-03-19T23:43:11.776+0000] {processor.py:183} INFO - Processing /opt/airflow/dags/dag_prep_2.py took 0.187 seconds
[2024-03-19T23:43:42.190+0000] {processor.py:161} INFO - Started process (PID=8763) to work on /opt/airflow/dags/dag_prep_2.py
[2024-03-19T23:43:42.193+0000] {processor.py:830} INFO - Processing file /opt/airflow/dags/dag_prep_2.py for tasks to queue
[2024-03-19T23:43:42.195+0000] {logging_mixin.py:188} INFO - [2024-03-19T23:43:42.194+0000] {dagbag.py:540} INFO - Filling up the DagBag from /opt/airflow/dags/dag_prep_2.py
[2024-03-19T23:43:42.341+0000] {processor.py:840} INFO - DAG(s) 'aircraft_data_processing' retrieved from /opt/airflow/dags/dag_prep_2.py
[2024-03-19T23:43:42.354+0000] {logging_mixin.py:188} INFO - [2024-03-19T23:43:42.354+0000] {dag.py:3047} INFO - Sync 1 DAGs
[2024-03-19T23:43:42.359+0000] {logging_mixin.py:188} INFO - [2024-03-19T23:43:42.359+0000] {dag.py:3834} INFO - Setting next_dagrun for aircraft_data_processing to None, run_after=None
[2024-03-19T23:43:42.368+0000] {processor.py:183} INFO - Processing /opt/airflow/dags/dag_prep_2.py took 0.184 seconds
[2024-03-19T23:44:12.675+0000] {processor.py:161} INFO - Started process (PID=8776) to work on /opt/airflow/dags/dag_prep_2.py
[2024-03-19T23:44:12.677+0000] {processor.py:830} INFO - Processing file /opt/airflow/dags/dag_prep_2.py for tasks to queue
[2024-03-19T23:44:12.679+0000] {logging_mixin.py:188} INFO - [2024-03-19T23:44:12.678+0000] {dagbag.py:540} INFO - Filling up the DagBag from /opt/airflow/dags/dag_prep_2.py
[2024-03-19T23:44:12.833+0000] {processor.py:840} INFO - DAG(s) 'aircraft_data_processing' retrieved from /opt/airflow/dags/dag_prep_2.py
[2024-03-19T23:44:12.844+0000] {logging_mixin.py:188} INFO - [2024-03-19T23:44:12.844+0000] {dag.py:3047} INFO - Sync 1 DAGs
[2024-03-19T23:44:12.850+0000] {logging_mixin.py:188} INFO - [2024-03-19T23:44:12.850+0000] {dag.py:3834} INFO - Setting next_dagrun for aircraft_data_processing to None, run_after=None
[2024-03-19T23:44:12.858+0000] {processor.py:183} INFO - Processing /opt/airflow/dags/dag_prep_2.py took 0.190 seconds
[2024-03-19T23:44:43.362+0000] {processor.py:161} INFO - Started process (PID=8789) to work on /opt/airflow/dags/dag_prep_2.py
[2024-03-19T23:44:43.364+0000] {processor.py:830} INFO - Processing file /opt/airflow/dags/dag_prep_2.py for tasks to queue
[2024-03-19T23:44:43.365+0000] {logging_mixin.py:188} INFO - [2024-03-19T23:44:43.364+0000] {dagbag.py:540} INFO - Filling up the DagBag from /opt/airflow/dags/dag_prep_2.py
[2024-03-19T23:44:43.730+0000] {processor.py:840} INFO - DAG(s) 'aircraft_data_processing' retrieved from /opt/airflow/dags/dag_prep_2.py
[2024-03-19T23:44:43.754+0000] {logging_mixin.py:188} INFO - [2024-03-19T23:44:43.754+0000] {dag.py:3047} INFO - Sync 1 DAGs
[2024-03-19T23:44:43.764+0000] {logging_mixin.py:188} INFO - [2024-03-19T23:44:43.763+0000] {dag.py:3834} INFO - Setting next_dagrun for aircraft_data_processing to None, run_after=None
[2024-03-19T23:44:43.773+0000] {processor.py:183} INFO - Processing /opt/airflow/dags/dag_prep_2.py took 0.416 seconds
[2024-03-19T23:46:50.178+0000] {processor.py:161} INFO - Started process (PID=8794) to work on /opt/airflow/dags/dag_prep_2.py
[2024-03-19T23:46:50.179+0000] {processor.py:830} INFO - Processing file /opt/airflow/dags/dag_prep_2.py for tasks to queue
[2024-03-19T23:46:50.181+0000] {logging_mixin.py:188} INFO - [2024-03-19T23:46:50.181+0000] {dagbag.py:540} INFO - Filling up the DagBag from /opt/airflow/dags/dag_prep_2.py
[2024-03-19T23:46:50.420+0000] {processor.py:840} INFO - DAG(s) 'aircraft_data_processing' retrieved from /opt/airflow/dags/dag_prep_2.py
[2024-03-19T23:46:50.440+0000] {logging_mixin.py:188} INFO - [2024-03-19T23:46:50.439+0000] {dag.py:3047} INFO - Sync 1 DAGs
[2024-03-19T23:46:50.447+0000] {logging_mixin.py:188} INFO - [2024-03-19T23:46:50.447+0000] {dag.py:3834} INFO - Setting next_dagrun for aircraft_data_processing to None, run_after=None
[2024-03-19T23:46:50.458+0000] {processor.py:183} INFO - Processing /opt/airflow/dags/dag_prep_2.py took 0.298 seconds
[2024-03-19T23:47:21.084+0000] {processor.py:161} INFO - Started process (PID=8807) to work on /opt/airflow/dags/dag_prep_2.py
[2024-03-19T23:47:21.089+0000] {processor.py:830} INFO - Processing file /opt/airflow/dags/dag_prep_2.py for tasks to queue
[2024-03-19T23:47:21.096+0000] {logging_mixin.py:188} INFO - [2024-03-19T23:47:21.093+0000] {dagbag.py:540} INFO - Filling up the DagBag from /opt/airflow/dags/dag_prep_2.py
[2024-03-19T23:47:21.318+0000] {processor.py:840} INFO - DAG(s) 'aircraft_data_processing' retrieved from /opt/airflow/dags/dag_prep_2.py
[2024-03-19T23:47:21.336+0000] {logging_mixin.py:188} INFO - [2024-03-19T23:47:21.336+0000] {dag.py:3047} INFO - Sync 1 DAGs
[2024-03-19T23:47:21.346+0000] {logging_mixin.py:188} INFO - [2024-03-19T23:47:21.346+0000] {dag.py:3834} INFO - Setting next_dagrun for aircraft_data_processing to None, run_after=None
[2024-03-19T23:47:21.358+0000] {processor.py:183} INFO - Processing /opt/airflow/dags/dag_prep_2.py took 0.286 seconds
[2024-03-19T23:47:51.898+0000] {processor.py:161} INFO - Started process (PID=8820) to work on /opt/airflow/dags/dag_prep_2.py
[2024-03-19T23:47:51.901+0000] {processor.py:830} INFO - Processing file /opt/airflow/dags/dag_prep_2.py for tasks to queue
[2024-03-19T23:47:51.903+0000] {logging_mixin.py:188} INFO - [2024-03-19T23:47:51.902+0000] {dagbag.py:540} INFO - Filling up the DagBag from /opt/airflow/dags/dag_prep_2.py
[2024-03-19T23:47:52.078+0000] {processor.py:840} INFO - DAG(s) 'aircraft_data_processing' retrieved from /opt/airflow/dags/dag_prep_2.py
[2024-03-19T23:47:52.094+0000] {logging_mixin.py:188} INFO - [2024-03-19T23:47:52.094+0000] {dag.py:3047} INFO - Sync 1 DAGs
[2024-03-19T23:47:52.102+0000] {logging_mixin.py:188} INFO - [2024-03-19T23:47:52.101+0000] {dag.py:3834} INFO - Setting next_dagrun for aircraft_data_processing to None, run_after=None
[2024-03-19T23:47:52.113+0000] {processor.py:183} INFO - Processing /opt/airflow/dags/dag_prep_2.py took 0.223 seconds
[2024-03-19T23:48:22.694+0000] {processor.py:161} INFO - Started process (PID=8833) to work on /opt/airflow/dags/dag_prep_2.py
[2024-03-19T23:48:22.699+0000] {processor.py:830} INFO - Processing file /opt/airflow/dags/dag_prep_2.py for tasks to queue
[2024-03-19T23:48:22.700+0000] {logging_mixin.py:188} INFO - [2024-03-19T23:48:22.700+0000] {dagbag.py:540} INFO - Filling up the DagBag from /opt/airflow/dags/dag_prep_2.py
[2024-03-19T23:48:22.895+0000] {processor.py:840} INFO - DAG(s) 'aircraft_data_processing' retrieved from /opt/airflow/dags/dag_prep_2.py
[2024-03-19T23:48:22.913+0000] {logging_mixin.py:188} INFO - [2024-03-19T23:48:22.912+0000] {dag.py:3047} INFO - Sync 1 DAGs
[2024-03-19T23:48:22.920+0000] {logging_mixin.py:188} INFO - [2024-03-19T23:48:22.920+0000] {dag.py:3834} INFO - Setting next_dagrun for aircraft_data_processing to None, run_after=None
[2024-03-19T23:48:22.930+0000] {processor.py:183} INFO - Processing /opt/airflow/dags/dag_prep_2.py took 0.245 seconds
[2024-03-19T23:48:29.185+0000] {processor.py:161} INFO - Started process (PID=8846) to work on /opt/airflow/dags/dag_prep_2.py
[2024-03-19T23:48:29.188+0000] {processor.py:830} INFO - Processing file /opt/airflow/dags/dag_prep_2.py for tasks to queue
[2024-03-19T23:48:29.189+0000] {logging_mixin.py:188} INFO - [2024-03-19T23:48:29.189+0000] {dagbag.py:540} INFO - Filling up the DagBag from /opt/airflow/dags/dag_prep_2.py
[2024-03-19T23:48:29.402+0000] {processor.py:840} INFO - DAG(s) 'aircraft_data_processing' retrieved from /opt/airflow/dags/dag_prep_2.py
[2024-03-19T23:48:29.426+0000] {logging_mixin.py:188} INFO - [2024-03-19T23:48:29.425+0000] {dag.py:3047} INFO - Sync 1 DAGs
[2024-03-19T23:48:29.435+0000] {logging_mixin.py:188} INFO - [2024-03-19T23:48:29.435+0000] {dag.py:3834} INFO - Setting next_dagrun for aircraft_data_processing to None, run_after=None
[2024-03-19T23:48:29.447+0000] {processor.py:183} INFO - Processing /opt/airflow/dags/dag_prep_2.py took 0.270 seconds
[2024-03-19T23:48:59.989+0000] {processor.py:161} INFO - Started process (PID=8859) to work on /opt/airflow/dags/dag_prep_2.py
[2024-03-19T23:48:59.992+0000] {processor.py:830} INFO - Processing file /opt/airflow/dags/dag_prep_2.py for tasks to queue
[2024-03-19T23:48:59.994+0000] {logging_mixin.py:188} INFO - [2024-03-19T23:48:59.993+0000] {dagbag.py:540} INFO - Filling up the DagBag from /opt/airflow/dags/dag_prep_2.py
[2024-03-19T23:49:00.239+0000] {processor.py:840} INFO - DAG(s) 'aircraft_data_processing' retrieved from /opt/airflow/dags/dag_prep_2.py
[2024-03-19T23:49:00.258+0000] {logging_mixin.py:188} INFO - [2024-03-19T23:49:00.257+0000] {dag.py:3047} INFO - Sync 1 DAGs
[2024-03-19T23:49:00.265+0000] {logging_mixin.py:188} INFO - [2024-03-19T23:49:00.265+0000] {dag.py:3834} INFO - Setting next_dagrun for aircraft_data_processing to None, run_after=None
[2024-03-19T23:49:00.275+0000] {processor.py:183} INFO - Processing /opt/airflow/dags/dag_prep_2.py took 0.293 seconds
[2024-03-19T23:49:30.731+0000] {processor.py:161} INFO - Started process (PID=8872) to work on /opt/airflow/dags/dag_prep_2.py
[2024-03-19T23:49:30.734+0000] {processor.py:830} INFO - Processing file /opt/airflow/dags/dag_prep_2.py for tasks to queue
[2024-03-19T23:49:30.736+0000] {logging_mixin.py:188} INFO - [2024-03-19T23:49:30.735+0000] {dagbag.py:540} INFO - Filling up the DagBag from /opt/airflow/dags/dag_prep_2.py
[2024-03-19T23:49:30.930+0000] {processor.py:840} INFO - DAG(s) 'aircraft_data_processing' retrieved from /opt/airflow/dags/dag_prep_2.py
[2024-03-19T23:49:30.949+0000] {logging_mixin.py:188} INFO - [2024-03-19T23:49:30.949+0000] {dag.py:3047} INFO - Sync 1 DAGs
[2024-03-19T23:49:30.957+0000] {logging_mixin.py:188} INFO - [2024-03-19T23:49:30.957+0000] {dag.py:3834} INFO - Setting next_dagrun for aircraft_data_processing to None, run_after=None
[2024-03-19T23:49:30.967+0000] {processor.py:183} INFO - Processing /opt/airflow/dags/dag_prep_2.py took 0.245 seconds
[2024-03-19T23:50:01.430+0000] {processor.py:161} INFO - Started process (PID=8885) to work on /opt/airflow/dags/dag_prep_2.py
[2024-03-19T23:50:01.432+0000] {processor.py:830} INFO - Processing file /opt/airflow/dags/dag_prep_2.py for tasks to queue
[2024-03-19T23:50:01.434+0000] {logging_mixin.py:188} INFO - [2024-03-19T23:50:01.434+0000] {dagbag.py:540} INFO - Filling up the DagBag from /opt/airflow/dags/dag_prep_2.py
[2024-03-19T23:50:01.663+0000] {processor.py:840} INFO - DAG(s) 'aircraft_data_processing' retrieved from /opt/airflow/dags/dag_prep_2.py
[2024-03-19T23:50:01.682+0000] {logging_mixin.py:188} INFO - [2024-03-19T23:50:01.682+0000] {dag.py:3047} INFO - Sync 1 DAGs
[2024-03-19T23:50:01.691+0000] {logging_mixin.py:188} INFO - [2024-03-19T23:50:01.690+0000] {dag.py:3834} INFO - Setting next_dagrun for aircraft_data_processing to None, run_after=None
[2024-03-19T23:50:01.723+0000] {processor.py:183} INFO - Processing /opt/airflow/dags/dag_prep_2.py took 0.300 seconds
[2024-03-19T23:50:32.164+0000] {processor.py:161} INFO - Started process (PID=8898) to work on /opt/airflow/dags/dag_prep_2.py
[2024-03-19T23:50:32.167+0000] {processor.py:830} INFO - Processing file /opt/airflow/dags/dag_prep_2.py for tasks to queue
[2024-03-19T23:50:32.168+0000] {logging_mixin.py:188} INFO - [2024-03-19T23:50:32.168+0000] {dagbag.py:540} INFO - Filling up the DagBag from /opt/airflow/dags/dag_prep_2.py
[2024-03-19T23:50:32.463+0000] {processor.py:840} INFO - DAG(s) 'aircraft_data_processing' retrieved from /opt/airflow/dags/dag_prep_2.py
[2024-03-19T23:50:32.480+0000] {logging_mixin.py:188} INFO - [2024-03-19T23:50:32.480+0000] {dag.py:3047} INFO - Sync 1 DAGs
[2024-03-19T23:50:32.488+0000] {logging_mixin.py:188} INFO - [2024-03-19T23:50:32.488+0000] {dag.py:3834} INFO - Setting next_dagrun for aircraft_data_processing to None, run_after=None
[2024-03-19T23:50:32.498+0000] {processor.py:183} INFO - Processing /opt/airflow/dags/dag_prep_2.py took 0.341 seconds
[2024-03-19T23:51:03.032+0000] {processor.py:161} INFO - Started process (PID=8912) to work on /opt/airflow/dags/dag_prep_2.py
[2024-03-19T23:51:03.034+0000] {processor.py:830} INFO - Processing file /opt/airflow/dags/dag_prep_2.py for tasks to queue
[2024-03-19T23:51:03.036+0000] {logging_mixin.py:188} INFO - [2024-03-19T23:51:03.035+0000] {dagbag.py:540} INFO - Filling up the DagBag from /opt/airflow/dags/dag_prep_2.py
[2024-03-19T23:51:03.270+0000] {processor.py:840} INFO - DAG(s) 'aircraft_data_processing' retrieved from /opt/airflow/dags/dag_prep_2.py
[2024-03-19T23:51:03.292+0000] {logging_mixin.py:188} INFO - [2024-03-19T23:51:03.291+0000] {dag.py:3047} INFO - Sync 1 DAGs
[2024-03-19T23:51:03.300+0000] {logging_mixin.py:188} INFO - [2024-03-19T23:51:03.300+0000] {dag.py:3834} INFO - Setting next_dagrun for aircraft_data_processing to None, run_after=None
[2024-03-19T23:51:03.310+0000] {processor.py:183} INFO - Processing /opt/airflow/dags/dag_prep_2.py took 0.303 seconds
[2024-03-19T23:51:33.836+0000] {processor.py:161} INFO - Started process (PID=8925) to work on /opt/airflow/dags/dag_prep_2.py
[2024-03-19T23:51:33.847+0000] {processor.py:830} INFO - Processing file /opt/airflow/dags/dag_prep_2.py for tasks to queue
[2024-03-19T23:51:33.851+0000] {logging_mixin.py:188} INFO - [2024-03-19T23:51:33.851+0000] {dagbag.py:540} INFO - Filling up the DagBag from /opt/airflow/dags/dag_prep_2.py
[2024-03-19T23:51:34.177+0000] {processor.py:840} INFO - DAG(s) 'aircraft_data_processing' retrieved from /opt/airflow/dags/dag_prep_2.py
[2024-03-19T23:51:34.212+0000] {logging_mixin.py:188} INFO - [2024-03-19T23:51:34.212+0000] {dag.py:3047} INFO - Sync 1 DAGs
[2024-03-19T23:51:34.221+0000] {logging_mixin.py:188} INFO - [2024-03-19T23:51:34.221+0000] {dag.py:3834} INFO - Setting next_dagrun for aircraft_data_processing to None, run_after=None
[2024-03-19T23:51:34.233+0000] {processor.py:183} INFO - Processing /opt/airflow/dags/dag_prep_2.py took 0.417 seconds
[2024-03-19T23:52:04.972+0000] {processor.py:161} INFO - Started process (PID=8938) to work on /opt/airflow/dags/dag_prep_2.py
[2024-03-19T23:52:04.973+0000] {processor.py:830} INFO - Processing file /opt/airflow/dags/dag_prep_2.py for tasks to queue
[2024-03-19T23:52:04.974+0000] {logging_mixin.py:188} INFO - [2024-03-19T23:52:04.974+0000] {dagbag.py:540} INFO - Filling up the DagBag from /opt/airflow/dags/dag_prep_2.py
[2024-03-19T23:52:05.172+0000] {processor.py:840} INFO - DAG(s) 'aircraft_data_processing' retrieved from /opt/airflow/dags/dag_prep_2.py
[2024-03-19T23:52:05.190+0000] {logging_mixin.py:188} INFO - [2024-03-19T23:52:05.190+0000] {dag.py:3047} INFO - Sync 1 DAGs
[2024-03-19T23:52:05.198+0000] {logging_mixin.py:188} INFO - [2024-03-19T23:52:05.198+0000] {dag.py:3834} INFO - Setting next_dagrun for aircraft_data_processing to None, run_after=None
[2024-03-19T23:52:05.207+0000] {processor.py:183} INFO - Processing /opt/airflow/dags/dag_prep_2.py took 0.240 seconds
[2024-03-19T23:52:35.749+0000] {processor.py:161} INFO - Started process (PID=8951) to work on /opt/airflow/dags/dag_prep_2.py
[2024-03-19T23:52:35.751+0000] {processor.py:830} INFO - Processing file /opt/airflow/dags/dag_prep_2.py for tasks to queue
[2024-03-19T23:52:35.753+0000] {logging_mixin.py:188} INFO - [2024-03-19T23:52:35.752+0000] {dagbag.py:540} INFO - Filling up the DagBag from /opt/airflow/dags/dag_prep_2.py
[2024-03-19T23:52:35.935+0000] {processor.py:840} INFO - DAG(s) 'aircraft_data_processing' retrieved from /opt/airflow/dags/dag_prep_2.py
[2024-03-19T23:52:35.950+0000] {logging_mixin.py:188} INFO - [2024-03-19T23:52:35.950+0000] {dag.py:3047} INFO - Sync 1 DAGs
[2024-03-19T23:52:35.958+0000] {logging_mixin.py:188} INFO - [2024-03-19T23:52:35.958+0000] {dag.py:3834} INFO - Setting next_dagrun for aircraft_data_processing to None, run_after=None
[2024-03-19T23:52:35.967+0000] {processor.py:183} INFO - Processing /opt/airflow/dags/dag_prep_2.py took 0.225 seconds
[2024-03-19T23:53:06.334+0000] {processor.py:161} INFO - Started process (PID=8964) to work on /opt/airflow/dags/dag_prep_2.py
[2024-03-19T23:53:06.336+0000] {processor.py:830} INFO - Processing file /opt/airflow/dags/dag_prep_2.py for tasks to queue
[2024-03-19T23:53:06.338+0000] {logging_mixin.py:188} INFO - [2024-03-19T23:53:06.337+0000] {dagbag.py:540} INFO - Filling up the DagBag from /opt/airflow/dags/dag_prep_2.py
[2024-03-19T23:53:06.563+0000] {processor.py:840} INFO - DAG(s) 'aircraft_data_processing' retrieved from /opt/airflow/dags/dag_prep_2.py
[2024-03-19T23:53:06.587+0000] {logging_mixin.py:188} INFO - [2024-03-19T23:53:06.586+0000] {dag.py:3047} INFO - Sync 1 DAGs
[2024-03-19T23:53:06.599+0000] {logging_mixin.py:188} INFO - [2024-03-19T23:53:06.599+0000] {dag.py:3834} INFO - Setting next_dagrun for aircraft_data_processing to None, run_after=None
[2024-03-19T23:53:06.617+0000] {processor.py:183} INFO - Processing /opt/airflow/dags/dag_prep_2.py took 0.288 seconds
[2024-03-19T23:53:36.994+0000] {processor.py:161} INFO - Started process (PID=8977) to work on /opt/airflow/dags/dag_prep_2.py
[2024-03-19T23:53:36.997+0000] {processor.py:830} INFO - Processing file /opt/airflow/dags/dag_prep_2.py for tasks to queue
[2024-03-19T23:53:36.998+0000] {logging_mixin.py:188} INFO - [2024-03-19T23:53:36.997+0000] {dagbag.py:540} INFO - Filling up the DagBag from /opt/airflow/dags/dag_prep_2.py
[2024-03-19T23:53:37.257+0000] {processor.py:840} INFO - DAG(s) 'aircraft_data_processing' retrieved from /opt/airflow/dags/dag_prep_2.py
[2024-03-19T23:53:37.279+0000] {logging_mixin.py:188} INFO - [2024-03-19T23:53:37.279+0000] {dag.py:3047} INFO - Sync 1 DAGs
[2024-03-19T23:53:37.288+0000] {logging_mixin.py:188} INFO - [2024-03-19T23:53:37.288+0000] {dag.py:3834} INFO - Setting next_dagrun for aircraft_data_processing to None, run_after=None
[2024-03-19T23:53:37.309+0000] {processor.py:183} INFO - Processing /opt/airflow/dags/dag_prep_2.py took 0.320 seconds
[2024-03-19T23:54:07.705+0000] {processor.py:161} INFO - Started process (PID=8990) to work on /opt/airflow/dags/dag_prep_2.py
[2024-03-19T23:54:07.708+0000] {processor.py:830} INFO - Processing file /opt/airflow/dags/dag_prep_2.py for tasks to queue
[2024-03-19T23:54:07.710+0000] {logging_mixin.py:188} INFO - [2024-03-19T23:54:07.710+0000] {dagbag.py:540} INFO - Filling up the DagBag from /opt/airflow/dags/dag_prep_2.py
[2024-03-19T23:54:07.927+0000] {processor.py:840} INFO - DAG(s) 'aircraft_data_processing' retrieved from /opt/airflow/dags/dag_prep_2.py
[2024-03-19T23:54:07.954+0000] {logging_mixin.py:188} INFO - [2024-03-19T23:54:07.953+0000] {dag.py:3047} INFO - Sync 1 DAGs
[2024-03-19T23:54:07.966+0000] {logging_mixin.py:188} INFO - [2024-03-19T23:54:07.965+0000] {dag.py:3834} INFO - Setting next_dagrun for aircraft_data_processing to None, run_after=None
[2024-03-19T23:54:07.999+0000] {processor.py:183} INFO - Processing /opt/airflow/dags/dag_prep_2.py took 0.303 seconds
[2024-03-19T23:54:38.522+0000] {processor.py:161} INFO - Started process (PID=9003) to work on /opt/airflow/dags/dag_prep_2.py
[2024-03-19T23:54:38.525+0000] {processor.py:830} INFO - Processing file /opt/airflow/dags/dag_prep_2.py for tasks to queue
[2024-03-19T23:54:38.527+0000] {logging_mixin.py:188} INFO - [2024-03-19T23:54:38.526+0000] {dagbag.py:540} INFO - Filling up the DagBag from /opt/airflow/dags/dag_prep_2.py
[2024-03-19T23:54:38.748+0000] {processor.py:840} INFO - DAG(s) 'aircraft_data_processing' retrieved from /opt/airflow/dags/dag_prep_2.py
[2024-03-19T23:54:38.789+0000] {logging_mixin.py:188} INFO - [2024-03-19T23:54:38.789+0000] {dag.py:3047} INFO - Sync 1 DAGs
[2024-03-19T23:54:38.797+0000] {logging_mixin.py:188} INFO - [2024-03-19T23:54:38.797+0000] {dag.py:3834} INFO - Setting next_dagrun for aircraft_data_processing to None, run_after=None
[2024-03-19T23:54:38.808+0000] {processor.py:183} INFO - Processing /opt/airflow/dags/dag_prep_2.py took 0.322 seconds
[2024-03-19T23:55:09.253+0000] {processor.py:161} INFO - Started process (PID=9016) to work on /opt/airflow/dags/dag_prep_2.py
[2024-03-19T23:55:09.257+0000] {processor.py:830} INFO - Processing file /opt/airflow/dags/dag_prep_2.py for tasks to queue
[2024-03-19T23:55:09.258+0000] {logging_mixin.py:188} INFO - [2024-03-19T23:55:09.258+0000] {dagbag.py:540} INFO - Filling up the DagBag from /opt/airflow/dags/dag_prep_2.py
[2024-03-19T23:55:09.469+0000] {processor.py:840} INFO - DAG(s) 'aircraft_data_processing' retrieved from /opt/airflow/dags/dag_prep_2.py
[2024-03-19T23:55:09.490+0000] {logging_mixin.py:188} INFO - [2024-03-19T23:55:09.489+0000] {dag.py:3047} INFO - Sync 1 DAGs
[2024-03-19T23:55:09.498+0000] {logging_mixin.py:188} INFO - [2024-03-19T23:55:09.498+0000] {dag.py:3834} INFO - Setting next_dagrun for aircraft_data_processing to None, run_after=None
[2024-03-19T23:55:09.508+0000] {processor.py:183} INFO - Processing /opt/airflow/dags/dag_prep_2.py took 0.274 seconds
[2024-03-19T23:55:40.023+0000] {processor.py:161} INFO - Started process (PID=9029) to work on /opt/airflow/dags/dag_prep_2.py
[2024-03-19T23:55:40.026+0000] {processor.py:830} INFO - Processing file /opt/airflow/dags/dag_prep_2.py for tasks to queue
[2024-03-19T23:55:40.028+0000] {logging_mixin.py:188} INFO - [2024-03-19T23:55:40.027+0000] {dagbag.py:540} INFO - Filling up the DagBag from /opt/airflow/dags/dag_prep_2.py
[2024-03-19T23:55:40.266+0000] {processor.py:840} INFO - DAG(s) 'aircraft_data_processing' retrieved from /opt/airflow/dags/dag_prep_2.py
[2024-03-19T23:55:40.287+0000] {logging_mixin.py:188} INFO - [2024-03-19T23:55:40.287+0000] {dag.py:3047} INFO - Sync 1 DAGs
[2024-03-19T23:55:40.296+0000] {logging_mixin.py:188} INFO - [2024-03-19T23:55:40.296+0000] {dag.py:3834} INFO - Setting next_dagrun for aircraft_data_processing to None, run_after=None
[2024-03-19T23:55:40.308+0000] {processor.py:183} INFO - Processing /opt/airflow/dags/dag_prep_2.py took 0.292 seconds
[2024-03-19T23:56:10.779+0000] {processor.py:161} INFO - Started process (PID=9042) to work on /opt/airflow/dags/dag_prep_2.py
[2024-03-19T23:56:10.780+0000] {processor.py:830} INFO - Processing file /opt/airflow/dags/dag_prep_2.py for tasks to queue
[2024-03-19T23:56:10.782+0000] {logging_mixin.py:188} INFO - [2024-03-19T23:56:10.781+0000] {dagbag.py:540} INFO - Filling up the DagBag from /opt/airflow/dags/dag_prep_2.py
[2024-03-19T23:56:11.027+0000] {processor.py:840} INFO - DAG(s) 'aircraft_data_processing' retrieved from /opt/airflow/dags/dag_prep_2.py
[2024-03-19T23:56:11.049+0000] {logging_mixin.py:188} INFO - [2024-03-19T23:56:11.049+0000] {dag.py:3047} INFO - Sync 1 DAGs
[2024-03-19T23:56:11.058+0000] {logging_mixin.py:188} INFO - [2024-03-19T23:56:11.058+0000] {dag.py:3834} INFO - Setting next_dagrun for aircraft_data_processing to None, run_after=None
[2024-03-19T23:56:11.069+0000] {processor.py:183} INFO - Processing /opt/airflow/dags/dag_prep_2.py took 0.297 seconds
[2024-03-19T23:56:41.493+0000] {processor.py:161} INFO - Started process (PID=9055) to work on /opt/airflow/dags/dag_prep_2.py
[2024-03-19T23:56:41.494+0000] {processor.py:830} INFO - Processing file /opt/airflow/dags/dag_prep_2.py for tasks to queue
[2024-03-19T23:56:41.495+0000] {logging_mixin.py:188} INFO - [2024-03-19T23:56:41.495+0000] {dagbag.py:540} INFO - Filling up the DagBag from /opt/airflow/dags/dag_prep_2.py
[2024-03-19T23:56:41.683+0000] {processor.py:840} INFO - DAG(s) 'aircraft_data_processing' retrieved from /opt/airflow/dags/dag_prep_2.py
[2024-03-19T23:56:41.703+0000] {logging_mixin.py:188} INFO - [2024-03-19T23:56:41.703+0000] {dag.py:3047} INFO - Sync 1 DAGs
[2024-03-19T23:56:41.711+0000] {logging_mixin.py:188} INFO - [2024-03-19T23:56:41.711+0000] {dag.py:3834} INFO - Setting next_dagrun for aircraft_data_processing to None, run_after=None
[2024-03-19T23:56:41.722+0000] {processor.py:183} INFO - Processing /opt/airflow/dags/dag_prep_2.py took 0.234 seconds
[2024-03-19T23:57:12.498+0000] {processor.py:161} INFO - Started process (PID=9068) to work on /opt/airflow/dags/dag_prep_2.py
[2024-03-19T23:57:12.500+0000] {processor.py:830} INFO - Processing file /opt/airflow/dags/dag_prep_2.py for tasks to queue
[2024-03-19T23:57:12.502+0000] {logging_mixin.py:188} INFO - [2024-03-19T23:57:12.501+0000] {dagbag.py:540} INFO - Filling up the DagBag from /opt/airflow/dags/dag_prep_2.py
[2024-03-19T23:57:12.701+0000] {processor.py:840} INFO - DAG(s) 'aircraft_data_processing' retrieved from /opt/airflow/dags/dag_prep_2.py
[2024-03-19T23:57:12.723+0000] {logging_mixin.py:188} INFO - [2024-03-19T23:57:12.723+0000] {dag.py:3047} INFO - Sync 1 DAGs
[2024-03-19T23:57:12.731+0000] {logging_mixin.py:188} INFO - [2024-03-19T23:57:12.731+0000] {dag.py:3834} INFO - Setting next_dagrun for aircraft_data_processing to None, run_after=None
[2024-03-19T23:57:12.740+0000] {processor.py:183} INFO - Processing /opt/airflow/dags/dag_prep_2.py took 0.249 seconds
[2024-03-19T23:57:43.302+0000] {processor.py:161} INFO - Started process (PID=9081) to work on /opt/airflow/dags/dag_prep_2.py
[2024-03-19T23:57:43.305+0000] {processor.py:830} INFO - Processing file /opt/airflow/dags/dag_prep_2.py for tasks to queue
[2024-03-19T23:57:43.306+0000] {logging_mixin.py:188} INFO - [2024-03-19T23:57:43.306+0000] {dagbag.py:540} INFO - Filling up the DagBag from /opt/airflow/dags/dag_prep_2.py
[2024-03-19T23:57:43.519+0000] {processor.py:840} INFO - DAG(s) 'aircraft_data_processing' retrieved from /opt/airflow/dags/dag_prep_2.py
[2024-03-19T23:57:43.538+0000] {logging_mixin.py:188} INFO - [2024-03-19T23:57:43.538+0000] {dag.py:3047} INFO - Sync 1 DAGs
[2024-03-19T23:57:43.549+0000] {logging_mixin.py:188} INFO - [2024-03-19T23:57:43.548+0000] {dag.py:3834} INFO - Setting next_dagrun for aircraft_data_processing to None, run_after=None
[2024-03-19T23:57:43.561+0000] {processor.py:183} INFO - Processing /opt/airflow/dags/dag_prep_2.py took 0.264 seconds
[2024-03-19T23:58:14.000+0000] {processor.py:161} INFO - Started process (PID=9094) to work on /opt/airflow/dags/dag_prep_2.py
[2024-03-19T23:58:14.003+0000] {processor.py:830} INFO - Processing file /opt/airflow/dags/dag_prep_2.py for tasks to queue
[2024-03-19T23:58:14.004+0000] {logging_mixin.py:188} INFO - [2024-03-19T23:58:14.004+0000] {dagbag.py:540} INFO - Filling up the DagBag from /opt/airflow/dags/dag_prep_2.py
[2024-03-19T23:58:14.180+0000] {processor.py:840} INFO - DAG(s) 'aircraft_data_processing' retrieved from /opt/airflow/dags/dag_prep_2.py
[2024-03-19T23:58:14.193+0000] {logging_mixin.py:188} INFO - [2024-03-19T23:58:14.193+0000] {dag.py:3047} INFO - Sync 1 DAGs
[2024-03-19T23:58:14.199+0000] {logging_mixin.py:188} INFO - [2024-03-19T23:58:14.199+0000] {dag.py:3834} INFO - Setting next_dagrun for aircraft_data_processing to None, run_after=None
[2024-03-19T23:58:14.210+0000] {processor.py:183} INFO - Processing /opt/airflow/dags/dag_prep_2.py took 0.214 seconds
[2024-03-19T23:58:44.600+0000] {processor.py:161} INFO - Started process (PID=9107) to work on /opt/airflow/dags/dag_prep_2.py
[2024-03-19T23:58:44.603+0000] {processor.py:830} INFO - Processing file /opt/airflow/dags/dag_prep_2.py for tasks to queue
[2024-03-19T23:58:44.604+0000] {logging_mixin.py:188} INFO - [2024-03-19T23:58:44.604+0000] {dagbag.py:540} INFO - Filling up the DagBag from /opt/airflow/dags/dag_prep_2.py
[2024-03-19T23:58:44.755+0000] {processor.py:840} INFO - DAG(s) 'aircraft_data_processing' retrieved from /opt/airflow/dags/dag_prep_2.py
[2024-03-19T23:58:44.768+0000] {logging_mixin.py:188} INFO - [2024-03-19T23:58:44.768+0000] {dag.py:3047} INFO - Sync 1 DAGs
[2024-03-19T23:58:44.774+0000] {logging_mixin.py:188} INFO - [2024-03-19T23:58:44.774+0000] {dag.py:3834} INFO - Setting next_dagrun for aircraft_data_processing to None, run_after=None
[2024-03-19T23:58:44.782+0000] {processor.py:183} INFO - Processing /opt/airflow/dags/dag_prep_2.py took 0.189 seconds
[2024-03-19T23:59:15.507+0000] {processor.py:161} INFO - Started process (PID=9120) to work on /opt/airflow/dags/dag_prep_2.py
[2024-03-19T23:59:15.512+0000] {processor.py:830} INFO - Processing file /opt/airflow/dags/dag_prep_2.py for tasks to queue
[2024-03-19T23:59:15.514+0000] {logging_mixin.py:188} INFO - [2024-03-19T23:59:15.513+0000] {dagbag.py:540} INFO - Filling up the DagBag from /opt/airflow/dags/dag_prep_2.py
[2024-03-19T23:59:15.839+0000] {processor.py:840} INFO - DAG(s) 'aircraft_data_processing' retrieved from /opt/airflow/dags/dag_prep_2.py
[2024-03-19T23:59:15.865+0000] {logging_mixin.py:188} INFO - [2024-03-19T23:59:15.865+0000] {dag.py:3047} INFO - Sync 1 DAGs
[2024-03-19T23:59:15.876+0000] {logging_mixin.py:188} INFO - [2024-03-19T23:59:15.875+0000] {dag.py:3834} INFO - Setting next_dagrun for aircraft_data_processing to None, run_after=None
[2024-03-19T23:59:15.887+0000] {processor.py:183} INFO - Processing /opt/airflow/dags/dag_prep_2.py took 0.398 seconds
[2024-03-19T23:59:46.752+0000] {processor.py:161} INFO - Started process (PID=9133) to work on /opt/airflow/dags/dag_prep_2.py
[2024-03-19T23:59:46.756+0000] {processor.py:830} INFO - Processing file /opt/airflow/dags/dag_prep_2.py for tasks to queue
[2024-03-19T23:59:46.759+0000] {logging_mixin.py:188} INFO - [2024-03-19T23:59:46.758+0000] {dagbag.py:540} INFO - Filling up the DagBag from /opt/airflow/dags/dag_prep_2.py
[2024-03-19T23:59:47.017+0000] {processor.py:840} INFO - DAG(s) 'aircraft_data_processing' retrieved from /opt/airflow/dags/dag_prep_2.py
[2024-03-19T23:59:47.037+0000] {logging_mixin.py:188} INFO - [2024-03-19T23:59:47.037+0000] {dag.py:3047} INFO - Sync 1 DAGs
[2024-03-19T23:59:47.045+0000] {logging_mixin.py:188} INFO - [2024-03-19T23:59:47.045+0000] {dag.py:3834} INFO - Setting next_dagrun for aircraft_data_processing to None, run_after=None
[2024-03-19T23:59:47.055+0000] {processor.py:183} INFO - Processing /opt/airflow/dags/dag_prep_2.py took 0.320 seconds
