[2024-03-13T20:31:18.122+0000] {taskinstance.py:1979} INFO - Dependencies all met for dep_context=non-requeueable deps ti=<TaskInstance: download_readsb_hist.download_data manual__2024-03-13T20:31:15.120213+00:00 [queued]>
[2024-03-13T20:31:18.125+0000] {taskinstance.py:1979} INFO - Dependencies all met for dep_context=requeueable deps ti=<TaskInstance: download_readsb_hist.download_data manual__2024-03-13T20:31:15.120213+00:00 [queued]>
[2024-03-13T20:31:18.125+0000] {taskinstance.py:2193} INFO - Starting attempt 1 of 2
[2024-03-13T20:31:18.131+0000] {taskinstance.py:2214} INFO - Executing <Task(PythonOperator): download_data> on 2024-03-13 20:31:15.120213+00:00
[2024-03-13T20:31:18.133+0000] {standard_task_runner.py:60} INFO - Started process 692 to run task
[2024-03-13T20:31:18.136+0000] {standard_task_runner.py:87} INFO - Running: ['***', 'tasks', 'run', 'download_readsb_hist', 'download_data', 'manual__2024-03-13T20:31:15.120213+00:00', '--job-id', '19', '--raw', '--subdir', 'DAGS_FOLDER/dag_download.py', '--cfg-path', '/tmp/tmp_m4ntifr']
[2024-03-13T20:31:18.138+0000] {standard_task_runner.py:88} INFO - Job 19: Subtask download_data
[2024-03-13T20:31:18.161+0000] {task_command.py:423} INFO - Running <TaskInstance: download_readsb_hist.download_data manual__2024-03-13T20:31:15.120213+00:00 [running]> on host 33271a7f5777
[2024-03-13T20:31:18.195+0000] {taskinstance.py:2510} INFO - Exporting env vars: AIRFLOW_CTX_DAG_OWNER='***' AIRFLOW_CTX_DAG_ID='download_readsb_hist' AIRFLOW_CTX_TASK_ID='download_data' AIRFLOW_CTX_EXECUTION_DATE='2024-03-13T20:31:15.120213+00:00' AIRFLOW_CTX_TRY_NUMBER='1' AIRFLOW_CTX_DAG_RUN_ID='manual__2024-03-13T20:31:15.120213+00:00'
[2024-03-13T20:31:18.196+0000] {logging_mixin.py:188} INFO - Initializing S3 client...
[2024-03-13T20:31:18.341+0000] {logging_mixin.py:188} INFO - Fetching data index from https://samples.adsbexchange.com/readsb-hist/2024/03/01/
[2024-03-13T20:31:35.181+0000] {logging_mixin.py:188} INFO - Processing file: 000000Z.json.gz
[2024-03-13T20:31:35.406+0000] {logging_mixin.py:188} INFO - Uploading 000000Z.json.gz to S3...
[2024-03-13T20:31:39.582+0000] {logging_mixin.py:188} INFO - 000000Z.json.gz uploaded and local copy deleted.
[2024-03-13T20:31:39.585+0000] {logging_mixin.py:188} INFO - Processing file: 000005Z.json.gz
[2024-03-13T20:31:39.822+0000] {logging_mixin.py:188} INFO - Uploading 000005Z.json.gz to S3...
[2024-03-13T20:31:41.478+0000] {logging_mixin.py:188} INFO - 000005Z.json.gz uploaded and local copy deleted.
[2024-03-13T20:31:41.480+0000] {logging_mixin.py:188} INFO - Processing file: 000010Z.json.gz
[2024-03-13T20:31:41.714+0000] {logging_mixin.py:188} INFO - Uploading 000010Z.json.gz to S3...
[2024-03-13T20:31:42.648+0000] {logging_mixin.py:188} INFO - 000010Z.json.gz uploaded and local copy deleted.
[2024-03-13T20:31:42.650+0000] {logging_mixin.py:188} INFO - Processing file: 000015Z.json.gz
[2024-03-13T20:31:42.880+0000] {logging_mixin.py:188} INFO - Uploading 000015Z.json.gz to S3...
[2024-03-13T20:31:43.675+0000] {logging_mixin.py:188} INFO - 000015Z.json.gz uploaded and local copy deleted.
[2024-03-13T20:31:43.677+0000] {logging_mixin.py:188} INFO - Processing file: 000020Z.json.gz
[2024-03-13T20:31:43.942+0000] {logging_mixin.py:188} INFO - Uploading 000020Z.json.gz to S3...
[2024-03-13T20:31:44.626+0000] {logging_mixin.py:188} INFO - 000020Z.json.gz uploaded and local copy deleted.
[2024-03-13T20:31:44.626+0000] {logging_mixin.py:188} INFO - Processing file: 000025Z.json.gz
[2024-03-13T20:31:44.904+0000] {logging_mixin.py:188} INFO - Uploading 000025Z.json.gz to S3...
[2024-03-13T20:31:45.444+0000] {logging_mixin.py:188} INFO - 000025Z.json.gz uploaded and local copy deleted.
[2024-03-13T20:31:45.446+0000] {logging_mixin.py:188} INFO - Processing file: 000030Z.json.gz
[2024-03-13T20:31:45.687+0000] {logging_mixin.py:188} INFO - Uploading 000030Z.json.gz to S3...
[2024-03-13T20:31:46.241+0000] {logging_mixin.py:188} INFO - 000030Z.json.gz uploaded and local copy deleted.
[2024-03-13T20:31:46.243+0000] {logging_mixin.py:188} INFO - Processing file: 000035Z.json.gz
[2024-03-13T20:31:46.452+0000] {logging_mixin.py:188} INFO - Uploading 000035Z.json.gz to S3...
[2024-03-13T20:31:46.862+0000] {logging_mixin.py:188} INFO - 000035Z.json.gz uploaded and local copy deleted.
[2024-03-13T20:31:46.864+0000] {logging_mixin.py:188} INFO - Processing file: 000040Z.json.gz
[2024-03-13T20:31:47.148+0000] {logging_mixin.py:188} INFO - Uploading 000040Z.json.gz to S3...
[2024-03-13T20:31:47.580+0000] {logging_mixin.py:188} INFO - 000040Z.json.gz uploaded and local copy deleted.
[2024-03-13T20:31:47.582+0000] {logging_mixin.py:188} INFO - Processing file: 000045Z.json.gz
[2024-03-13T20:31:48.092+0000] {logging_mixin.py:188} INFO - Uploading 000045Z.json.gz to S3...
[2024-03-13T20:31:48.822+0000] {logging_mixin.py:188} INFO - 000045Z.json.gz uploaded and local copy deleted.
[2024-03-13T20:31:48.824+0000] {logging_mixin.py:188} INFO - Processing file: 000050Z.json.gz
[2024-03-13T20:31:49.093+0000] {logging_mixin.py:188} INFO - Uploading 000050Z.json.gz to S3...
[2024-03-13T20:31:49.848+0000] {logging_mixin.py:188} INFO - 000050Z.json.gz uploaded and local copy deleted.
[2024-03-13T20:31:49.851+0000] {logging_mixin.py:188} INFO - Processing file: 000055Z.json.gz
[2024-03-13T20:31:50.103+0000] {logging_mixin.py:188} INFO - Uploading 000055Z.json.gz to S3...
[2024-03-13T20:31:50.924+0000] {logging_mixin.py:188} INFO - 000055Z.json.gz uploaded and local copy deleted.
[2024-03-13T20:31:50.924+0000] {logging_mixin.py:188} INFO - Processing file: 000100Z.json.gz
[2024-03-13T20:31:51.164+0000] {logging_mixin.py:188} INFO - Uploading 000100Z.json.gz to S3...
[2024-03-13T20:31:52.122+0000] {logging_mixin.py:188} INFO - 000100Z.json.gz uploaded and local copy deleted.
[2024-03-13T20:31:52.124+0000] {logging_mixin.py:188} INFO - Processing file: 000105Z.json.gz
[2024-03-13T20:31:52.429+0000] {logging_mixin.py:188} INFO - Uploading 000105Z.json.gz to S3...
[2024-03-13T20:31:53.397+0000] {logging_mixin.py:188} INFO - 000105Z.json.gz uploaded and local copy deleted.
[2024-03-13T20:31:53.398+0000] {logging_mixin.py:188} INFO - Processing file: 000110Z.json.gz
[2024-03-13T20:31:53.597+0000] {logging_mixin.py:188} INFO - Uploading 000110Z.json.gz to S3...
[2024-03-13T20:31:54.366+0000] {logging_mixin.py:188} INFO - 000110Z.json.gz uploaded and local copy deleted.
[2024-03-13T20:31:54.369+0000] {logging_mixin.py:188} INFO - Processing file: 000115Z.json.gz
[2024-03-13T20:31:54.609+0000] {logging_mixin.py:188} INFO - Uploading 000115Z.json.gz to S3...
[2024-03-13T20:31:55.171+0000] {logging_mixin.py:188} INFO - 000115Z.json.gz uploaded and local copy deleted.
[2024-03-13T20:31:55.172+0000] {logging_mixin.py:188} INFO - Processing file: 000120Z.json.gz
[2024-03-13T20:31:55.431+0000] {logging_mixin.py:188} INFO - Uploading 000120Z.json.gz to S3...
[2024-03-13T20:31:56.084+0000] {logging_mixin.py:188} INFO - 000120Z.json.gz uploaded and local copy deleted.
[2024-03-13T20:31:56.085+0000] {logging_mixin.py:188} INFO - Processing file: 000125Z.json.gz
[2024-03-13T20:32:02.401+0000] {logging_mixin.py:188} INFO - Uploading 000125Z.json.gz to S3...
[2024-03-13T20:32:07.693+0000] {logging_mixin.py:188} INFO - 000125Z.json.gz uploaded and local copy deleted.
[2024-03-13T20:32:07.696+0000] {logging_mixin.py:188} INFO - Processing file: 000130Z.json.gz
[2024-03-13T20:32:09.250+0000] {logging_mixin.py:188} INFO - Uploading 000130Z.json.gz to S3...
[2024-03-13T20:32:11.320+0000] {logging_mixin.py:188} INFO - 000130Z.json.gz uploaded and local copy deleted.
[2024-03-13T20:32:11.322+0000] {logging_mixin.py:188} INFO - Processing file: 000135Z.json.gz
[2024-03-13T20:32:11.595+0000] {logging_mixin.py:188} INFO - Uploading 000135Z.json.gz to S3...
[2024-03-13T20:32:12.994+0000] {logging_mixin.py:188} INFO - 000135Z.json.gz uploaded and local copy deleted.
[2024-03-13T20:32:12.996+0000] {logging_mixin.py:188} INFO - Processing file: 000140Z.json.gz
[2024-03-13T20:32:13.244+0000] {logging_mixin.py:188} INFO - Uploading 000140Z.json.gz to S3...
[2024-03-13T20:32:14.162+0000] {logging_mixin.py:188} INFO - 000140Z.json.gz uploaded and local copy deleted.
[2024-03-13T20:32:14.164+0000] {logging_mixin.py:188} INFO - Processing file: 000145Z.json.gz
[2024-03-13T20:32:14.377+0000] {logging_mixin.py:188} INFO - Uploading 000145Z.json.gz to S3...
[2024-03-13T20:32:15.088+0000] {logging_mixin.py:188} INFO - 000145Z.json.gz uploaded and local copy deleted.
[2024-03-13T20:32:15.089+0000] {logging_mixin.py:188} INFO - Processing file: 000150Z.json.gz
[2024-03-13T20:32:15.369+0000] {logging_mixin.py:188} INFO - Uploading 000150Z.json.gz to S3...
[2024-03-13T20:32:15.941+0000] {logging_mixin.py:188} INFO - 000150Z.json.gz uploaded and local copy deleted.
[2024-03-13T20:32:15.943+0000] {logging_mixin.py:188} INFO - Processing file: 000155Z.json.gz
[2024-03-13T20:32:16.157+0000] {logging_mixin.py:188} INFO - Uploading 000155Z.json.gz to S3...
[2024-03-13T20:32:16.829+0000] {logging_mixin.py:188} INFO - 000155Z.json.gz uploaded and local copy deleted.
[2024-03-13T20:32:16.831+0000] {logging_mixin.py:188} INFO - Processing file: 000200Z.json.gz
[2024-03-13T20:32:17.103+0000] {logging_mixin.py:188} INFO - Uploading 000200Z.json.gz to S3...
[2024-03-13T20:32:17.669+0000] {logging_mixin.py:188} INFO - 000200Z.json.gz uploaded and local copy deleted.
[2024-03-13T20:32:17.671+0000] {logging_mixin.py:188} INFO - Processing file: 000205Z.json.gz
[2024-03-13T20:32:17.961+0000] {logging_mixin.py:188} INFO - Uploading 000205Z.json.gz to S3...
[2024-03-13T20:32:18.523+0000] {logging_mixin.py:188} INFO - 000205Z.json.gz uploaded and local copy deleted.
[2024-03-13T20:32:18.524+0000] {logging_mixin.py:188} INFO - Processing file: 000210Z.json.gz
[2024-03-13T20:32:18.792+0000] {logging_mixin.py:188} INFO - Uploading 000210Z.json.gz to S3...
[2024-03-13T20:32:19.290+0000] {logging_mixin.py:188} INFO - 000210Z.json.gz uploaded and local copy deleted.
[2024-03-13T20:32:19.291+0000] {logging_mixin.py:188} INFO - Processing file: 000215Z.json.gz
[2024-03-13T20:32:19.547+0000] {logging_mixin.py:188} INFO - Uploading 000215Z.json.gz to S3...
[2024-03-13T20:32:19.997+0000] {logging_mixin.py:188} INFO - 000215Z.json.gz uploaded and local copy deleted.
[2024-03-13T20:32:19.999+0000] {logging_mixin.py:188} INFO - Processing file: 000220Z.json.gz
[2024-03-13T20:32:20.330+0000] {logging_mixin.py:188} INFO - Uploading 000220Z.json.gz to S3...
[2024-03-13T20:32:20.819+0000] {logging_mixin.py:188} INFO - 000220Z.json.gz uploaded and local copy deleted.
[2024-03-13T20:32:20.822+0000] {logging_mixin.py:188} INFO - Processing file: 000225Z.json.gz
[2024-03-13T20:32:21.075+0000] {logging_mixin.py:188} INFO - Uploading 000225Z.json.gz to S3...
[2024-03-13T20:32:21.519+0000] {logging_mixin.py:188} INFO - 000225Z.json.gz uploaded and local copy deleted.
[2024-03-13T20:32:21.521+0000] {logging_mixin.py:188} INFO - Processing file: 000230Z.json.gz
[2024-03-13T20:32:21.783+0000] {logging_mixin.py:188} INFO - Uploading 000230Z.json.gz to S3...
[2024-03-13T20:32:22.332+0000] {logging_mixin.py:188} INFO - 000230Z.json.gz uploaded and local copy deleted.
[2024-03-13T20:32:22.333+0000] {logging_mixin.py:188} INFO - Processing file: 000235Z.json.gz
[2024-03-13T20:32:22.572+0000] {logging_mixin.py:188} INFO - Uploading 000235Z.json.gz to S3...
[2024-03-13T20:32:23.195+0000] {logging_mixin.py:188} INFO - 000235Z.json.gz uploaded and local copy deleted.
[2024-03-13T20:32:23.197+0000] {logging_mixin.py:188} INFO - Processing file: 000240Z.json.gz
[2024-03-13T20:32:23.473+0000] {logging_mixin.py:188} INFO - Uploading 000240Z.json.gz to S3...
[2024-03-13T20:32:24.318+0000] {logging_mixin.py:188} INFO - 000240Z.json.gz uploaded and local copy deleted.
[2024-03-13T20:32:24.320+0000] {logging_mixin.py:188} INFO - Processing file: 000245Z.json.gz
[2024-03-13T20:32:24.586+0000] {logging_mixin.py:188} INFO - Uploading 000245Z.json.gz to S3...
[2024-03-13T20:32:25.314+0000] {logging_mixin.py:188} INFO - 000245Z.json.gz uploaded and local copy deleted.
[2024-03-13T20:32:25.316+0000] {logging_mixin.py:188} INFO - Processing file: 000250Z.json.gz
[2024-03-13T20:32:25.624+0000] {logging_mixin.py:188} INFO - Uploading 000250Z.json.gz to S3...
[2024-03-13T20:32:26.180+0000] {logging_mixin.py:188} INFO - 000250Z.json.gz uploaded and local copy deleted.
[2024-03-13T20:32:26.181+0000] {logging_mixin.py:188} INFO - Processing file: 000255Z.json.gz
[2024-03-13T20:32:26.459+0000] {logging_mixin.py:188} INFO - Uploading 000255Z.json.gz to S3...
[2024-03-13T20:32:26.901+0000] {logging_mixin.py:188} INFO - 000255Z.json.gz uploaded and local copy deleted.
[2024-03-13T20:32:26.903+0000] {logging_mixin.py:188} INFO - Processing file: 000300Z.json.gz
[2024-03-13T20:32:27.163+0000] {logging_mixin.py:188} INFO - Uploading 000300Z.json.gz to S3...
[2024-03-13T20:32:27.587+0000] {logging_mixin.py:188} INFO - 000300Z.json.gz uploaded and local copy deleted.
[2024-03-13T20:32:27.589+0000] {logging_mixin.py:188} INFO - Processing file: 000305Z.json.gz
[2024-03-13T20:32:27.822+0000] {logging_mixin.py:188} INFO - Uploading 000305Z.json.gz to S3...
[2024-03-13T20:32:28.368+0000] {logging_mixin.py:188} INFO - 000305Z.json.gz uploaded and local copy deleted.
[2024-03-13T20:32:28.370+0000] {logging_mixin.py:188} INFO - Processing file: 000310Z.json.gz
[2024-03-13T20:32:28.648+0000] {logging_mixin.py:188} INFO - Uploading 000310Z.json.gz to S3...
[2024-03-13T20:32:29.127+0000] {logging_mixin.py:188} INFO - 000310Z.json.gz uploaded and local copy deleted.
[2024-03-13T20:32:29.129+0000] {logging_mixin.py:188} INFO - Processing file: 000315Z.json.gz
[2024-03-13T20:32:29.402+0000] {logging_mixin.py:188} INFO - Uploading 000315Z.json.gz to S3...
[2024-03-13T20:32:30.008+0000] {logging_mixin.py:188} INFO - 000315Z.json.gz uploaded and local copy deleted.
[2024-03-13T20:32:30.011+0000] {logging_mixin.py:188} INFO - Processing file: 000320Z.json.gz
[2024-03-13T20:32:30.266+0000] {logging_mixin.py:188} INFO - Uploading 000320Z.json.gz to S3...
[2024-03-13T20:32:30.727+0000] {logging_mixin.py:188} INFO - 000320Z.json.gz uploaded and local copy deleted.
[2024-03-13T20:32:30.728+0000] {logging_mixin.py:188} INFO - Processing file: 000325Z.json.gz
[2024-03-13T20:32:30.998+0000] {logging_mixin.py:188} INFO - Uploading 000325Z.json.gz to S3...
[2024-03-13T20:32:31.432+0000] {logging_mixin.py:188} INFO - 000325Z.json.gz uploaded and local copy deleted.
[2024-03-13T20:32:31.433+0000] {logging_mixin.py:188} INFO - Processing file: 000330Z.json.gz
[2024-03-13T20:32:31.662+0000] {logging_mixin.py:188} INFO - Uploading 000330Z.json.gz to S3...
[2024-03-13T20:32:32.075+0000] {logging_mixin.py:188} INFO - 000330Z.json.gz uploaded and local copy deleted.
[2024-03-13T20:32:32.076+0000] {logging_mixin.py:188} INFO - Processing file: 000335Z.json.gz
[2024-03-13T20:32:32.373+0000] {logging_mixin.py:188} INFO - Uploading 000335Z.json.gz to S3...
[2024-03-13T20:32:33.121+0000] {logging_mixin.py:188} INFO - 000335Z.json.gz uploaded and local copy deleted.
[2024-03-13T20:32:33.123+0000] {logging_mixin.py:188} INFO - Processing file: 000340Z.json.gz
[2024-03-13T20:32:33.427+0000] {logging_mixin.py:188} INFO - Uploading 000340Z.json.gz to S3...
[2024-03-13T20:32:34.253+0000] {logging_mixin.py:188} INFO - 000340Z.json.gz uploaded and local copy deleted.
[2024-03-13T20:32:34.255+0000] {logging_mixin.py:188} INFO - Processing file: 000345Z.json.gz
[2024-03-13T20:32:34.490+0000] {logging_mixin.py:188} INFO - Uploading 000345Z.json.gz to S3...
[2024-03-13T20:32:35.915+0000] {logging_mixin.py:188} INFO - 000345Z.json.gz uploaded and local copy deleted.
[2024-03-13T20:32:35.915+0000] {logging_mixin.py:188} INFO - Processing file: 000350Z.json.gz
[2024-03-13T20:32:36.245+0000] {logging_mixin.py:188} INFO - Uploading 000350Z.json.gz to S3...
[2024-03-13T20:32:37.719+0000] {logging_mixin.py:188} INFO - 000350Z.json.gz uploaded and local copy deleted.
[2024-03-13T20:32:37.721+0000] {logging_mixin.py:188} INFO - Processing file: 000355Z.json.gz
[2024-03-13T20:32:37.959+0000] {logging_mixin.py:188} INFO - Uploading 000355Z.json.gz to S3...
[2024-03-13T20:32:39.080+0000] {logging_mixin.py:188} INFO - 000355Z.json.gz uploaded and local copy deleted.
[2024-03-13T20:32:39.081+0000] {logging_mixin.py:188} INFO - Processing file: 000400Z.json.gz
[2024-03-13T20:32:39.315+0000] {logging_mixin.py:188} INFO - Uploading 000400Z.json.gz to S3...
[2024-03-13T20:32:40.958+0000] {logging_mixin.py:188} INFO - 000400Z.json.gz uploaded and local copy deleted.
[2024-03-13T20:32:40.960+0000] {logging_mixin.py:188} INFO - Processing file: 000405Z.json.gz
[2024-03-13T20:32:41.225+0000] {logging_mixin.py:188} INFO - Uploading 000405Z.json.gz to S3...
[2024-03-13T20:32:42.583+0000] {logging_mixin.py:188} INFO - 000405Z.json.gz uploaded and local copy deleted.
[2024-03-13T20:32:42.586+0000] {logging_mixin.py:188} INFO - Processing file: 000410Z.json.gz
[2024-03-13T20:32:42.954+0000] {logging_mixin.py:188} INFO - Uploading 000410Z.json.gz to S3...
[2024-03-13T20:32:46.496+0000] {logging_mixin.py:188} INFO - 000410Z.json.gz uploaded and local copy deleted.
[2024-03-13T20:32:46.498+0000] {logging_mixin.py:188} INFO - Processing file: 000415Z.json.gz
[2024-03-13T20:32:46.714+0000] {logging_mixin.py:188} INFO - Uploading 000415Z.json.gz to S3...
[2024-03-13T20:32:48.688+0000] {logging_mixin.py:188} INFO - 000415Z.json.gz uploaded and local copy deleted.
[2024-03-13T20:32:48.690+0000] {logging_mixin.py:188} INFO - Processing file: 000420Z.json.gz
[2024-03-13T20:32:48.980+0000] {logging_mixin.py:188} INFO - Uploading 000420Z.json.gz to S3...
[2024-03-13T20:32:50.451+0000] {logging_mixin.py:188} INFO - 000420Z.json.gz uploaded and local copy deleted.
[2024-03-13T20:32:50.452+0000] {logging_mixin.py:188} INFO - Processing file: 000425Z.json.gz
[2024-03-13T20:32:50.655+0000] {logging_mixin.py:188} INFO - Uploading 000425Z.json.gz to S3...
[2024-03-13T20:32:52.205+0000] {logging_mixin.py:188} INFO - 000425Z.json.gz uploaded and local copy deleted.
[2024-03-13T20:32:52.210+0000] {logging_mixin.py:188} INFO - Processing file: 000430Z.json.gz
[2024-03-13T20:32:52.521+0000] {logging_mixin.py:188} INFO - Uploading 000430Z.json.gz to S3...
[2024-03-13T20:32:54.395+0000] {logging_mixin.py:188} INFO - 000430Z.json.gz uploaded and local copy deleted.
[2024-03-13T20:32:54.395+0000] {logging_mixin.py:188} INFO - Processing file: 000435Z.json.gz
[2024-03-13T20:32:54.673+0000] {logging_mixin.py:188} INFO - Uploading 000435Z.json.gz to S3...
[2024-03-13T20:32:58.901+0000] {logging_mixin.py:188} INFO - 000435Z.json.gz uploaded and local copy deleted.
[2024-03-13T20:32:58.903+0000] {logging_mixin.py:188} INFO - Processing file: 000440Z.json.gz
[2024-03-13T20:32:59.216+0000] {logging_mixin.py:188} INFO - Uploading 000440Z.json.gz to S3...
[2024-03-13T20:33:05.149+0000] {logging_mixin.py:188} INFO - 000440Z.json.gz uploaded and local copy deleted.
[2024-03-13T20:33:05.152+0000] {logging_mixin.py:188} INFO - Processing file: 000445Z.json.gz
[2024-03-13T20:33:06.323+0000] {logging_mixin.py:188} INFO - Uploading 000445Z.json.gz to S3...
[2024-03-13T20:33:08.925+0000] {logging_mixin.py:188} INFO - 000445Z.json.gz uploaded and local copy deleted.
[2024-03-13T20:33:08.927+0000] {logging_mixin.py:188} INFO - Processing file: 000450Z.json.gz
[2024-03-13T20:33:09.258+0000] {logging_mixin.py:188} INFO - Uploading 000450Z.json.gz to S3...
[2024-03-13T20:33:11.437+0000] {logging_mixin.py:188} INFO - 000450Z.json.gz uploaded and local copy deleted.
[2024-03-13T20:33:11.440+0000] {logging_mixin.py:188} INFO - Processing file: 000455Z.json.gz
[2024-03-13T20:33:11.754+0000] {logging_mixin.py:188} INFO - Uploading 000455Z.json.gz to S3...
[2024-03-13T20:33:13.497+0000] {logging_mixin.py:188} INFO - 000455Z.json.gz uploaded and local copy deleted.
[2024-03-13T20:33:13.498+0000] {logging_mixin.py:188} INFO - Processing file: 000500Z.json.gz
[2024-03-13T20:33:13.758+0000] {logging_mixin.py:188} INFO - Uploading 000500Z.json.gz to S3...
[2024-03-13T20:33:15.089+0000] {logging_mixin.py:188} INFO - 000500Z.json.gz uploaded and local copy deleted.
[2024-03-13T20:33:15.092+0000] {logging_mixin.py:188} INFO - Processing file: 000505Z.json.gz
[2024-03-13T20:33:15.416+0000] {logging_mixin.py:188} INFO - Uploading 000505Z.json.gz to S3...
[2024-03-13T20:33:18.533+0000] {logging_mixin.py:188} INFO - 000505Z.json.gz uploaded and local copy deleted.
[2024-03-13T20:33:18.535+0000] {logging_mixin.py:188} INFO - Processing file: 000510Z.json.gz
[2024-03-13T20:33:18.825+0000] {logging_mixin.py:188} INFO - Uploading 000510Z.json.gz to S3...
[2024-03-13T20:33:21.693+0000] {logging_mixin.py:188} INFO - 000510Z.json.gz uploaded and local copy deleted.
[2024-03-13T20:33:21.693+0000] {logging_mixin.py:188} INFO - Processing file: 000515Z.json.gz
[2024-03-13T20:33:21.881+0000] {logging_mixin.py:188} INFO - Uploading 000515Z.json.gz to S3...
[2024-03-13T20:33:23.819+0000] {logging_mixin.py:188} INFO - 000515Z.json.gz uploaded and local copy deleted.
[2024-03-13T20:33:23.821+0000] {logging_mixin.py:188} INFO - Processing file: 000520Z.json.gz
[2024-03-13T20:33:24.040+0000] {logging_mixin.py:188} INFO - Uploading 000520Z.json.gz to S3...
[2024-03-13T20:33:25.743+0000] {logging_mixin.py:188} INFO - 000520Z.json.gz uploaded and local copy deleted.
[2024-03-13T20:33:25.745+0000] {logging_mixin.py:188} INFO - Processing file: 000525Z.json.gz
[2024-03-13T20:33:25.972+0000] {logging_mixin.py:188} INFO - Uploading 000525Z.json.gz to S3...
[2024-03-13T20:33:27.563+0000] {logging_mixin.py:188} INFO - 000525Z.json.gz uploaded and local copy deleted.
[2024-03-13T20:33:27.565+0000] {logging_mixin.py:188} INFO - Processing file: 000530Z.json.gz
[2024-03-13T20:33:27.824+0000] {logging_mixin.py:188} INFO - Uploading 000530Z.json.gz to S3...
[2024-03-13T20:33:29.253+0000] {logging_mixin.py:188} INFO - 000530Z.json.gz uploaded and local copy deleted.
[2024-03-13T20:33:29.255+0000] {logging_mixin.py:188} INFO - Processing file: 000535Z.json.gz
[2024-03-13T20:33:29.542+0000] {logging_mixin.py:188} INFO - Uploading 000535Z.json.gz to S3...
[2024-03-13T20:33:30.849+0000] {logging_mixin.py:188} INFO - 000535Z.json.gz uploaded and local copy deleted.
[2024-03-13T20:33:30.851+0000] {logging_mixin.py:188} INFO - Processing file: 000540Z.json.gz
[2024-03-13T20:33:38.912+0000] {logging_mixin.py:188} INFO - Uploading 000540Z.json.gz to S3...
[2024-03-13T20:33:40.452+0000] {logging_mixin.py:188} INFO - 000540Z.json.gz uploaded and local copy deleted.
[2024-03-13T20:33:40.457+0000] {logging_mixin.py:188} INFO - Processing file: 000545Z.json.gz
[2024-03-13T20:33:40.690+0000] {logging_mixin.py:188} INFO - Uploading 000545Z.json.gz to S3...
[2024-03-13T20:33:41.886+0000] {logging_mixin.py:188} INFO - 000545Z.json.gz uploaded and local copy deleted.
[2024-03-13T20:33:41.887+0000] {logging_mixin.py:188} INFO - Processing file: 000550Z.json.gz
[2024-03-13T20:33:42.081+0000] {logging_mixin.py:188} INFO - Uploading 000550Z.json.gz to S3...
[2024-03-13T20:33:42.644+0000] {logging_mixin.py:188} INFO - 000550Z.json.gz uploaded and local copy deleted.
[2024-03-13T20:33:42.646+0000] {logging_mixin.py:188} INFO - Processing file: 000555Z.json.gz
[2024-03-13T20:33:42.879+0000] {logging_mixin.py:188} INFO - Uploading 000555Z.json.gz to S3...
[2024-03-13T20:33:43.502+0000] {logging_mixin.py:188} INFO - 000555Z.json.gz uploaded and local copy deleted.
[2024-03-13T20:33:43.503+0000] {logging_mixin.py:188} INFO - Processing file: 000600Z.json.gz
[2024-03-13T20:33:43.736+0000] {logging_mixin.py:188} INFO - Uploading 000600Z.json.gz to S3...
[2024-03-13T20:33:44.297+0000] {logging_mixin.py:188} INFO - 000600Z.json.gz uploaded and local copy deleted.
[2024-03-13T20:33:44.298+0000] {logging_mixin.py:188} INFO - Processing file: 000605Z.json.gz
[2024-03-13T20:33:44.534+0000] {logging_mixin.py:188} INFO - Uploading 000605Z.json.gz to S3...
[2024-03-13T20:33:45.330+0000] {logging_mixin.py:188} INFO - 000605Z.json.gz uploaded and local copy deleted.
[2024-03-13T20:33:45.332+0000] {logging_mixin.py:188} INFO - Processing file: 000610Z.json.gz
[2024-03-13T20:33:45.558+0000] {logging_mixin.py:188} INFO - Uploading 000610Z.json.gz to S3...
[2024-03-13T20:33:46.122+0000] {logging_mixin.py:188} INFO - 000610Z.json.gz uploaded and local copy deleted.
[2024-03-13T20:33:46.124+0000] {logging_mixin.py:188} INFO - Processing file: 000615Z.json.gz
[2024-03-13T20:33:46.369+0000] {logging_mixin.py:188} INFO - Uploading 000615Z.json.gz to S3...
[2024-03-13T20:33:46.957+0000] {logging_mixin.py:188} INFO - 000615Z.json.gz uploaded and local copy deleted.
[2024-03-13T20:33:46.958+0000] {logging_mixin.py:188} INFO - Processing file: 000620Z.json.gz
[2024-03-13T20:33:47.170+0000] {logging_mixin.py:188} INFO - Uploading 000620Z.json.gz to S3...
[2024-03-13T20:33:47.774+0000] {logging_mixin.py:188} INFO - 000620Z.json.gz uploaded and local copy deleted.
[2024-03-13T20:33:47.779+0000] {logging_mixin.py:188} INFO - Processing file: 000625Z.json.gz
[2024-03-13T20:33:48.771+0000] {logging_mixin.py:188} INFO - Uploading 000625Z.json.gz to S3...
[2024-03-13T20:33:49.351+0000] {logging_mixin.py:188} INFO - 000625Z.json.gz uploaded and local copy deleted.
[2024-03-13T20:33:49.352+0000] {logging_mixin.py:188} INFO - Processing file: 000630Z.json.gz
[2024-03-13T20:33:49.576+0000] {logging_mixin.py:188} INFO - Uploading 000630Z.json.gz to S3...
[2024-03-13T20:33:50.177+0000] {logging_mixin.py:188} INFO - 000630Z.json.gz uploaded and local copy deleted.
[2024-03-13T20:33:50.179+0000] {logging_mixin.py:188} INFO - Processing file: 000635Z.json.gz
[2024-03-13T20:33:50.385+0000] {logging_mixin.py:188} INFO - Uploading 000635Z.json.gz to S3...
[2024-03-13T20:33:50.915+0000] {logging_mixin.py:188} INFO - 000635Z.json.gz uploaded and local copy deleted.
[2024-03-13T20:33:50.917+0000] {logging_mixin.py:188} INFO - Processing file: 000640Z.json.gz
[2024-03-13T20:33:51.156+0000] {logging_mixin.py:188} INFO - Uploading 000640Z.json.gz to S3...
[2024-03-13T20:33:52.495+0000] {logging_mixin.py:188} INFO - 000640Z.json.gz uploaded and local copy deleted.
[2024-03-13T20:33:52.497+0000] {logging_mixin.py:188} INFO - Processing file: 000645Z.json.gz
[2024-03-13T20:33:52.794+0000] {logging_mixin.py:188} INFO - Uploading 000645Z.json.gz to S3...
[2024-03-13T20:33:54.565+0000] {logging_mixin.py:188} INFO - 000645Z.json.gz uploaded and local copy deleted.
[2024-03-13T20:33:54.566+0000] {logging_mixin.py:188} INFO - Processing file: 000650Z.json.gz
[2024-03-13T20:33:54.800+0000] {logging_mixin.py:188} INFO - Uploading 000650Z.json.gz to S3...
[2024-03-13T20:33:55.754+0000] {logging_mixin.py:188} INFO - 000650Z.json.gz uploaded and local copy deleted.
[2024-03-13T20:33:55.755+0000] {logging_mixin.py:188} INFO - Processing file: 000655Z.json.gz
[2024-03-13T20:33:55.962+0000] {logging_mixin.py:188} INFO - Uploading 000655Z.json.gz to S3...
[2024-03-13T20:33:56.596+0000] {logging_mixin.py:188} INFO - 000655Z.json.gz uploaded and local copy deleted.
[2024-03-13T20:33:56.599+0000] {logging_mixin.py:188} INFO - Processing file: 000700Z.json.gz
[2024-03-13T20:33:56.942+0000] {logging_mixin.py:188} INFO - Uploading 000700Z.json.gz to S3...
[2024-03-13T20:33:57.625+0000] {logging_mixin.py:188} INFO - 000700Z.json.gz uploaded and local copy deleted.
[2024-03-13T20:33:57.626+0000] {logging_mixin.py:188} INFO - Processing file: 000705Z.json.gz
[2024-03-13T20:33:57.849+0000] {logging_mixin.py:188} INFO - Uploading 000705Z.json.gz to S3...
[2024-03-13T20:33:58.495+0000] {logging_mixin.py:188} INFO - 000705Z.json.gz uploaded and local copy deleted.
[2024-03-13T20:33:58.497+0000] {logging_mixin.py:188} INFO - Processing file: 000710Z.json.gz
[2024-03-13T20:34:00.020+0000] {logging_mixin.py:188} INFO - Uploading 000710Z.json.gz to S3...
[2024-03-13T20:34:00.852+0000] {logging_mixin.py:188} INFO - 000710Z.json.gz uploaded and local copy deleted.
[2024-03-13T20:34:00.853+0000] {logging_mixin.py:188} INFO - Processing file: 000715Z.json.gz
[2024-03-13T20:34:01.135+0000] {logging_mixin.py:188} INFO - Uploading 000715Z.json.gz to S3...
[2024-03-13T20:34:01.740+0000] {logging_mixin.py:188} INFO - 000715Z.json.gz uploaded and local copy deleted.
[2024-03-13T20:34:01.742+0000] {logging_mixin.py:188} INFO - Processing file: 000720Z.json.gz
[2024-03-13T20:34:01.975+0000] {logging_mixin.py:188} INFO - Uploading 000720Z.json.gz to S3...
[2024-03-13T20:34:02.627+0000] {logging_mixin.py:188} INFO - 000720Z.json.gz uploaded and local copy deleted.
[2024-03-13T20:34:02.630+0000] {logging_mixin.py:188} INFO - Processing file: 000725Z.json.gz
[2024-03-13T20:34:04.078+0000] {logging_mixin.py:188} INFO - Uploading 000725Z.json.gz to S3...
[2024-03-13T20:34:04.967+0000] {logging_mixin.py:188} INFO - 000725Z.json.gz uploaded and local copy deleted.
[2024-03-13T20:34:04.967+0000] {logging_mixin.py:188} INFO - Processing file: 000730Z.json.gz
[2024-03-13T20:34:05.299+0000] {logging_mixin.py:188} INFO - Uploading 000730Z.json.gz to S3...
[2024-03-13T20:34:05.931+0000] {logging_mixin.py:188} INFO - 000730Z.json.gz uploaded and local copy deleted.
[2024-03-13T20:34:05.933+0000] {logging_mixin.py:188} INFO - Processing file: 000735Z.json.gz
[2024-03-13T20:34:06.168+0000] {logging_mixin.py:188} INFO - Uploading 000735Z.json.gz to S3...
[2024-03-13T20:34:06.747+0000] {logging_mixin.py:188} INFO - 000735Z.json.gz uploaded and local copy deleted.
[2024-03-13T20:34:06.748+0000] {logging_mixin.py:188} INFO - Processing file: 000740Z.json.gz
[2024-03-13T20:34:07.043+0000] {logging_mixin.py:188} INFO - Uploading 000740Z.json.gz to S3...
[2024-03-13T20:34:07.628+0000] {logging_mixin.py:188} INFO - 000740Z.json.gz uploaded and local copy deleted.
[2024-03-13T20:34:07.629+0000] {logging_mixin.py:188} INFO - Processing file: 000745Z.json.gz
[2024-03-13T20:34:07.848+0000] {logging_mixin.py:188} INFO - Uploading 000745Z.json.gz to S3...
[2024-03-13T20:34:08.363+0000] {logging_mixin.py:188} INFO - 000745Z.json.gz uploaded and local copy deleted.
[2024-03-13T20:34:08.365+0000] {logging_mixin.py:188} INFO - Processing file: 000750Z.json.gz
[2024-03-13T20:34:08.706+0000] {logging_mixin.py:188} INFO - Uploading 000750Z.json.gz to S3...
[2024-03-13T20:34:09.231+0000] {logging_mixin.py:188} INFO - 000750Z.json.gz uploaded and local copy deleted.
[2024-03-13T20:34:09.235+0000] {logging_mixin.py:188} INFO - Processing file: 000755Z.json.gz
[2024-03-13T20:34:09.503+0000] {logging_mixin.py:188} INFO - Uploading 000755Z.json.gz to S3...
[2024-03-13T20:34:09.968+0000] {logging_mixin.py:188} INFO - 000755Z.json.gz uploaded and local copy deleted.
[2024-03-13T20:34:09.969+0000] {logging_mixin.py:188} INFO - Processing file: 000800Z.json.gz
[2024-03-13T20:34:10.150+0000] {logging_mixin.py:188} INFO - Uploading 000800Z.json.gz to S3...
[2024-03-13T20:34:10.575+0000] {logging_mixin.py:188} INFO - 000800Z.json.gz uploaded and local copy deleted.
[2024-03-13T20:34:10.576+0000] {logging_mixin.py:188} INFO - Processing file: 000805Z.json.gz
[2024-03-13T20:34:10.795+0000] {logging_mixin.py:188} INFO - Uploading 000805Z.json.gz to S3...
[2024-03-13T20:34:11.207+0000] {logging_mixin.py:188} INFO - 000805Z.json.gz uploaded and local copy deleted.
[2024-03-13T20:34:11.207+0000] {logging_mixin.py:188} INFO - Processing file: 000810Z.json.gz
[2024-03-13T20:34:11.373+0000] {logging_mixin.py:188} INFO - Uploading 000810Z.json.gz to S3...
[2024-03-13T20:34:11.878+0000] {logging_mixin.py:188} INFO - 000810Z.json.gz uploaded and local copy deleted.
[2024-03-13T20:34:11.880+0000] {logging_mixin.py:188} INFO - Processing file: 000815Z.json.gz
[2024-03-13T20:34:12.136+0000] {logging_mixin.py:188} INFO - Uploading 000815Z.json.gz to S3...
[2024-03-13T20:34:13.122+0000] {logging_mixin.py:188} INFO - 000815Z.json.gz uploaded and local copy deleted.
[2024-03-13T20:34:13.133+0000] {python.py:202} INFO - Done. Returned value was: None
[2024-03-13T20:34:13.150+0000] {taskinstance.py:1149} INFO - Marking task as SUCCESS. dag_id=download_readsb_hist, task_id=download_data, execution_date=20240313T203115, start_date=20240313T203118, end_date=20240313T203413
[2024-03-13T20:34:13.208+0000] {local_task_job_runner.py:234} INFO - Task exited with return code 0
[2024-03-13T20:34:13.228+0000] {taskinstance.py:3309} INFO - 0 downstream tasks scheduled from follow-on schedule check
