[2024-03-20T14:41:33.875+0000] {taskinstance.py:1979} INFO - Dependencies all met for dep_context=non-requeueable deps ti=<TaskInstance: aircraft_data_insertion.create_tables manual__2024-03-20T14:41:32.667853+00:00 [queued]>
[2024-03-20T14:41:33.880+0000] {taskinstance.py:1979} INFO - Dependencies all met for dep_context=requeueable deps ti=<TaskInstance: aircraft_data_insertion.create_tables manual__2024-03-20T14:41:32.667853+00:00 [queued]>
[2024-03-20T14:41:33.880+0000] {taskinstance.py:2193} INFO - Starting attempt 1 of 1
[2024-03-20T14:41:33.885+0000] {taskinstance.py:2214} INFO - Executing <Task(PythonOperator): create_tables> on 2024-03-20 14:41:32.667853+00:00
[2024-03-20T14:41:33.888+0000] {standard_task_runner.py:60} INFO - Started process 10974 to run task
[2024-03-20T14:41:33.891+0000] {standard_task_runner.py:87} INFO - Running: ['***', 'tasks', 'run', 'aircraft_data_insertion', 'create_tables', 'manual__2024-03-20T14:41:32.667853+00:00', '--job-id', '45', '--raw', '--subdir', 'DAGS_FOLDER/dag_prep_3.py', '--cfg-path', '/tmp/tmpkmmjixqi']
[2024-03-20T14:41:33.892+0000] {standard_task_runner.py:88} INFO - Job 45: Subtask create_tables
[2024-03-20T14:41:33.956+0000] {task_command.py:423} INFO - Running <TaskInstance: aircraft_data_insertion.create_tables manual__2024-03-20T14:41:32.667853+00:00 [running]> on host 33271a7f5777
[2024-03-20T14:41:34.004+0000] {taskinstance.py:2510} INFO - Exporting env vars: AIRFLOW_CTX_DAG_OWNER='***' AIRFLOW_CTX_DAG_ID='aircraft_data_insertion' AIRFLOW_CTX_TASK_ID='create_tables' AIRFLOW_CTX_EXECUTION_DATE='2024-03-20T14:41:32.667853+00:00' AIRFLOW_CTX_TRY_NUMBER='1' AIRFLOW_CTX_DAG_RUN_ID='manual__2024-03-20T14:41:32.667853+00:00'
[2024-03-20T14:41:34.006+0000] {taskinstance.py:2728} ERROR - Task failed with exception
Traceback (most recent call last):
  File "/home/airflow/.local/lib/python3.8/site-packages/airflow/models/taskinstance.py", line 444, in _execute_task
    result = _execute_callable(context=context, **execute_callable_kwargs)
  File "/home/airflow/.local/lib/python3.8/site-packages/airflow/models/taskinstance.py", line 414, in _execute_callable
    return execute_callable(context=context, **execute_callable_kwargs)
  File "/home/airflow/.local/lib/python3.8/site-packages/airflow/operators/python.py", line 200, in execute
    return_value = self.execute_callable()
  File "/home/airflow/.local/lib/python3.8/site-packages/airflow/operators/python.py", line 217, in execute_callable
    return self.python_callable(*self.op_args, **self.op_kwargs)
  File "/opt/airflow/dags/dag_prep_3.py", line 16, in create_tables
    conn = psycopg2.connect(
  File "/home/airflow/.local/lib/python3.8/site-packages/psycopg2/__init__.py", line 122, in connect
    conn = _connect(dsn, connection_factory=connection_factory, **kwasync)
psycopg2.OperationalError: connection to server at "localhost" (127.0.0.1), port 5433 failed: Connection refused
	Is the server running on that host and accepting TCP/IP connections?
connection to server at "localhost" (::1), port 5433 failed: Cannot assign requested address
	Is the server running on that host and accepting TCP/IP connections?

[2024-03-20T14:41:34.011+0000] {taskinstance.py:1149} INFO - Marking task as FAILED. dag_id=aircraft_data_insertion, task_id=create_tables, execution_date=20240320T144132, start_date=20240320T144133, end_date=20240320T144134
[2024-03-20T14:41:34.018+0000] {standard_task_runner.py:107} ERROR - Failed to execute job 45 for task create_tables (connection to server at "localhost" (127.0.0.1), port 5433 failed: Connection refused
	Is the server running on that host and accepting TCP/IP connections?
connection to server at "localhost" (::1), port 5433 failed: Cannot assign requested address
	Is the server running on that host and accepting TCP/IP connections?
; 10974)
[2024-03-20T14:41:34.064+0000] {local_task_job_runner.py:234} INFO - Task exited with return code 1
[2024-03-20T14:41:34.077+0000] {taskinstance.py:3309} INFO - 0 downstream tasks scheduled from follow-on schedule check
