[2024-03-12T18:18:10.255+0000] {processor.py:161} INFO - Started process (PID=6333) to work on /opt/airflow/dags/dag_download.py
[2024-03-12T18:18:10.256+0000] {processor.py:830} INFO - Processing file /opt/airflow/dags/dag_download.py for tasks to queue
[2024-03-12T18:18:10.272+0000] {logging_mixin.py:188} INFO - [2024-03-12T18:18:10.271+0000] {dagbag.py:540} INFO - Filling up the DagBag from /opt/airflow/dags/dag_download.py
[2024-03-12T18:18:12.175+0000] {processor.py:840} INFO - DAG(s) 'download_readsb_hist' retrieved from /opt/airflow/dags/dag_download.py
[2024-03-12T18:18:12.366+0000] {logging_mixin.py:188} INFO - [2024-03-12T18:18:12.365+0000] {override.py:1769} INFO - Created Permission View: can delete on DAG:download_readsb_hist
[2024-03-12T18:18:12.371+0000] {logging_mixin.py:188} INFO - [2024-03-12T18:18:12.371+0000] {override.py:1769} INFO - Created Permission View: can edit on DAG:download_readsb_hist
[2024-03-12T18:18:12.374+0000] {logging_mixin.py:188} INFO - [2024-03-12T18:18:12.374+0000] {override.py:1769} INFO - Created Permission View: can read on DAG:download_readsb_hist
[2024-03-12T18:18:12.374+0000] {logging_mixin.py:188} INFO - [2024-03-12T18:18:12.374+0000] {dag.py:3047} INFO - Sync 1 DAGs
[2024-03-12T18:18:12.380+0000] {logging_mixin.py:188} INFO - [2024-03-12T18:18:12.380+0000] {dag.py:3069} INFO - Creating ORM DAG for download_readsb_hist
[2024-03-12T18:18:12.386+0000] {logging_mixin.py:188} INFO - [2024-03-12T18:18:12.386+0000] {dag.py:3834} INFO - Setting next_dagrun for download_readsb_hist to 2024-04-01 00:00:00+00:00, run_after=2024-05-01 00:00:00+00:00
[2024-03-12T18:18:12.396+0000] {processor.py:183} INFO - Processing /opt/airflow/dags/dag_download.py took 2.163 seconds
[2024-03-12T18:18:42.696+0000] {processor.py:161} INFO - Started process (PID=6340) to work on /opt/airflow/dags/dag_download.py
[2024-03-12T18:18:42.698+0000] {processor.py:830} INFO - Processing file /opt/airflow/dags/dag_download.py for tasks to queue
[2024-03-12T18:18:42.702+0000] {logging_mixin.py:188} INFO - [2024-03-12T18:18:42.701+0000] {dagbag.py:540} INFO - Filling up the DagBag from /opt/airflow/dags/dag_download.py
[2024-03-12T18:18:43.059+0000] {processor.py:840} INFO - DAG(s) 'download_readsb_hist' retrieved from /opt/airflow/dags/dag_download.py
[2024-03-12T18:18:43.089+0000] {logging_mixin.py:188} INFO - [2024-03-12T18:18:43.089+0000] {dag.py:3047} INFO - Sync 1 DAGs
[2024-03-12T18:18:43.104+0000] {logging_mixin.py:188} INFO - [2024-03-12T18:18:43.104+0000] {dag.py:3834} INFO - Setting next_dagrun for download_readsb_hist to 2024-04-01 00:00:00+00:00, run_after=2024-05-01 00:00:00+00:00
[2024-03-12T18:18:43.113+0000] {processor.py:183} INFO - Processing /opt/airflow/dags/dag_download.py took 0.423 seconds
[2024-03-12T18:19:13.508+0000] {processor.py:161} INFO - Started process (PID=6347) to work on /opt/airflow/dags/dag_download.py
[2024-03-12T18:19:13.523+0000] {processor.py:830} INFO - Processing file /opt/airflow/dags/dag_download.py for tasks to queue
[2024-03-12T18:19:13.540+0000] {logging_mixin.py:188} INFO - [2024-03-12T18:19:13.539+0000] {dagbag.py:540} INFO - Filling up the DagBag from /opt/airflow/dags/dag_download.py
[2024-03-12T18:19:13.845+0000] {processor.py:840} INFO - DAG(s) 'download_readsb_hist' retrieved from /opt/airflow/dags/dag_download.py
[2024-03-12T18:19:13.861+0000] {logging_mixin.py:188} INFO - [2024-03-12T18:19:13.860+0000] {dag.py:3047} INFO - Sync 1 DAGs
[2024-03-12T18:19:13.871+0000] {logging_mixin.py:188} INFO - [2024-03-12T18:19:13.871+0000] {dag.py:3834} INFO - Setting next_dagrun for download_readsb_hist to 2024-04-01 00:00:00+00:00, run_after=2024-05-01 00:00:00+00:00
[2024-03-12T18:19:13.879+0000] {processor.py:183} INFO - Processing /opt/airflow/dags/dag_download.py took 0.379 seconds
[2024-03-12T18:19:44.220+0000] {processor.py:161} INFO - Started process (PID=6354) to work on /opt/airflow/dags/dag_download.py
[2024-03-12T18:19:44.223+0000] {processor.py:830} INFO - Processing file /opt/airflow/dags/dag_download.py for tasks to queue
[2024-03-12T18:19:44.227+0000] {logging_mixin.py:188} INFO - [2024-03-12T18:19:44.227+0000] {dagbag.py:540} INFO - Filling up the DagBag from /opt/airflow/dags/dag_download.py
[2024-03-12T18:19:44.551+0000] {processor.py:840} INFO - DAG(s) 'download_readsb_hist' retrieved from /opt/airflow/dags/dag_download.py
[2024-03-12T18:19:44.568+0000] {logging_mixin.py:188} INFO - [2024-03-12T18:19:44.568+0000] {dag.py:3047} INFO - Sync 1 DAGs
[2024-03-12T18:19:44.581+0000] {logging_mixin.py:188} INFO - [2024-03-12T18:19:44.581+0000] {dag.py:3834} INFO - Setting next_dagrun for download_readsb_hist to 2024-04-01 00:00:00+00:00, run_after=2024-05-01 00:00:00+00:00
[2024-03-12T18:19:44.590+0000] {processor.py:183} INFO - Processing /opt/airflow/dags/dag_download.py took 0.378 seconds
[2024-03-12T18:20:14.942+0000] {processor.py:161} INFO - Started process (PID=6360) to work on /opt/airflow/dags/dag_download.py
[2024-03-12T18:20:14.945+0000] {processor.py:830} INFO - Processing file /opt/airflow/dags/dag_download.py for tasks to queue
[2024-03-12T18:20:14.949+0000] {logging_mixin.py:188} INFO - [2024-03-12T18:20:14.948+0000] {dagbag.py:540} INFO - Filling up the DagBag from /opt/airflow/dags/dag_download.py
[2024-03-12T18:20:15.273+0000] {processor.py:840} INFO - DAG(s) 'download_readsb_hist' retrieved from /opt/airflow/dags/dag_download.py
[2024-03-12T18:20:15.291+0000] {logging_mixin.py:188} INFO - [2024-03-12T18:20:15.291+0000] {dag.py:3047} INFO - Sync 1 DAGs
[2024-03-12T18:20:15.303+0000] {logging_mixin.py:188} INFO - [2024-03-12T18:20:15.303+0000] {dag.py:3834} INFO - Setting next_dagrun for download_readsb_hist to 2024-04-01 00:00:00+00:00, run_after=2024-05-01 00:00:00+00:00
[2024-03-12T18:20:15.311+0000] {processor.py:183} INFO - Processing /opt/airflow/dags/dag_download.py took 0.375 seconds
[2024-03-12T18:20:45.764+0000] {processor.py:161} INFO - Started process (PID=6367) to work on /opt/airflow/dags/dag_download.py
[2024-03-12T18:20:45.767+0000] {processor.py:830} INFO - Processing file /opt/airflow/dags/dag_download.py for tasks to queue
[2024-03-12T18:20:45.772+0000] {logging_mixin.py:188} INFO - [2024-03-12T18:20:45.771+0000] {dagbag.py:540} INFO - Filling up the DagBag from /opt/airflow/dags/dag_download.py
[2024-03-12T18:20:46.110+0000] {processor.py:840} INFO - DAG(s) 'download_readsb_hist' retrieved from /opt/airflow/dags/dag_download.py
[2024-03-12T18:20:46.143+0000] {logging_mixin.py:188} INFO - [2024-03-12T18:20:46.142+0000] {dag.py:3047} INFO - Sync 1 DAGs
[2024-03-12T18:20:46.155+0000] {logging_mixin.py:188} INFO - [2024-03-12T18:20:46.155+0000] {dag.py:3834} INFO - Setting next_dagrun for download_readsb_hist to 2024-04-01 00:00:00+00:00, run_after=2024-05-01 00:00:00+00:00
[2024-03-12T18:20:46.165+0000] {processor.py:183} INFO - Processing /opt/airflow/dags/dag_download.py took 0.409 seconds
[2024-03-12T18:21:16.559+0000] {processor.py:161} INFO - Started process (PID=6374) to work on /opt/airflow/dags/dag_download.py
[2024-03-12T18:21:16.562+0000] {processor.py:830} INFO - Processing file /opt/airflow/dags/dag_download.py for tasks to queue
[2024-03-12T18:21:16.566+0000] {logging_mixin.py:188} INFO - [2024-03-12T18:21:16.566+0000] {dagbag.py:540} INFO - Filling up the DagBag from /opt/airflow/dags/dag_download.py
[2024-03-12T18:21:16.910+0000] {processor.py:840} INFO - DAG(s) 'download_readsb_hist' retrieved from /opt/airflow/dags/dag_download.py
[2024-03-12T18:21:16.930+0000] {logging_mixin.py:188} INFO - [2024-03-12T18:21:16.930+0000] {dag.py:3047} INFO - Sync 1 DAGs
[2024-03-12T18:21:16.943+0000] {logging_mixin.py:188} INFO - [2024-03-12T18:21:16.943+0000] {dag.py:3834} INFO - Setting next_dagrun for download_readsb_hist to 2024-04-01 00:00:00+00:00, run_after=2024-05-01 00:00:00+00:00
[2024-03-12T18:21:16.962+0000] {processor.py:183} INFO - Processing /opt/airflow/dags/dag_download.py took 0.410 seconds
[2024-03-12T18:21:47.334+0000] {processor.py:161} INFO - Started process (PID=6381) to work on /opt/airflow/dags/dag_download.py
[2024-03-12T18:21:47.337+0000] {processor.py:830} INFO - Processing file /opt/airflow/dags/dag_download.py for tasks to queue
[2024-03-12T18:21:47.342+0000] {logging_mixin.py:188} INFO - [2024-03-12T18:21:47.341+0000] {dagbag.py:540} INFO - Filling up the DagBag from /opt/airflow/dags/dag_download.py
[2024-03-12T18:21:47.658+0000] {processor.py:840} INFO - DAG(s) 'download_readsb_hist' retrieved from /opt/airflow/dags/dag_download.py
[2024-03-12T18:21:47.673+0000] {logging_mixin.py:188} INFO - [2024-03-12T18:21:47.673+0000] {dag.py:3047} INFO - Sync 1 DAGs
[2024-03-12T18:21:47.690+0000] {logging_mixin.py:188} INFO - [2024-03-12T18:21:47.689+0000] {dag.py:3834} INFO - Setting next_dagrun for download_readsb_hist to 2024-04-01 00:00:00+00:00, run_after=2024-05-01 00:00:00+00:00
[2024-03-12T18:21:47.698+0000] {processor.py:183} INFO - Processing /opt/airflow/dags/dag_download.py took 0.373 seconds
[2024-03-12T18:22:17.990+0000] {processor.py:161} INFO - Started process (PID=6388) to work on /opt/airflow/dags/dag_download.py
[2024-03-12T18:22:17.994+0000] {processor.py:830} INFO - Processing file /opt/airflow/dags/dag_download.py for tasks to queue
[2024-03-12T18:22:17.998+0000] {logging_mixin.py:188} INFO - [2024-03-12T18:22:17.998+0000] {dagbag.py:540} INFO - Filling up the DagBag from /opt/airflow/dags/dag_download.py
[2024-03-12T18:22:18.374+0000] {processor.py:840} INFO - DAG(s) 'download_readsb_hist' retrieved from /opt/airflow/dags/dag_download.py
[2024-03-12T18:22:18.390+0000] {logging_mixin.py:188} INFO - [2024-03-12T18:22:18.390+0000] {dag.py:3047} INFO - Sync 1 DAGs
[2024-03-12T18:22:18.400+0000] {logging_mixin.py:188} INFO - [2024-03-12T18:22:18.400+0000] {dag.py:3834} INFO - Setting next_dagrun for download_readsb_hist to 2024-04-01 00:00:00+00:00, run_after=2024-05-01 00:00:00+00:00
[2024-03-12T18:22:18.409+0000] {processor.py:183} INFO - Processing /opt/airflow/dags/dag_download.py took 0.425 seconds
[2024-03-12T18:22:48.838+0000] {processor.py:161} INFO - Started process (PID=6395) to work on /opt/airflow/dags/dag_download.py
[2024-03-12T18:22:48.840+0000] {processor.py:830} INFO - Processing file /opt/airflow/dags/dag_download.py for tasks to queue
[2024-03-12T18:22:48.844+0000] {logging_mixin.py:188} INFO - [2024-03-12T18:22:48.843+0000] {dagbag.py:540} INFO - Filling up the DagBag from /opt/airflow/dags/dag_download.py
[2024-03-12T18:22:49.178+0000] {processor.py:840} INFO - DAG(s) 'download_readsb_hist' retrieved from /opt/airflow/dags/dag_download.py
[2024-03-12T18:22:49.195+0000] {logging_mixin.py:188} INFO - [2024-03-12T18:22:49.195+0000] {dag.py:3047} INFO - Sync 1 DAGs
[2024-03-12T18:22:49.207+0000] {logging_mixin.py:188} INFO - [2024-03-12T18:22:49.206+0000] {dag.py:3834} INFO - Setting next_dagrun for download_readsb_hist to 2024-04-01 00:00:00+00:00, run_after=2024-05-01 00:00:00+00:00
[2024-03-12T18:22:49.215+0000] {processor.py:183} INFO - Processing /opt/airflow/dags/dag_download.py took 0.384 seconds
[2024-03-12T18:23:19.680+0000] {processor.py:161} INFO - Started process (PID=6402) to work on /opt/airflow/dags/dag_download.py
[2024-03-12T18:23:19.682+0000] {processor.py:830} INFO - Processing file /opt/airflow/dags/dag_download.py for tasks to queue
[2024-03-12T18:23:19.685+0000] {logging_mixin.py:188} INFO - [2024-03-12T18:23:19.685+0000] {dagbag.py:540} INFO - Filling up the DagBag from /opt/airflow/dags/dag_download.py
[2024-03-12T18:23:20.015+0000] {processor.py:840} INFO - DAG(s) 'download_readsb_hist' retrieved from /opt/airflow/dags/dag_download.py
[2024-03-12T18:23:20.034+0000] {logging_mixin.py:188} INFO - [2024-03-12T18:23:20.034+0000] {dag.py:3047} INFO - Sync 1 DAGs
[2024-03-12T18:23:20.045+0000] {logging_mixin.py:188} INFO - [2024-03-12T18:23:20.045+0000] {dag.py:3834} INFO - Setting next_dagrun for download_readsb_hist to 2024-04-01 00:00:00+00:00, run_after=2024-05-01 00:00:00+00:00
[2024-03-12T18:23:20.056+0000] {processor.py:183} INFO - Processing /opt/airflow/dags/dag_download.py took 0.402 seconds
[2024-03-12T18:23:42.928+0000] {processor.py:161} INFO - Started process (PID=6409) to work on /opt/airflow/dags/dag_download.py
[2024-03-12T18:23:42.932+0000] {processor.py:830} INFO - Processing file /opt/airflow/dags/dag_download.py for tasks to queue
[2024-03-12T18:23:42.935+0000] {logging_mixin.py:188} INFO - [2024-03-12T18:23:42.935+0000] {dagbag.py:540} INFO - Filling up the DagBag from /opt/airflow/dags/dag_download.py
[2024-03-12T18:23:43.054+0000] {processor.py:840} INFO - DAG(s) 'download_readsb_hist' retrieved from /opt/airflow/dags/dag_download.py
[2024-03-12T18:23:43.094+0000] {logging_mixin.py:188} INFO - [2024-03-12T18:23:43.094+0000] {dag.py:3047} INFO - Sync 1 DAGs
[2024-03-12T18:23:43.112+0000] {logging_mixin.py:188} INFO - [2024-03-12T18:23:43.112+0000] {dag.py:3834} INFO - Setting next_dagrun for download_readsb_hist to 2024-04-01 00:00:00+00:00, run_after=2024-05-01 00:00:00+00:00
[2024-03-12T18:23:43.124+0000] {processor.py:183} INFO - Processing /opt/airflow/dags/dag_download.py took 0.204 seconds
[2024-03-12T18:24:13.234+0000] {processor.py:161} INFO - Started process (PID=6416) to work on /opt/airflow/dags/dag_download.py
[2024-03-12T18:24:13.236+0000] {processor.py:830} INFO - Processing file /opt/airflow/dags/dag_download.py for tasks to queue
[2024-03-12T18:24:13.239+0000] {logging_mixin.py:188} INFO - [2024-03-12T18:24:13.238+0000] {dagbag.py:540} INFO - Filling up the DagBag from /opt/airflow/dags/dag_download.py
[2024-03-12T18:24:13.738+0000] {processor.py:840} INFO - DAG(s) 'download_readsb_hist' retrieved from /opt/airflow/dags/dag_download.py
[2024-03-12T18:24:13.752+0000] {logging_mixin.py:188} INFO - [2024-03-12T18:24:13.752+0000] {dag.py:3047} INFO - Sync 1 DAGs
[2024-03-12T18:24:13.762+0000] {logging_mixin.py:188} INFO - [2024-03-12T18:24:13.762+0000] {dag.py:3834} INFO - Setting next_dagrun for download_readsb_hist to 2024-04-01 00:00:00+00:00, run_after=2024-05-01 00:00:00+00:00
[2024-03-12T18:24:13.771+0000] {processor.py:183} INFO - Processing /opt/airflow/dags/dag_download.py took 0.546 seconds
[2024-03-12T18:24:22.542+0000] {processor.py:161} INFO - Started process (PID=6417) to work on /opt/airflow/dags/dag_download.py
[2024-03-12T18:24:22.544+0000] {processor.py:830} INFO - Processing file /opt/airflow/dags/dag_download.py for tasks to queue
[2024-03-12T18:24:22.547+0000] {logging_mixin.py:188} INFO - [2024-03-12T18:24:22.546+0000] {dagbag.py:540} INFO - Filling up the DagBag from /opt/airflow/dags/dag_download.py
[2024-03-12T18:24:22.955+0000] {processor.py:840} INFO - DAG(s) 'download_readsb_hist' retrieved from /opt/airflow/dags/dag_download.py
[2024-03-12T18:24:22.987+0000] {logging_mixin.py:188} INFO - [2024-03-12T18:24:22.987+0000] {dag.py:3047} INFO - Sync 1 DAGs
[2024-03-12T18:24:23.000+0000] {logging_mixin.py:188} INFO - [2024-03-12T18:24:23.000+0000] {dag.py:3834} INFO - Setting next_dagrun for download_readsb_hist to 2024-04-01 00:00:00+00:00, run_after=2024-05-01 00:00:00+00:00
[2024-03-12T18:24:23.012+0000] {processor.py:183} INFO - Processing /opt/airflow/dags/dag_download.py took 0.475 seconds
[2024-03-12T18:24:53.345+0000] {processor.py:161} INFO - Started process (PID=6424) to work on /opt/airflow/dags/dag_download.py
[2024-03-12T18:24:53.347+0000] {processor.py:830} INFO - Processing file /opt/airflow/dags/dag_download.py for tasks to queue
[2024-03-12T18:24:53.351+0000] {logging_mixin.py:188} INFO - [2024-03-12T18:24:53.350+0000] {dagbag.py:540} INFO - Filling up the DagBag from /opt/airflow/dags/dag_download.py
[2024-03-12T18:24:53.658+0000] {processor.py:840} INFO - DAG(s) 'download_readsb_hist' retrieved from /opt/airflow/dags/dag_download.py
[2024-03-12T18:24:53.674+0000] {logging_mixin.py:188} INFO - [2024-03-12T18:24:53.674+0000] {dag.py:3047} INFO - Sync 1 DAGs
[2024-03-12T18:24:53.685+0000] {logging_mixin.py:188} INFO - [2024-03-12T18:24:53.685+0000] {dag.py:3834} INFO - Setting next_dagrun for download_readsb_hist to 2024-04-01 00:00:00+00:00, run_after=2024-05-01 00:00:00+00:00
[2024-03-12T18:24:53.694+0000] {processor.py:183} INFO - Processing /opt/airflow/dags/dag_download.py took 0.360 seconds
[2024-03-12T18:25:23.807+0000] {processor.py:161} INFO - Started process (PID=6431) to work on /opt/airflow/dags/dag_download.py
[2024-03-12T18:25:23.809+0000] {processor.py:830} INFO - Processing file /opt/airflow/dags/dag_download.py for tasks to queue
[2024-03-12T18:25:23.812+0000] {logging_mixin.py:188} INFO - [2024-03-12T18:25:23.812+0000] {dagbag.py:540} INFO - Filling up the DagBag from /opt/airflow/dags/dag_download.py
[2024-03-12T18:25:24.294+0000] {processor.py:840} INFO - DAG(s) 'download_readsb_hist' retrieved from /opt/airflow/dags/dag_download.py
[2024-03-12T18:25:24.315+0000] {logging_mixin.py:188} INFO - [2024-03-12T18:25:24.314+0000] {dag.py:3047} INFO - Sync 1 DAGs
[2024-03-12T18:25:24.326+0000] {logging_mixin.py:188} INFO - [2024-03-12T18:25:24.326+0000] {dag.py:3834} INFO - Setting next_dagrun for download_readsb_hist to 2024-04-01 00:00:00+00:00, run_after=2024-05-01 00:00:00+00:00
[2024-03-12T18:25:24.336+0000] {processor.py:183} INFO - Processing /opt/airflow/dags/dag_download.py took 0.555 seconds
[2024-03-12T18:25:54.720+0000] {processor.py:161} INFO - Started process (PID=6438) to work on /opt/airflow/dags/dag_download.py
[2024-03-12T18:25:54.732+0000] {processor.py:830} INFO - Processing file /opt/airflow/dags/dag_download.py for tasks to queue
[2024-03-12T18:25:54.740+0000] {logging_mixin.py:188} INFO - [2024-03-12T18:25:54.739+0000] {dagbag.py:540} INFO - Filling up the DagBag from /opt/airflow/dags/dag_download.py
[2024-03-12T18:25:55.055+0000] {processor.py:840} INFO - DAG(s) 'download_readsb_hist' retrieved from /opt/airflow/dags/dag_download.py
[2024-03-12T18:25:55.072+0000] {logging_mixin.py:188} INFO - [2024-03-12T18:25:55.072+0000] {dag.py:3047} INFO - Sync 1 DAGs
[2024-03-12T18:25:55.082+0000] {logging_mixin.py:188} INFO - [2024-03-12T18:25:55.082+0000] {dag.py:3834} INFO - Setting next_dagrun for download_readsb_hist to 2024-04-01 00:00:00+00:00, run_after=2024-05-01 00:00:00+00:00
[2024-03-12T18:25:55.091+0000] {processor.py:183} INFO - Processing /opt/airflow/dags/dag_download.py took 0.386 seconds
[2024-03-12T18:26:25.459+0000] {processor.py:161} INFO - Started process (PID=6445) to work on /opt/airflow/dags/dag_download.py
[2024-03-12T18:26:25.462+0000] {processor.py:830} INFO - Processing file /opt/airflow/dags/dag_download.py for tasks to queue
[2024-03-12T18:26:25.467+0000] {logging_mixin.py:188} INFO - [2024-03-12T18:26:25.466+0000] {dagbag.py:540} INFO - Filling up the DagBag from /opt/airflow/dags/dag_download.py
[2024-03-12T18:26:25.810+0000] {processor.py:840} INFO - DAG(s) 'download_readsb_hist' retrieved from /opt/airflow/dags/dag_download.py
[2024-03-12T18:26:25.827+0000] {logging_mixin.py:188} INFO - [2024-03-12T18:26:25.827+0000] {dag.py:3047} INFO - Sync 1 DAGs
[2024-03-12T18:26:25.837+0000] {logging_mixin.py:188} INFO - [2024-03-12T18:26:25.837+0000] {dag.py:3834} INFO - Setting next_dagrun for download_readsb_hist to 2024-04-01 00:00:00+00:00, run_after=2024-05-01 00:00:00+00:00
[2024-03-12T18:26:25.848+0000] {processor.py:183} INFO - Processing /opt/airflow/dags/dag_download.py took 0.399 seconds
[2024-03-12T18:26:49.113+0000] {processor.py:161} INFO - Started process (PID=6452) to work on /opt/airflow/dags/dag_download.py
[2024-03-12T18:26:49.116+0000] {processor.py:830} INFO - Processing file /opt/airflow/dags/dag_download.py for tasks to queue
[2024-03-12T18:26:49.120+0000] {logging_mixin.py:188} INFO - [2024-03-12T18:26:49.119+0000] {dagbag.py:540} INFO - Filling up the DagBag from /opt/airflow/dags/dag_download.py
[2024-03-12T18:26:49.466+0000] {processor.py:840} INFO - DAG(s) 'download_readsb_hist' retrieved from /opt/airflow/dags/dag_download.py
[2024-03-12T18:26:49.484+0000] {logging_mixin.py:188} INFO - [2024-03-12T18:26:49.484+0000] {dag.py:3047} INFO - Sync 1 DAGs
[2024-03-12T18:26:49.503+0000] {logging_mixin.py:188} INFO - [2024-03-12T18:26:49.503+0000] {dag.py:3834} INFO - Setting next_dagrun for download_readsb_hist to 2024-04-01 00:00:00+00:00, run_after=2024-05-01 00:00:00+00:00
[2024-03-12T18:26:49.515+0000] {processor.py:183} INFO - Processing /opt/airflow/dags/dag_download.py took 0.410 seconds
[2024-03-12T18:26:54.223+0000] {processor.py:161} INFO - Started process (PID=6453) to work on /opt/airflow/dags/dag_download.py
[2024-03-12T18:26:54.224+0000] {processor.py:830} INFO - Processing file /opt/airflow/dags/dag_download.py for tasks to queue
[2024-03-12T18:26:54.227+0000] {logging_mixin.py:188} INFO - [2024-03-12T18:26:54.226+0000] {dagbag.py:540} INFO - Filling up the DagBag from /opt/airflow/dags/dag_download.py
[2024-03-12T18:26:54.604+0000] {processor.py:840} INFO - DAG(s) 'download_readsb_hist' retrieved from /opt/airflow/dags/dag_download.py
[2024-03-12T18:26:54.633+0000] {logging_mixin.py:188} INFO - [2024-03-12T18:26:54.633+0000] {dag.py:3047} INFO - Sync 1 DAGs
[2024-03-12T18:26:54.646+0000] {logging_mixin.py:188} INFO - [2024-03-12T18:26:54.646+0000] {dag.py:3834} INFO - Setting next_dagrun for download_readsb_hist to 2024-04-01 00:00:00+00:00, run_after=2024-05-01 00:00:00+00:00
[2024-03-12T18:26:54.656+0000] {processor.py:183} INFO - Processing /opt/airflow/dags/dag_download.py took 0.438 seconds
[2024-03-12T18:27:25.057+0000] {processor.py:161} INFO - Started process (PID=6460) to work on /opt/airflow/dags/dag_download.py
[2024-03-12T18:27:25.059+0000] {processor.py:830} INFO - Processing file /opt/airflow/dags/dag_download.py for tasks to queue
[2024-03-12T18:27:25.063+0000] {logging_mixin.py:188} INFO - [2024-03-12T18:27:25.062+0000] {dagbag.py:540} INFO - Filling up the DagBag from /opt/airflow/dags/dag_download.py
[2024-03-12T18:27:25.438+0000] {processor.py:840} INFO - DAG(s) 'download_readsb_hist' retrieved from /opt/airflow/dags/dag_download.py
[2024-03-12T18:27:25.476+0000] {logging_mixin.py:188} INFO - [2024-03-12T18:27:25.476+0000] {dag.py:3047} INFO - Sync 1 DAGs
[2024-03-12T18:27:25.489+0000] {logging_mixin.py:188} INFO - [2024-03-12T18:27:25.489+0000] {dag.py:3834} INFO - Setting next_dagrun for download_readsb_hist to 2024-04-01 00:00:00+00:00, run_after=2024-05-01 00:00:00+00:00
[2024-03-12T18:27:25.501+0000] {processor.py:183} INFO - Processing /opt/airflow/dags/dag_download.py took 0.457 seconds
[2024-03-12T18:27:55.793+0000] {processor.py:161} INFO - Started process (PID=6468) to work on /opt/airflow/dags/dag_download.py
[2024-03-12T18:27:55.797+0000] {processor.py:830} INFO - Processing file /opt/airflow/dags/dag_download.py for tasks to queue
[2024-03-12T18:27:55.802+0000] {logging_mixin.py:188} INFO - [2024-03-12T18:27:55.801+0000] {dagbag.py:540} INFO - Filling up the DagBag from /opt/airflow/dags/dag_download.py
[2024-03-12T18:27:56.073+0000] {processor.py:840} INFO - DAG(s) 'download_readsb_hist' retrieved from /opt/airflow/dags/dag_download.py
[2024-03-12T18:27:56.085+0000] {logging_mixin.py:188} INFO - [2024-03-12T18:27:56.085+0000] {dag.py:3047} INFO - Sync 1 DAGs
[2024-03-12T18:27:56.095+0000] {logging_mixin.py:188} INFO - [2024-03-12T18:27:56.095+0000] {dag.py:3834} INFO - Setting next_dagrun for download_readsb_hist to 2024-04-01 00:00:00+00:00, run_after=2024-05-01 00:00:00+00:00
[2024-03-12T18:27:56.103+0000] {processor.py:183} INFO - Processing /opt/airflow/dags/dag_download.py took 0.319 seconds
[2024-03-12T18:28:26.447+0000] {processor.py:161} INFO - Started process (PID=6475) to work on /opt/airflow/dags/dag_download.py
[2024-03-12T18:28:26.450+0000] {processor.py:830} INFO - Processing file /opt/airflow/dags/dag_download.py for tasks to queue
[2024-03-12T18:28:26.454+0000] {logging_mixin.py:188} INFO - [2024-03-12T18:28:26.454+0000] {dagbag.py:540} INFO - Filling up the DagBag from /opt/airflow/dags/dag_download.py
[2024-03-12T18:28:26.743+0000] {processor.py:840} INFO - DAG(s) 'download_readsb_hist' retrieved from /opt/airflow/dags/dag_download.py
[2024-03-12T18:28:26.755+0000] {logging_mixin.py:188} INFO - [2024-03-12T18:28:26.754+0000] {dag.py:3047} INFO - Sync 1 DAGs
[2024-03-12T18:28:26.764+0000] {logging_mixin.py:188} INFO - [2024-03-12T18:28:26.764+0000] {dag.py:3834} INFO - Setting next_dagrun for download_readsb_hist to 2024-04-01 00:00:00+00:00, run_after=2024-05-01 00:00:00+00:00
[2024-03-12T18:28:26.773+0000] {processor.py:183} INFO - Processing /opt/airflow/dags/dag_download.py took 0.334 seconds
[2024-03-12T18:28:57.072+0000] {processor.py:161} INFO - Started process (PID=6482) to work on /opt/airflow/dags/dag_download.py
[2024-03-12T18:28:57.075+0000] {processor.py:830} INFO - Processing file /opt/airflow/dags/dag_download.py for tasks to queue
[2024-03-12T18:28:57.078+0000] {logging_mixin.py:188} INFO - [2024-03-12T18:28:57.078+0000] {dagbag.py:540} INFO - Filling up the DagBag from /opt/airflow/dags/dag_download.py
[2024-03-12T18:28:57.431+0000] {processor.py:840} INFO - DAG(s) 'download_readsb_hist' retrieved from /opt/airflow/dags/dag_download.py
[2024-03-12T18:28:57.445+0000] {logging_mixin.py:188} INFO - [2024-03-12T18:28:57.445+0000] {dag.py:3047} INFO - Sync 1 DAGs
[2024-03-12T18:28:57.459+0000] {logging_mixin.py:188} INFO - [2024-03-12T18:28:57.459+0000] {dag.py:3834} INFO - Setting next_dagrun for download_readsb_hist to 2024-04-01 00:00:00+00:00, run_after=2024-05-01 00:00:00+00:00
[2024-03-12T18:28:57.467+0000] {processor.py:183} INFO - Processing /opt/airflow/dags/dag_download.py took 0.410 seconds
[2024-03-12T18:29:27.809+0000] {processor.py:161} INFO - Started process (PID=6489) to work on /opt/airflow/dags/dag_download.py
[2024-03-12T18:29:27.811+0000] {processor.py:830} INFO - Processing file /opt/airflow/dags/dag_download.py for tasks to queue
[2024-03-12T18:29:27.819+0000] {logging_mixin.py:188} INFO - [2024-03-12T18:29:27.818+0000] {dagbag.py:540} INFO - Filling up the DagBag from /opt/airflow/dags/dag_download.py
[2024-03-12T18:29:28.195+0000] {processor.py:840} INFO - DAG(s) 'download_readsb_hist' retrieved from /opt/airflow/dags/dag_download.py
[2024-03-12T18:29:28.222+0000] {logging_mixin.py:188} INFO - [2024-03-12T18:29:28.221+0000] {dag.py:3047} INFO - Sync 1 DAGs
[2024-03-12T18:29:28.240+0000] {logging_mixin.py:188} INFO - [2024-03-12T18:29:28.240+0000] {dag.py:3834} INFO - Setting next_dagrun for download_readsb_hist to 2024-04-01 00:00:00+00:00, run_after=2024-05-01 00:00:00+00:00
[2024-03-12T18:29:28.263+0000] {processor.py:183} INFO - Processing /opt/airflow/dags/dag_download.py took 0.459 seconds
[2024-03-12T18:29:58.670+0000] {processor.py:161} INFO - Started process (PID=6496) to work on /opt/airflow/dags/dag_download.py
[2024-03-12T18:29:58.678+0000] {processor.py:830} INFO - Processing file /opt/airflow/dags/dag_download.py for tasks to queue
[2024-03-12T18:29:58.689+0000] {logging_mixin.py:188} INFO - [2024-03-12T18:29:58.688+0000] {dagbag.py:540} INFO - Filling up the DagBag from /opt/airflow/dags/dag_download.py
[2024-03-12T18:29:59.085+0000] {processor.py:840} INFO - DAG(s) 'download_readsb_hist' retrieved from /opt/airflow/dags/dag_download.py
[2024-03-12T18:29:59.105+0000] {logging_mixin.py:188} INFO - [2024-03-12T18:29:59.105+0000] {dag.py:3047} INFO - Sync 1 DAGs
[2024-03-12T18:29:59.130+0000] {logging_mixin.py:188} INFO - [2024-03-12T18:29:59.130+0000] {dag.py:3834} INFO - Setting next_dagrun for download_readsb_hist to 2024-04-01 00:00:00+00:00, run_after=2024-05-01 00:00:00+00:00
[2024-03-12T18:29:59.141+0000] {processor.py:183} INFO - Processing /opt/airflow/dags/dag_download.py took 0.490 seconds
[2024-03-12T18:30:29.445+0000] {processor.py:161} INFO - Started process (PID=6503) to work on /opt/airflow/dags/dag_download.py
[2024-03-12T18:30:29.447+0000] {processor.py:830} INFO - Processing file /opt/airflow/dags/dag_download.py for tasks to queue
[2024-03-12T18:30:29.450+0000] {logging_mixin.py:188} INFO - [2024-03-12T18:30:29.450+0000] {dagbag.py:540} INFO - Filling up the DagBag from /opt/airflow/dags/dag_download.py
[2024-03-12T18:30:29.771+0000] {processor.py:840} INFO - DAG(s) 'download_readsb_hist' retrieved from /opt/airflow/dags/dag_download.py
[2024-03-12T18:30:29.790+0000] {logging_mixin.py:188} INFO - [2024-03-12T18:30:29.789+0000] {dag.py:3047} INFO - Sync 1 DAGs
[2024-03-12T18:30:29.801+0000] {logging_mixin.py:188} INFO - [2024-03-12T18:30:29.801+0000] {dag.py:3834} INFO - Setting next_dagrun for download_readsb_hist to 2024-04-01 00:00:00+00:00, run_after=2024-05-01 00:00:00+00:00
[2024-03-12T18:30:29.810+0000] {processor.py:183} INFO - Processing /opt/airflow/dags/dag_download.py took 0.369 seconds
[2024-03-12T18:30:49.056+0000] {processor.py:161} INFO - Started process (PID=6510) to work on /opt/airflow/dags/dag_download.py
[2024-03-12T18:30:49.059+0000] {processor.py:830} INFO - Processing file /opt/airflow/dags/dag_download.py for tasks to queue
[2024-03-12T18:30:49.070+0000] {logging_mixin.py:188} INFO - [2024-03-12T18:30:49.068+0000] {dagbag.py:540} INFO - Filling up the DagBag from /opt/airflow/dags/dag_download.py
[2024-03-12T18:30:49.384+0000] {processor.py:840} INFO - DAG(s) 'download_readsb_hist' retrieved from /opt/airflow/dags/dag_download.py
[2024-03-12T18:30:49.401+0000] {logging_mixin.py:188} INFO - [2024-03-12T18:30:49.401+0000] {dag.py:3047} INFO - Sync 1 DAGs
[2024-03-12T18:30:49.413+0000] {logging_mixin.py:188} INFO - [2024-03-12T18:30:49.413+0000] {dag.py:3834} INFO - Setting next_dagrun for download_readsb_hist to 2024-04-01 00:00:00+00:00, run_after=2024-05-01 00:00:00+00:00
[2024-03-12T18:30:49.431+0000] {processor.py:183} INFO - Processing /opt/airflow/dags/dag_download.py took 0.391 seconds
[2024-03-12T18:31:19.864+0000] {processor.py:161} INFO - Started process (PID=6517) to work on /opt/airflow/dags/dag_download.py
[2024-03-12T18:31:19.866+0000] {processor.py:830} INFO - Processing file /opt/airflow/dags/dag_download.py for tasks to queue
[2024-03-12T18:31:19.870+0000] {logging_mixin.py:188} INFO - [2024-03-12T18:31:19.869+0000] {dagbag.py:540} INFO - Filling up the DagBag from /opt/airflow/dags/dag_download.py
[2024-03-12T18:31:20.531+0000] {processor.py:840} INFO - DAG(s) 'download_readsb_hist' retrieved from /opt/airflow/dags/dag_download.py
[2024-03-12T18:31:20.573+0000] {logging_mixin.py:188} INFO - [2024-03-12T18:31:20.573+0000] {dag.py:3047} INFO - Sync 1 DAGs
[2024-03-12T18:31:20.598+0000] {logging_mixin.py:188} INFO - [2024-03-12T18:31:20.598+0000] {dag.py:3834} INFO - Setting next_dagrun for download_readsb_hist to 2024-04-01 00:00:00+00:00, run_after=2024-05-01 00:00:00+00:00
[2024-03-12T18:31:20.609+0000] {processor.py:183} INFO - Processing /opt/airflow/dags/dag_download.py took 0.751 seconds
[2024-03-12T18:31:50.790+0000] {processor.py:161} INFO - Started process (PID=6524) to work on /opt/airflow/dags/dag_download.py
[2024-03-12T18:31:50.796+0000] {processor.py:830} INFO - Processing file /opt/airflow/dags/dag_download.py for tasks to queue
[2024-03-12T18:31:50.809+0000] {logging_mixin.py:188} INFO - [2024-03-12T18:31:50.806+0000] {dagbag.py:540} INFO - Filling up the DagBag from /opt/airflow/dags/dag_download.py
[2024-03-12T18:31:51.252+0000] {processor.py:840} INFO - DAG(s) 'download_readsb_hist' retrieved from /opt/airflow/dags/dag_download.py
[2024-03-12T18:31:51.277+0000] {logging_mixin.py:188} INFO - [2024-03-12T18:31:51.277+0000] {dag.py:3047} INFO - Sync 1 DAGs
[2024-03-12T18:31:51.289+0000] {logging_mixin.py:188} INFO - [2024-03-12T18:31:51.289+0000] {dag.py:3834} INFO - Setting next_dagrun for download_readsb_hist to 2024-04-01 00:00:00+00:00, run_after=2024-05-01 00:00:00+00:00
[2024-03-12T18:31:51.302+0000] {processor.py:183} INFO - Processing /opt/airflow/dags/dag_download.py took 0.537 seconds
[2024-03-12T18:32:21.724+0000] {processor.py:161} INFO - Started process (PID=6531) to work on /opt/airflow/dags/dag_download.py
[2024-03-12T18:32:21.727+0000] {processor.py:830} INFO - Processing file /opt/airflow/dags/dag_download.py for tasks to queue
[2024-03-12T18:32:21.731+0000] {logging_mixin.py:188} INFO - [2024-03-12T18:32:21.730+0000] {dagbag.py:540} INFO - Filling up the DagBag from /opt/airflow/dags/dag_download.py
[2024-03-12T18:32:22.077+0000] {processor.py:840} INFO - DAG(s) 'download_readsb_hist' retrieved from /opt/airflow/dags/dag_download.py
[2024-03-12T18:32:22.139+0000] {logging_mixin.py:188} INFO - [2024-03-12T18:32:22.138+0000] {dag.py:3047} INFO - Sync 1 DAGs
[2024-03-12T18:32:22.156+0000] {logging_mixin.py:188} INFO - [2024-03-12T18:32:22.156+0000] {dag.py:3834} INFO - Setting next_dagrun for download_readsb_hist to 2024-04-01 00:00:00+00:00, run_after=2024-05-01 00:00:00+00:00
[2024-03-12T18:32:22.167+0000] {processor.py:183} INFO - Processing /opt/airflow/dags/dag_download.py took 0.452 seconds
[2024-03-12T18:32:52.551+0000] {processor.py:161} INFO - Started process (PID=6538) to work on /opt/airflow/dags/dag_download.py
[2024-03-12T18:32:52.553+0000] {processor.py:830} INFO - Processing file /opt/airflow/dags/dag_download.py for tasks to queue
[2024-03-12T18:32:52.556+0000] {logging_mixin.py:188} INFO - [2024-03-12T18:32:52.556+0000] {dagbag.py:540} INFO - Filling up the DagBag from /opt/airflow/dags/dag_download.py
[2024-03-12T18:32:52.897+0000] {processor.py:840} INFO - DAG(s) 'download_readsb_hist' retrieved from /opt/airflow/dags/dag_download.py
[2024-03-12T18:32:52.914+0000] {logging_mixin.py:188} INFO - [2024-03-12T18:32:52.914+0000] {dag.py:3047} INFO - Sync 1 DAGs
[2024-03-12T18:32:52.925+0000] {logging_mixin.py:188} INFO - [2024-03-12T18:32:52.924+0000] {dag.py:3834} INFO - Setting next_dagrun for download_readsb_hist to 2024-04-01 00:00:00+00:00, run_after=2024-05-01 00:00:00+00:00
[2024-03-12T18:32:52.934+0000] {processor.py:183} INFO - Processing /opt/airflow/dags/dag_download.py took 0.389 seconds
[2024-03-12T18:33:05.090+0000] {processor.py:161} INFO - Started process (PID=6545) to work on /opt/airflow/dags/dag_download.py
[2024-03-12T18:33:05.101+0000] {processor.py:830} INFO - Processing file /opt/airflow/dags/dag_download.py for tasks to queue
[2024-03-12T18:33:05.110+0000] {logging_mixin.py:188} INFO - [2024-03-12T18:33:05.110+0000] {dagbag.py:540} INFO - Filling up the DagBag from /opt/airflow/dags/dag_download.py
[2024-03-12T18:33:05.405+0000] {processor.py:840} INFO - DAG(s) 'download_readsb_hist' retrieved from /opt/airflow/dags/dag_download.py
[2024-03-12T18:33:05.420+0000] {logging_mixin.py:188} INFO - [2024-03-12T18:33:05.420+0000] {dag.py:3047} INFO - Sync 1 DAGs
[2024-03-12T18:33:05.431+0000] {logging_mixin.py:188} INFO - [2024-03-12T18:33:05.431+0000] {dag.py:3834} INFO - Setting next_dagrun for download_readsb_hist to 2024-04-01 00:00:00+00:00, run_after=2024-05-01 00:00:00+00:00
[2024-03-12T18:33:05.439+0000] {processor.py:183} INFO - Processing /opt/airflow/dags/dag_download.py took 0.358 seconds
[2024-03-12T18:33:35.809+0000] {processor.py:161} INFO - Started process (PID=6552) to work on /opt/airflow/dags/dag_download.py
[2024-03-12T18:33:35.812+0000] {processor.py:830} INFO - Processing file /opt/airflow/dags/dag_download.py for tasks to queue
[2024-03-12T18:33:35.816+0000] {logging_mixin.py:188} INFO - [2024-03-12T18:33:35.815+0000] {dagbag.py:540} INFO - Filling up the DagBag from /opt/airflow/dags/dag_download.py
[2024-03-12T18:33:36.158+0000] {processor.py:840} INFO - DAG(s) 'download_readsb_hist' retrieved from /opt/airflow/dags/dag_download.py
[2024-03-12T18:33:36.175+0000] {logging_mixin.py:188} INFO - [2024-03-12T18:33:36.175+0000] {dag.py:3047} INFO - Sync 1 DAGs
[2024-03-12T18:33:36.200+0000] {logging_mixin.py:188} INFO - [2024-03-12T18:33:36.200+0000] {dag.py:3834} INFO - Setting next_dagrun for download_readsb_hist to 2024-04-01 00:00:00+00:00, run_after=2024-05-01 00:00:00+00:00
[2024-03-12T18:33:36.210+0000] {processor.py:183} INFO - Processing /opt/airflow/dags/dag_download.py took 0.408 seconds
[2024-03-12T18:34:06.530+0000] {processor.py:161} INFO - Started process (PID=6559) to work on /opt/airflow/dags/dag_download.py
[2024-03-12T18:34:06.532+0000] {processor.py:830} INFO - Processing file /opt/airflow/dags/dag_download.py for tasks to queue
[2024-03-12T18:34:06.535+0000] {logging_mixin.py:188} INFO - [2024-03-12T18:34:06.534+0000] {dagbag.py:540} INFO - Filling up the DagBag from /opt/airflow/dags/dag_download.py
[2024-03-12T18:34:06.846+0000] {processor.py:840} INFO - DAG(s) 'download_readsb_hist' retrieved from /opt/airflow/dags/dag_download.py
[2024-03-12T18:34:06.867+0000] {logging_mixin.py:188} INFO - [2024-03-12T18:34:06.867+0000] {dag.py:3047} INFO - Sync 1 DAGs
[2024-03-12T18:34:06.879+0000] {logging_mixin.py:188} INFO - [2024-03-12T18:34:06.879+0000] {dag.py:3834} INFO - Setting next_dagrun for download_readsb_hist to 2024-04-01 00:00:00+00:00, run_after=2024-05-01 00:00:00+00:00
[2024-03-12T18:34:06.889+0000] {processor.py:183} INFO - Processing /opt/airflow/dags/dag_download.py took 0.364 seconds
[2024-03-12T18:34:37.020+0000] {processor.py:161} INFO - Started process (PID=6566) to work on /opt/airflow/dags/dag_download.py
[2024-03-12T18:34:37.022+0000] {processor.py:830} INFO - Processing file /opt/airflow/dags/dag_download.py for tasks to queue
[2024-03-12T18:34:37.026+0000] {logging_mixin.py:188} INFO - [2024-03-12T18:34:37.025+0000] {dagbag.py:540} INFO - Filling up the DagBag from /opt/airflow/dags/dag_download.py
[2024-03-12T18:34:37.361+0000] {processor.py:840} INFO - DAG(s) 'download_readsb_hist' retrieved from /opt/airflow/dags/dag_download.py
[2024-03-12T18:34:37.381+0000] {logging_mixin.py:188} INFO - [2024-03-12T18:34:37.381+0000] {dag.py:3047} INFO - Sync 1 DAGs
[2024-03-12T18:34:37.394+0000] {logging_mixin.py:188} INFO - [2024-03-12T18:34:37.394+0000] {dag.py:3834} INFO - Setting next_dagrun for download_readsb_hist to 2024-04-01 00:00:00+00:00, run_after=2024-05-01 00:00:00+00:00
[2024-03-12T18:34:37.405+0000] {processor.py:183} INFO - Processing /opt/airflow/dags/dag_download.py took 0.392 seconds
[2024-03-12T18:35:07.589+0000] {processor.py:161} INFO - Started process (PID=6573) to work on /opt/airflow/dags/dag_download.py
[2024-03-12T18:35:07.592+0000] {processor.py:830} INFO - Processing file /opt/airflow/dags/dag_download.py for tasks to queue
[2024-03-12T18:35:07.596+0000] {logging_mixin.py:188} INFO - [2024-03-12T18:35:07.595+0000] {dagbag.py:540} INFO - Filling up the DagBag from /opt/airflow/dags/dag_download.py
[2024-03-12T18:35:07.916+0000] {processor.py:840} INFO - DAG(s) 'download_readsb_hist' retrieved from /opt/airflow/dags/dag_download.py
[2024-03-12T18:35:07.931+0000] {logging_mixin.py:188} INFO - [2024-03-12T18:35:07.931+0000] {dag.py:3047} INFO - Sync 1 DAGs
[2024-03-12T18:35:07.942+0000] {logging_mixin.py:188} INFO - [2024-03-12T18:35:07.942+0000] {dag.py:3834} INFO - Setting next_dagrun for download_readsb_hist to 2024-04-01 00:00:00+00:00, run_after=2024-05-01 00:00:00+00:00
[2024-03-12T18:35:07.950+0000] {processor.py:183} INFO - Processing /opt/airflow/dags/dag_download.py took 0.369 seconds
[2024-03-12T18:35:38.085+0000] {processor.py:161} INFO - Started process (PID=6580) to work on /opt/airflow/dags/dag_download.py
[2024-03-12T18:35:38.087+0000] {processor.py:830} INFO - Processing file /opt/airflow/dags/dag_download.py for tasks to queue
[2024-03-12T18:35:38.091+0000] {logging_mixin.py:188} INFO - [2024-03-12T18:35:38.091+0000] {dagbag.py:540} INFO - Filling up the DagBag from /opt/airflow/dags/dag_download.py
[2024-03-12T18:35:38.419+0000] {processor.py:840} INFO - DAG(s) 'download_readsb_hist' retrieved from /opt/airflow/dags/dag_download.py
[2024-03-12T18:35:38.437+0000] {logging_mixin.py:188} INFO - [2024-03-12T18:35:38.437+0000] {dag.py:3047} INFO - Sync 1 DAGs
[2024-03-12T18:35:38.448+0000] {logging_mixin.py:188} INFO - [2024-03-12T18:35:38.448+0000] {dag.py:3834} INFO - Setting next_dagrun for download_readsb_hist to 2024-04-01 00:00:00+00:00, run_after=2024-05-01 00:00:00+00:00
[2024-03-12T18:35:38.457+0000] {processor.py:183} INFO - Processing /opt/airflow/dags/dag_download.py took 0.379 seconds
[2024-03-12T18:36:08.542+0000] {processor.py:161} INFO - Started process (PID=6587) to work on /opt/airflow/dags/dag_download.py
[2024-03-12T18:36:08.545+0000] {processor.py:830} INFO - Processing file /opt/airflow/dags/dag_download.py for tasks to queue
[2024-03-12T18:36:08.549+0000] {logging_mixin.py:188} INFO - [2024-03-12T18:36:08.549+0000] {dagbag.py:540} INFO - Filling up the DagBag from /opt/airflow/dags/dag_download.py
[2024-03-12T18:36:08.866+0000] {processor.py:840} INFO - DAG(s) 'download_readsb_hist' retrieved from /opt/airflow/dags/dag_download.py
[2024-03-12T18:36:08.883+0000] {logging_mixin.py:188} INFO - [2024-03-12T18:36:08.883+0000] {dag.py:3047} INFO - Sync 1 DAGs
[2024-03-12T18:36:08.894+0000] {logging_mixin.py:188} INFO - [2024-03-12T18:36:08.894+0000] {dag.py:3834} INFO - Setting next_dagrun for download_readsb_hist to 2024-04-01 00:00:00+00:00, run_after=2024-05-01 00:00:00+00:00
[2024-03-12T18:36:08.904+0000] {processor.py:183} INFO - Processing /opt/airflow/dags/dag_download.py took 0.370 seconds
[2024-03-12T18:36:39.033+0000] {processor.py:161} INFO - Started process (PID=6594) to work on /opt/airflow/dags/dag_download.py
[2024-03-12T18:36:39.036+0000] {processor.py:830} INFO - Processing file /opt/airflow/dags/dag_download.py for tasks to queue
[2024-03-12T18:36:39.040+0000] {logging_mixin.py:188} INFO - [2024-03-12T18:36:39.040+0000] {dagbag.py:540} INFO - Filling up the DagBag from /opt/airflow/dags/dag_download.py
[2024-03-12T18:36:39.522+0000] {processor.py:840} INFO - DAG(s) 'download_readsb_hist' retrieved from /opt/airflow/dags/dag_download.py
[2024-03-12T18:36:39.546+0000] {logging_mixin.py:188} INFO - [2024-03-12T18:36:39.546+0000] {dag.py:3047} INFO - Sync 1 DAGs
[2024-03-12T18:36:39.559+0000] {logging_mixin.py:188} INFO - [2024-03-12T18:36:39.559+0000] {dag.py:3834} INFO - Setting next_dagrun for download_readsb_hist to 2024-04-01 00:00:00+00:00, run_after=2024-05-01 00:00:00+00:00
[2024-03-12T18:36:39.569+0000] {processor.py:183} INFO - Processing /opt/airflow/dags/dag_download.py took 0.543 seconds
[2024-03-12T18:37:09.954+0000] {processor.py:161} INFO - Started process (PID=6601) to work on /opt/airflow/dags/dag_download.py
[2024-03-12T18:37:09.957+0000] {processor.py:830} INFO - Processing file /opt/airflow/dags/dag_download.py for tasks to queue
[2024-03-12T18:37:09.961+0000] {logging_mixin.py:188} INFO - [2024-03-12T18:37:09.960+0000] {dagbag.py:540} INFO - Filling up the DagBag from /opt/airflow/dags/dag_download.py
[2024-03-12T18:37:10.318+0000] {processor.py:840} INFO - DAG(s) 'download_readsb_hist' retrieved from /opt/airflow/dags/dag_download.py
[2024-03-12T18:37:10.334+0000] {logging_mixin.py:188} INFO - [2024-03-12T18:37:10.334+0000] {dag.py:3047} INFO - Sync 1 DAGs
[2024-03-12T18:37:10.345+0000] {logging_mixin.py:188} INFO - [2024-03-12T18:37:10.345+0000] {dag.py:3834} INFO - Setting next_dagrun for download_readsb_hist to 2024-04-01 00:00:00+00:00, run_after=2024-05-01 00:00:00+00:00
[2024-03-12T18:37:10.353+0000] {processor.py:183} INFO - Processing /opt/airflow/dags/dag_download.py took 0.406 seconds
[2024-03-12T18:37:40.704+0000] {processor.py:161} INFO - Started process (PID=6608) to work on /opt/airflow/dags/dag_download.py
[2024-03-12T18:37:40.707+0000] {processor.py:830} INFO - Processing file /opt/airflow/dags/dag_download.py for tasks to queue
[2024-03-12T18:37:40.711+0000] {logging_mixin.py:188} INFO - [2024-03-12T18:37:40.710+0000] {dagbag.py:540} INFO - Filling up the DagBag from /opt/airflow/dags/dag_download.py
[2024-03-12T18:37:41.009+0000] {processor.py:840} INFO - DAG(s) 'download_readsb_hist' retrieved from /opt/airflow/dags/dag_download.py
[2024-03-12T18:37:41.025+0000] {logging_mixin.py:188} INFO - [2024-03-12T18:37:41.025+0000] {dag.py:3047} INFO - Sync 1 DAGs
[2024-03-12T18:37:41.036+0000] {logging_mixin.py:188} INFO - [2024-03-12T18:37:41.036+0000] {dag.py:3834} INFO - Setting next_dagrun for download_readsb_hist to 2024-04-01 00:00:00+00:00, run_after=2024-05-01 00:00:00+00:00
[2024-03-12T18:37:41.044+0000] {processor.py:183} INFO - Processing /opt/airflow/dags/dag_download.py took 0.347 seconds
[2024-03-12T18:38:11.447+0000] {processor.py:161} INFO - Started process (PID=6615) to work on /opt/airflow/dags/dag_download.py
[2024-03-12T18:38:11.448+0000] {processor.py:830} INFO - Processing file /opt/airflow/dags/dag_download.py for tasks to queue
[2024-03-12T18:38:11.451+0000] {logging_mixin.py:188} INFO - [2024-03-12T18:38:11.451+0000] {dagbag.py:540} INFO - Filling up the DagBag from /opt/airflow/dags/dag_download.py
[2024-03-12T18:38:11.760+0000] {processor.py:840} INFO - DAG(s) 'download_readsb_hist' retrieved from /opt/airflow/dags/dag_download.py
[2024-03-12T18:38:11.777+0000] {logging_mixin.py:188} INFO - [2024-03-12T18:38:11.777+0000] {dag.py:3047} INFO - Sync 1 DAGs
[2024-03-12T18:38:11.788+0000] {logging_mixin.py:188} INFO - [2024-03-12T18:38:11.787+0000] {dag.py:3834} INFO - Setting next_dagrun for download_readsb_hist to 2024-04-01 00:00:00+00:00, run_after=2024-05-01 00:00:00+00:00
[2024-03-12T18:38:11.796+0000] {processor.py:183} INFO - Processing /opt/airflow/dags/dag_download.py took 0.354 seconds
[2024-03-12T18:38:42.165+0000] {processor.py:161} INFO - Started process (PID=6622) to work on /opt/airflow/dags/dag_download.py
[2024-03-12T18:38:42.168+0000] {processor.py:830} INFO - Processing file /opt/airflow/dags/dag_download.py for tasks to queue
[2024-03-12T18:38:42.171+0000] {logging_mixin.py:188} INFO - [2024-03-12T18:38:42.171+0000] {dagbag.py:540} INFO - Filling up the DagBag from /opt/airflow/dags/dag_download.py
[2024-03-12T18:38:42.513+0000] {processor.py:840} INFO - DAG(s) 'download_readsb_hist' retrieved from /opt/airflow/dags/dag_download.py
[2024-03-12T18:38:42.530+0000] {logging_mixin.py:188} INFO - [2024-03-12T18:38:42.529+0000] {dag.py:3047} INFO - Sync 1 DAGs
[2024-03-12T18:38:42.540+0000] {logging_mixin.py:188} INFO - [2024-03-12T18:38:42.540+0000] {dag.py:3834} INFO - Setting next_dagrun for download_readsb_hist to 2024-04-01 00:00:00+00:00, run_after=2024-05-01 00:00:00+00:00
[2024-03-12T18:38:42.548+0000] {processor.py:183} INFO - Processing /opt/airflow/dags/dag_download.py took 0.400 seconds
[2024-03-12T18:39:12.956+0000] {processor.py:161} INFO - Started process (PID=6629) to work on /opt/airflow/dags/dag_download.py
[2024-03-12T18:39:12.959+0000] {processor.py:830} INFO - Processing file /opt/airflow/dags/dag_download.py for tasks to queue
[2024-03-12T18:39:12.963+0000] {logging_mixin.py:188} INFO - [2024-03-12T18:39:12.962+0000] {dagbag.py:540} INFO - Filling up the DagBag from /opt/airflow/dags/dag_download.py
[2024-03-12T18:39:13.275+0000] {processor.py:840} INFO - DAG(s) 'download_readsb_hist' retrieved from /opt/airflow/dags/dag_download.py
[2024-03-12T18:39:13.292+0000] {logging_mixin.py:188} INFO - [2024-03-12T18:39:13.292+0000] {dag.py:3047} INFO - Sync 1 DAGs
[2024-03-12T18:39:13.303+0000] {logging_mixin.py:188} INFO - [2024-03-12T18:39:13.303+0000] {dag.py:3834} INFO - Setting next_dagrun for download_readsb_hist to 2024-04-01 00:00:00+00:00, run_after=2024-05-01 00:00:00+00:00
[2024-03-12T18:39:13.320+0000] {processor.py:183} INFO - Processing /opt/airflow/dags/dag_download.py took 0.372 seconds
[2024-03-12T18:39:43.679+0000] {processor.py:161} INFO - Started process (PID=6636) to work on /opt/airflow/dags/dag_download.py
[2024-03-12T18:39:43.683+0000] {processor.py:830} INFO - Processing file /opt/airflow/dags/dag_download.py for tasks to queue
[2024-03-12T18:39:43.690+0000] {logging_mixin.py:188} INFO - [2024-03-12T18:39:43.689+0000] {dagbag.py:540} INFO - Filling up the DagBag from /opt/airflow/dags/dag_download.py
[2024-03-12T18:39:44.022+0000] {processor.py:840} INFO - DAG(s) 'download_readsb_hist' retrieved from /opt/airflow/dags/dag_download.py
[2024-03-12T18:39:44.039+0000] {logging_mixin.py:188} INFO - [2024-03-12T18:39:44.039+0000] {dag.py:3047} INFO - Sync 1 DAGs
[2024-03-12T18:39:44.051+0000] {logging_mixin.py:188} INFO - [2024-03-12T18:39:44.050+0000] {dag.py:3834} INFO - Setting next_dagrun for download_readsb_hist to 2024-04-01 00:00:00+00:00, run_after=2024-05-01 00:00:00+00:00
[2024-03-12T18:39:44.061+0000] {processor.py:183} INFO - Processing /opt/airflow/dags/dag_download.py took 0.413 seconds
[2024-03-12T18:40:14.212+0000] {processor.py:161} INFO - Started process (PID=6643) to work on /opt/airflow/dags/dag_download.py
[2024-03-12T18:40:14.214+0000] {processor.py:830} INFO - Processing file /opt/airflow/dags/dag_download.py for tasks to queue
[2024-03-12T18:40:14.216+0000] {logging_mixin.py:188} INFO - [2024-03-12T18:40:14.216+0000] {dagbag.py:540} INFO - Filling up the DagBag from /opt/airflow/dags/dag_download.py
[2024-03-12T18:40:14.652+0000] {processor.py:840} INFO - DAG(s) 'download_readsb_hist' retrieved from /opt/airflow/dags/dag_download.py
[2024-03-12T18:40:14.687+0000] {logging_mixin.py:188} INFO - [2024-03-12T18:40:14.686+0000] {dag.py:3047} INFO - Sync 1 DAGs
[2024-03-12T18:40:14.703+0000] {logging_mixin.py:188} INFO - [2024-03-12T18:40:14.703+0000] {dag.py:3834} INFO - Setting next_dagrun for download_readsb_hist to 2024-04-01 00:00:00+00:00, run_after=2024-05-01 00:00:00+00:00
[2024-03-12T18:40:14.716+0000] {processor.py:183} INFO - Processing /opt/airflow/dags/dag_download.py took 0.510 seconds
[2024-03-12T18:45:26.615+0000] {processor.py:161} INFO - Started process (PID=6644) to work on /opt/airflow/dags/dag_download.py
[2024-03-12T18:45:26.617+0000] {processor.py:830} INFO - Processing file /opt/airflow/dags/dag_download.py for tasks to queue
[2024-03-12T18:45:26.621+0000] {logging_mixin.py:188} INFO - [2024-03-12T18:45:26.620+0000] {dagbag.py:540} INFO - Filling up the DagBag from /opt/airflow/dags/dag_download.py
[2024-03-12T18:45:27.529+0000] {processor.py:840} INFO - DAG(s) 'download_readsb_hist' retrieved from /opt/airflow/dags/dag_download.py
[2024-03-12T18:45:27.568+0000] {logging_mixin.py:188} INFO - [2024-03-12T18:45:27.567+0000] {dag.py:3047} INFO - Sync 1 DAGs
[2024-03-12T18:45:27.654+0000] {logging_mixin.py:188} INFO - [2024-03-12T18:45:27.654+0000] {dag.py:3834} INFO - Setting next_dagrun for download_readsb_hist to 2024-04-01 00:00:00+00:00, run_after=2024-05-01 00:00:00+00:00
[2024-03-12T18:45:27.670+0000] {processor.py:183} INFO - Processing /opt/airflow/dags/dag_download.py took 1.069 seconds
[2024-03-12T19:28:04.251+0000] {processor.py:161} INFO - Started process (PID=6651) to work on /opt/airflow/dags/dag_download.py
[2024-03-12T19:28:04.252+0000] {processor.py:830} INFO - Processing file /opt/airflow/dags/dag_download.py for tasks to queue
[2024-03-12T19:28:04.265+0000] {logging_mixin.py:188} INFO - [2024-03-12T19:28:04.258+0000] {dagbag.py:540} INFO - Filling up the DagBag from /opt/airflow/dags/dag_download.py
[2024-03-12T19:28:05.027+0000] {processor.py:840} INFO - DAG(s) 'download_readsb_hist' retrieved from /opt/airflow/dags/dag_download.py
[2024-03-12T19:28:05.084+0000] {logging_mixin.py:188} INFO - [2024-03-12T19:28:05.083+0000] {dag.py:3047} INFO - Sync 1 DAGs
[2024-03-12T19:28:05.113+0000] {logging_mixin.py:188} INFO - [2024-03-12T19:28:05.113+0000] {dag.py:3834} INFO - Setting next_dagrun for download_readsb_hist to 2024-04-01 00:00:00+00:00, run_after=2024-05-01 00:00:00+00:00
[2024-03-12T19:28:05.126+0000] {processor.py:183} INFO - Processing /opt/airflow/dags/dag_download.py took 0.881 seconds
[2024-03-12T19:54:16.950+0000] {processor.py:161} INFO - Started process (PID=6658) to work on /opt/airflow/dags/dag_download.py
[2024-03-12T19:54:16.953+0000] {processor.py:830} INFO - Processing file /opt/airflow/dags/dag_download.py for tasks to queue
[2024-03-12T19:54:16.958+0000] {logging_mixin.py:188} INFO - [2024-03-12T19:54:16.958+0000] {dagbag.py:540} INFO - Filling up the DagBag from /opt/airflow/dags/dag_download.py
[2024-03-12T19:54:17.850+0000] {processor.py:840} INFO - DAG(s) 'download_readsb_hist' retrieved from /opt/airflow/dags/dag_download.py
[2024-03-12T19:54:17.938+0000] {logging_mixin.py:188} INFO - [2024-03-12T19:54:17.937+0000] {dag.py:3047} INFO - Sync 1 DAGs
[2024-03-12T19:54:17.966+0000] {logging_mixin.py:188} INFO - [2024-03-12T19:54:17.965+0000] {dag.py:3834} INFO - Setting next_dagrun for download_readsb_hist to 2024-04-01 00:00:00+00:00, run_after=2024-05-01 00:00:00+00:00
[2024-03-12T19:54:17.978+0000] {processor.py:183} INFO - Processing /opt/airflow/dags/dag_download.py took 1.043 seconds
[2024-03-12T20:10:14.765+0000] {processor.py:161} INFO - Started process (PID=6665) to work on /opt/airflow/dags/dag_download.py
[2024-03-12T20:10:14.778+0000] {processor.py:830} INFO - Processing file /opt/airflow/dags/dag_download.py for tasks to queue
[2024-03-12T20:10:14.785+0000] {logging_mixin.py:188} INFO - [2024-03-12T20:10:14.784+0000] {dagbag.py:540} INFO - Filling up the DagBag from /opt/airflow/dags/dag_download.py
[2024-03-12T20:10:15.773+0000] {processor.py:840} INFO - DAG(s) 'download_readsb_hist' retrieved from /opt/airflow/dags/dag_download.py
[2024-03-12T20:10:15.819+0000] {logging_mixin.py:188} INFO - [2024-03-12T20:10:15.818+0000] {dag.py:3047} INFO - Sync 1 DAGs
[2024-03-12T20:10:15.848+0000] {logging_mixin.py:188} INFO - [2024-03-12T20:10:15.848+0000] {dag.py:3834} INFO - Setting next_dagrun for download_readsb_hist to 2024-04-01 00:00:00+00:00, run_after=2024-05-01 00:00:00+00:00
[2024-03-12T20:10:15.865+0000] {processor.py:183} INFO - Processing /opt/airflow/dags/dag_download.py took 1.106 seconds
[2024-03-12T21:42:01.738+0000] {processor.py:161} INFO - Started process (PID=6672) to work on /opt/airflow/dags/dag_download.py
[2024-03-12T21:42:01.740+0000] {processor.py:830} INFO - Processing file /opt/airflow/dags/dag_download.py for tasks to queue
[2024-03-12T21:42:01.747+0000] {logging_mixin.py:188} INFO - [2024-03-12T21:42:01.746+0000] {dagbag.py:540} INFO - Filling up the DagBag from /opt/airflow/dags/dag_download.py
[2024-03-12T21:42:02.531+0000] {processor.py:840} INFO - DAG(s) 'download_readsb_hist' retrieved from /opt/airflow/dags/dag_download.py
[2024-03-12T21:42:02.568+0000] {logging_mixin.py:188} INFO - [2024-03-12T21:42:02.568+0000] {dag.py:3047} INFO - Sync 1 DAGs
[2024-03-12T21:42:02.589+0000] {logging_mixin.py:188} INFO - [2024-03-12T21:42:02.589+0000] {dag.py:3834} INFO - Setting next_dagrun for download_readsb_hist to 2024-04-01 00:00:00+00:00, run_after=2024-05-01 00:00:00+00:00
[2024-03-12T21:42:02.598+0000] {processor.py:183} INFO - Processing /opt/airflow/dags/dag_download.py took 0.877 seconds
[2024-03-12T22:17:16.013+0000] {processor.py:161} INFO - Started process (PID=6679) to work on /opt/airflow/dags/dag_download.py
[2024-03-12T22:17:16.016+0000] {processor.py:830} INFO - Processing file /opt/airflow/dags/dag_download.py for tasks to queue
[2024-03-12T22:17:16.020+0000] {logging_mixin.py:188} INFO - [2024-03-12T22:17:16.020+0000] {dagbag.py:540} INFO - Filling up the DagBag from /opt/airflow/dags/dag_download.py
[2024-03-12T22:17:17.048+0000] {processor.py:840} INFO - DAG(s) 'download_readsb_hist' retrieved from /opt/airflow/dags/dag_download.py
[2024-03-12T22:17:17.127+0000] {logging_mixin.py:188} INFO - [2024-03-12T22:17:17.126+0000] {dag.py:3047} INFO - Sync 1 DAGs
[2024-03-12T22:17:17.169+0000] {logging_mixin.py:188} INFO - [2024-03-12T22:17:17.169+0000] {dag.py:3834} INFO - Setting next_dagrun for download_readsb_hist to 2024-04-01 00:00:00+00:00, run_after=2024-05-01 00:00:00+00:00
[2024-03-12T22:17:17.227+0000] {processor.py:183} INFO - Processing /opt/airflow/dags/dag_download.py took 1.226 seconds
[2024-03-12T22:31:31.325+0000] {processor.py:161} INFO - Started process (PID=6686) to work on /opt/airflow/dags/dag_download.py
[2024-03-12T22:31:31.327+0000] {processor.py:830} INFO - Processing file /opt/airflow/dags/dag_download.py for tasks to queue
[2024-03-12T22:31:31.331+0000] {logging_mixin.py:188} INFO - [2024-03-12T22:31:31.331+0000] {dagbag.py:540} INFO - Filling up the DagBag from /opt/airflow/dags/dag_download.py
[2024-03-12T22:31:31.847+0000] {processor.py:840} INFO - DAG(s) 'download_readsb_hist' retrieved from /opt/airflow/dags/dag_download.py
[2024-03-12T22:31:31.875+0000] {logging_mixin.py:188} INFO - [2024-03-12T22:31:31.874+0000] {dag.py:3047} INFO - Sync 1 DAGs
[2024-03-12T22:31:31.914+0000] {logging_mixin.py:188} INFO - [2024-03-12T22:31:31.914+0000] {dag.py:3834} INFO - Setting next_dagrun for download_readsb_hist to 2024-04-01 00:00:00+00:00, run_after=2024-05-01 00:00:00+00:00
[2024-03-12T22:31:31.973+0000] {processor.py:183} INFO - Processing /opt/airflow/dags/dag_download.py took 0.662 seconds
[2024-03-12T22:35:14.624+0000] {processor.py:161} INFO - Started process (PID=6693) to work on /opt/airflow/dags/dag_download.py
[2024-03-12T22:35:14.628+0000] {processor.py:830} INFO - Processing file /opt/airflow/dags/dag_download.py for tasks to queue
[2024-03-12T22:35:14.636+0000] {logging_mixin.py:188} INFO - [2024-03-12T22:35:14.635+0000] {dagbag.py:540} INFO - Filling up the DagBag from /opt/airflow/dags/dag_download.py
[2024-03-12T22:35:15.596+0000] {processor.py:840} INFO - DAG(s) 'download_readsb_hist' retrieved from /opt/airflow/dags/dag_download.py
[2024-03-12T22:35:15.615+0000] {logging_mixin.py:188} INFO - [2024-03-12T22:35:15.615+0000] {dag.py:3047} INFO - Sync 1 DAGs
[2024-03-12T22:35:15.637+0000] {logging_mixin.py:188} INFO - [2024-03-12T22:35:15.636+0000] {dag.py:3834} INFO - Setting next_dagrun for download_readsb_hist to 2024-04-01 00:00:00+00:00, run_after=2024-05-01 00:00:00+00:00
[2024-03-12T22:35:15.650+0000] {processor.py:183} INFO - Processing /opt/airflow/dags/dag_download.py took 1.045 seconds
[2024-03-12T22:43:03.744+0000] {processor.py:161} INFO - Started process (PID=6699) to work on /opt/airflow/dags/dag_download.py
[2024-03-12T22:43:03.746+0000] {processor.py:830} INFO - Processing file /opt/airflow/dags/dag_download.py for tasks to queue
[2024-03-12T22:43:03.749+0000] {logging_mixin.py:188} INFO - [2024-03-12T22:43:03.749+0000] {dagbag.py:540} INFO - Filling up the DagBag from /opt/airflow/dags/dag_download.py
[2024-03-12T22:43:04.501+0000] {processor.py:840} INFO - DAG(s) 'download_readsb_hist' retrieved from /opt/airflow/dags/dag_download.py
[2024-03-12T22:43:04.523+0000] {logging_mixin.py:188} INFO - [2024-03-12T22:43:04.523+0000] {dag.py:3047} INFO - Sync 1 DAGs
[2024-03-12T22:43:04.535+0000] {logging_mixin.py:188} INFO - [2024-03-12T22:43:04.535+0000] {dag.py:3834} INFO - Setting next_dagrun for download_readsb_hist to 2024-04-01 00:00:00+00:00, run_after=2024-05-01 00:00:00+00:00
[2024-03-12T22:43:04.544+0000] {processor.py:183} INFO - Processing /opt/airflow/dags/dag_download.py took 0.806 seconds
[2024-03-12T23:02:40.556+0000] {processor.py:161} INFO - Started process (PID=6706) to work on /opt/airflow/dags/dag_download.py
[2024-03-12T23:02:40.558+0000] {processor.py:830} INFO - Processing file /opt/airflow/dags/dag_download.py for tasks to queue
[2024-03-12T23:02:40.573+0000] {logging_mixin.py:188} INFO - [2024-03-12T23:02:40.573+0000] {dagbag.py:540} INFO - Filling up the DagBag from /opt/airflow/dags/dag_download.py
[2024-03-12T23:02:42.055+0000] {processor.py:840} INFO - DAG(s) 'download_readsb_hist' retrieved from /opt/airflow/dags/dag_download.py
[2024-03-12T23:02:42.104+0000] {logging_mixin.py:188} INFO - [2024-03-12T23:02:42.104+0000] {dag.py:3047} INFO - Sync 1 DAGs
[2024-03-12T23:02:42.142+0000] {logging_mixin.py:188} INFO - [2024-03-12T23:02:42.141+0000] {dag.py:3834} INFO - Setting next_dagrun for download_readsb_hist to 2024-04-01 00:00:00+00:00, run_after=2024-05-01 00:00:00+00:00
[2024-03-12T23:02:42.161+0000] {processor.py:183} INFO - Processing /opt/airflow/dags/dag_download.py took 1.613 seconds
[2024-03-12T23:32:14.506+0000] {processor.py:161} INFO - Started process (PID=6714) to work on /opt/airflow/dags/dag_download.py
[2024-03-12T23:32:14.512+0000] {processor.py:830} INFO - Processing file /opt/airflow/dags/dag_download.py for tasks to queue
[2024-03-12T23:32:14.537+0000] {logging_mixin.py:188} INFO - [2024-03-12T23:32:14.536+0000] {dagbag.py:540} INFO - Filling up the DagBag from /opt/airflow/dags/dag_download.py
[2024-03-12T23:32:15.361+0000] {processor.py:840} INFO - DAG(s) 'download_readsb_hist' retrieved from /opt/airflow/dags/dag_download.py
[2024-03-12T23:32:15.395+0000] {logging_mixin.py:188} INFO - [2024-03-12T23:32:15.395+0000] {dag.py:3047} INFO - Sync 1 DAGs
[2024-03-12T23:32:15.411+0000] {logging_mixin.py:188} INFO - [2024-03-12T23:32:15.411+0000] {dag.py:3834} INFO - Setting next_dagrun for download_readsb_hist to 2024-04-01 00:00:00+00:00, run_after=2024-05-01 00:00:00+00:00
[2024-03-12T23:32:15.423+0000] {processor.py:183} INFO - Processing /opt/airflow/dags/dag_download.py took 0.926 seconds
