[2024-03-22T15:20:22.690+0000] {taskinstance.py:1979} INFO - Dependencies all met for dep_context=non-requeueable deps ti=<TaskInstance: download_readsb_hist.download_data manual__2024-03-22T15:20:18.402755+00:00 [queued]>
[2024-03-22T15:20:22.694+0000] {taskinstance.py:1979} INFO - Dependencies all met for dep_context=requeueable deps ti=<TaskInstance: download_readsb_hist.download_data manual__2024-03-22T15:20:18.402755+00:00 [queued]>
[2024-03-22T15:20:22.694+0000] {taskinstance.py:2193} INFO - Starting attempt 1 of 2
[2024-03-22T15:20:22.700+0000] {taskinstance.py:2214} INFO - Executing <Task(PythonOperator): download_data> on 2024-03-22 15:20:18.402755+00:00
[2024-03-22T15:20:22.703+0000] {standard_task_runner.py:60} INFO - Started process 199 to run task
[2024-03-22T15:20:22.705+0000] {standard_task_runner.py:87} INFO - Running: ['***', 'tasks', 'run', 'download_readsb_hist', 'download_data', 'manual__2024-03-22T15:20:18.402755+00:00', '--job-id', '67', '--raw', '--subdir', 'DAGS_FOLDER/dag_download.py', '--cfg-path', '/tmp/tmpn36lgkwa']
[2024-03-22T15:20:22.707+0000] {standard_task_runner.py:88} INFO - Job 67: Subtask download_data
[2024-03-22T15:20:22.732+0000] {task_command.py:423} INFO - Running <TaskInstance: download_readsb_hist.download_data manual__2024-03-22T15:20:18.402755+00:00 [running]> on host c6b73a83fed6
[2024-03-22T15:20:22.772+0000] {taskinstance.py:2510} INFO - Exporting env vars: AIRFLOW_CTX_DAG_OWNER='***' AIRFLOW_CTX_DAG_ID='download_readsb_hist' AIRFLOW_CTX_TASK_ID='download_data' AIRFLOW_CTX_EXECUTION_DATE='2024-03-22T15:20:18.402755+00:00' AIRFLOW_CTX_TRY_NUMBER='1' AIRFLOW_CTX_DAG_RUN_ID='manual__2024-03-22T15:20:18.402755+00:00'
[2024-03-22T15:20:22.773+0000] {logging_mixin.py:188} INFO - Initializing S3 client...
[2024-03-22T15:20:23.191+0000] {logging_mixin.py:188} INFO - Fetching data index from https://samples.adsbexchange.com/readsb-hist/2024/03/01/
[2024-03-22T15:20:31.533+0000] {logging_mixin.py:188} INFO - Processing file: 000000Z.json.gz
[2024-03-22T15:20:31.735+0000] {logging_mixin.py:188} INFO - Uploading 000000Z.json.gz to S3...
[2024-03-22T15:20:36.114+0000] {logging_mixin.py:188} INFO - 000000Z.json.gz uploaded and local copy deleted.
[2024-03-22T15:20:36.120+0000] {logging_mixin.py:188} INFO - Processing file: 000005Z.json.gz
[2024-03-22T15:20:36.341+0000] {logging_mixin.py:188} INFO - Uploading 000005Z.json.gz to S3...
[2024-03-22T15:20:37.976+0000] {logging_mixin.py:188} INFO - 000005Z.json.gz uploaded and local copy deleted.
[2024-03-22T15:20:37.977+0000] {logging_mixin.py:188} INFO - Processing file: 000010Z.json.gz
[2024-03-22T15:20:38.457+0000] {logging_mixin.py:188} INFO - Uploading 000010Z.json.gz to S3...
[2024-03-22T15:20:39.316+0000] {logging_mixin.py:188} INFO - 000010Z.json.gz uploaded and local copy deleted.
[2024-03-22T15:20:39.318+0000] {logging_mixin.py:188} INFO - Processing file: 000015Z.json.gz
[2024-03-22T15:20:39.537+0000] {logging_mixin.py:188} INFO - Uploading 000015Z.json.gz to S3...
[2024-03-22T15:20:40.168+0000] {logging_mixin.py:188} INFO - 000015Z.json.gz uploaded and local copy deleted.
[2024-03-22T15:20:40.169+0000] {logging_mixin.py:188} INFO - Processing file: 000020Z.json.gz
[2024-03-22T15:20:40.425+0000] {logging_mixin.py:188} INFO - Uploading 000020Z.json.gz to S3...
[2024-03-22T15:20:40.989+0000] {logging_mixin.py:188} INFO - 000020Z.json.gz uploaded and local copy deleted.
[2024-03-22T15:20:40.989+0000] {logging_mixin.py:188} INFO - Processing file: 000025Z.json.gz
[2024-03-22T15:20:42.527+0000] {logging_mixin.py:188} INFO - Uploading 000025Z.json.gz to S3...
[2024-03-22T15:20:43.005+0000] {logging_mixin.py:188} INFO - 000025Z.json.gz uploaded and local copy deleted.
[2024-03-22T15:20:43.006+0000] {logging_mixin.py:188} INFO - Processing file: 000030Z.json.gz
[2024-03-22T15:20:43.230+0000] {logging_mixin.py:188} INFO - Uploading 000030Z.json.gz to S3...
[2024-03-22T15:20:43.817+0000] {logging_mixin.py:188} INFO - 000030Z.json.gz uploaded and local copy deleted.
[2024-03-22T15:20:43.818+0000] {logging_mixin.py:188} INFO - Processing file: 000035Z.json.gz
[2024-03-22T15:20:44.041+0000] {logging_mixin.py:188} INFO - Uploading 000035Z.json.gz to S3...
[2024-03-22T15:20:44.472+0000] {logging_mixin.py:188} INFO - 000035Z.json.gz uploaded and local copy deleted.
[2024-03-22T15:20:44.474+0000] {logging_mixin.py:188} INFO - Processing file: 000040Z.json.gz
[2024-03-22T15:20:44.689+0000] {logging_mixin.py:188} INFO - Uploading 000040Z.json.gz to S3...
[2024-03-22T15:20:45.121+0000] {logging_mixin.py:188} INFO - 000040Z.json.gz uploaded and local copy deleted.
[2024-03-22T15:20:45.123+0000] {logging_mixin.py:188} INFO - Processing file: 000045Z.json.gz
[2024-03-22T15:20:45.307+0000] {logging_mixin.py:188} INFO - Uploading 000045Z.json.gz to S3...
[2024-03-22T15:20:45.740+0000] {logging_mixin.py:188} INFO - 000045Z.json.gz uploaded and local copy deleted.
[2024-03-22T15:20:45.741+0000] {logging_mixin.py:188} INFO - Processing file: 000050Z.json.gz
[2024-03-22T15:20:46.124+0000] {logging_mixin.py:188} INFO - Uploading 000050Z.json.gz to S3...
[2024-03-22T15:20:46.588+0000] {logging_mixin.py:188} INFO - 000050Z.json.gz uploaded and local copy deleted.
[2024-03-22T15:20:46.591+0000] {logging_mixin.py:188} INFO - Processing file: 000055Z.json.gz
[2024-03-22T15:20:46.960+0000] {logging_mixin.py:188} INFO - Uploading 000055Z.json.gz to S3...
[2024-03-22T15:20:47.408+0000] {logging_mixin.py:188} INFO - 000055Z.json.gz uploaded and local copy deleted.
[2024-03-22T15:20:47.409+0000] {logging_mixin.py:188} INFO - Processing file: 000100Z.json.gz
[2024-03-22T15:20:47.618+0000] {logging_mixin.py:188} INFO - Uploading 000100Z.json.gz to S3...
[2024-03-22T15:20:48.082+0000] {logging_mixin.py:188} INFO - 000100Z.json.gz uploaded and local copy deleted.
[2024-03-22T15:20:48.084+0000] {logging_mixin.py:188} INFO - Processing file: 000105Z.json.gz
[2024-03-22T15:20:49.620+0000] {logging_mixin.py:188} INFO - Uploading 000105Z.json.gz to S3...
[2024-03-22T15:20:50.047+0000] {logging_mixin.py:188} INFO - 000105Z.json.gz uploaded and local copy deleted.
[2024-03-22T15:20:50.048+0000] {logging_mixin.py:188} INFO - Processing file: 000110Z.json.gz
[2024-03-22T15:20:50.244+0000] {logging_mixin.py:188} INFO - Uploading 000110Z.json.gz to S3...
[2024-03-22T15:20:50.654+0000] {logging_mixin.py:188} INFO - 000110Z.json.gz uploaded and local copy deleted.
[2024-03-22T15:20:50.655+0000] {logging_mixin.py:188} INFO - Processing file: 000115Z.json.gz
[2024-03-22T15:20:50.869+0000] {logging_mixin.py:188} INFO - Uploading 000115Z.json.gz to S3...
[2024-03-22T15:20:51.328+0000] {logging_mixin.py:188} INFO - 000115Z.json.gz uploaded and local copy deleted.
[2024-03-22T15:20:51.329+0000] {logging_mixin.py:188} INFO - Processing file: 000120Z.json.gz
[2024-03-22T15:20:51.755+0000] {logging_mixin.py:188} INFO - Uploading 000120Z.json.gz to S3...
[2024-03-22T15:20:52.228+0000] {logging_mixin.py:188} INFO - 000120Z.json.gz uploaded and local copy deleted.
[2024-03-22T15:20:52.230+0000] {logging_mixin.py:188} INFO - Processing file: 000125Z.json.gz
[2024-03-22T15:20:53.763+0000] {logging_mixin.py:188} INFO - Uploading 000125Z.json.gz to S3...
[2024-03-22T15:20:54.224+0000] {logging_mixin.py:188} INFO - 000125Z.json.gz uploaded and local copy deleted.
[2024-03-22T15:20:54.225+0000] {logging_mixin.py:188} INFO - Processing file: 000130Z.json.gz
[2024-03-22T15:20:54.436+0000] {logging_mixin.py:188} INFO - Uploading 000130Z.json.gz to S3...
[2024-03-22T15:20:54.840+0000] {logging_mixin.py:188} INFO - 000130Z.json.gz uploaded and local copy deleted.
[2024-03-22T15:20:54.841+0000] {logging_mixin.py:188} INFO - Processing file: 000135Z.json.gz
[2024-03-22T15:20:55.169+0000] {logging_mixin.py:188} INFO - Uploading 000135Z.json.gz to S3...
[2024-03-22T15:20:55.593+0000] {logging_mixin.py:188} INFO - 000135Z.json.gz uploaded and local copy deleted.
[2024-03-22T15:20:55.594+0000] {logging_mixin.py:188} INFO - Processing file: 000140Z.json.gz
[2024-03-22T15:20:55.792+0000] {logging_mixin.py:188} INFO - Uploading 000140Z.json.gz to S3...
[2024-03-22T15:20:56.307+0000] {logging_mixin.py:188} INFO - 000140Z.json.gz uploaded and local copy deleted.
[2024-03-22T15:20:56.309+0000] {logging_mixin.py:188} INFO - Processing file: 000145Z.json.gz
[2024-03-22T15:20:56.497+0000] {logging_mixin.py:188} INFO - Uploading 000145Z.json.gz to S3...
[2024-03-22T15:20:56.925+0000] {logging_mixin.py:188} INFO - 000145Z.json.gz uploaded and local copy deleted.
[2024-03-22T15:20:56.927+0000] {logging_mixin.py:188} INFO - Processing file: 000150Z.json.gz
[2024-03-22T15:20:57.142+0000] {logging_mixin.py:188} INFO - Uploading 000150Z.json.gz to S3...
[2024-03-22T15:20:57.582+0000] {logging_mixin.py:188} INFO - 000150Z.json.gz uploaded and local copy deleted.
[2024-03-22T15:20:57.583+0000] {logging_mixin.py:188} INFO - Processing file: 000155Z.json.gz
[2024-03-22T15:20:57.954+0000] {logging_mixin.py:188} INFO - Uploading 000155Z.json.gz to S3...
[2024-03-22T15:20:58.382+0000] {logging_mixin.py:188} INFO - 000155Z.json.gz uploaded and local copy deleted.
[2024-03-22T15:20:58.384+0000] {logging_mixin.py:188} INFO - Processing file: 000200Z.json.gz
[2024-03-22T15:20:58.771+0000] {logging_mixin.py:188} INFO - Uploading 000200Z.json.gz to S3...
[2024-03-22T15:20:59.112+0000] {logging_mixin.py:188} INFO - 000200Z.json.gz uploaded and local copy deleted.
[2024-03-22T15:20:59.114+0000] {logging_mixin.py:188} INFO - Processing file: 000205Z.json.gz
[2024-03-22T15:20:59.358+0000] {logging_mixin.py:188} INFO - Uploading 000205Z.json.gz to S3...
[2024-03-22T15:20:59.677+0000] {logging_mixin.py:188} INFO - 000205Z.json.gz uploaded and local copy deleted.
[2024-03-22T15:20:59.679+0000] {logging_mixin.py:188} INFO - Processing file: 000210Z.json.gz
[2024-03-22T15:20:59.887+0000] {logging_mixin.py:188} INFO - Uploading 000210Z.json.gz to S3...
[2024-03-22T15:21:00.244+0000] {logging_mixin.py:188} INFO - 000210Z.json.gz uploaded and local copy deleted.
[2024-03-22T15:21:00.247+0000] {logging_mixin.py:188} INFO - Processing file: 000215Z.json.gz
[2024-03-22T15:21:00.446+0000] {logging_mixin.py:188} INFO - Uploading 000215Z.json.gz to S3...
[2024-03-22T15:21:00.766+0000] {logging_mixin.py:188} INFO - 000215Z.json.gz uploaded and local copy deleted.
[2024-03-22T15:21:00.769+0000] {logging_mixin.py:188} INFO - Processing file: 000220Z.json.gz
[2024-03-22T15:21:01.005+0000] {logging_mixin.py:188} INFO - Uploading 000220Z.json.gz to S3...
[2024-03-22T15:21:01.364+0000] {logging_mixin.py:188} INFO - 000220Z.json.gz uploaded and local copy deleted.
[2024-03-22T15:21:01.366+0000] {logging_mixin.py:188} INFO - Processing file: 000225Z.json.gz
[2024-03-22T15:21:02.937+0000] {logging_mixin.py:188} INFO - Uploading 000225Z.json.gz to S3...
[2024-03-22T15:21:03.297+0000] {logging_mixin.py:188} INFO - 000225Z.json.gz uploaded and local copy deleted.
[2024-03-22T15:21:03.299+0000] {logging_mixin.py:188} INFO - Processing file: 000230Z.json.gz
[2024-03-22T15:21:03.513+0000] {logging_mixin.py:188} INFO - Uploading 000230Z.json.gz to S3...
[2024-03-22T15:21:03.856+0000] {logging_mixin.py:188} INFO - 000230Z.json.gz uploaded and local copy deleted.
[2024-03-22T15:21:03.858+0000] {logging_mixin.py:188} INFO - Processing file: 000235Z.json.gz
[2024-03-22T15:21:04.054+0000] {logging_mixin.py:188} INFO - Uploading 000235Z.json.gz to S3...
[2024-03-22T15:21:04.390+0000] {logging_mixin.py:188} INFO - 000235Z.json.gz uploaded and local copy deleted.
[2024-03-22T15:21:04.391+0000] {logging_mixin.py:188} INFO - Processing file: 000240Z.json.gz
[2024-03-22T15:21:04.575+0000] {logging_mixin.py:188} INFO - Uploading 000240Z.json.gz to S3...
[2024-03-22T15:21:04.925+0000] {logging_mixin.py:188} INFO - 000240Z.json.gz uploaded and local copy deleted.
[2024-03-22T15:21:04.928+0000] {logging_mixin.py:188} INFO - Processing file: 000245Z.json.gz
[2024-03-22T15:21:05.301+0000] {logging_mixin.py:188} INFO - Uploading 000245Z.json.gz to S3...
[2024-03-22T15:21:05.626+0000] {logging_mixin.py:188} INFO - 000245Z.json.gz uploaded and local copy deleted.
[2024-03-22T15:21:05.628+0000] {logging_mixin.py:188} INFO - Processing file: 000250Z.json.gz
[2024-03-22T15:21:05.990+0000] {logging_mixin.py:188} INFO - Uploading 000250Z.json.gz to S3...
[2024-03-22T15:21:06.374+0000] {logging_mixin.py:188} INFO - 000250Z.json.gz uploaded and local copy deleted.
[2024-03-22T15:21:06.376+0000] {logging_mixin.py:188} INFO - Processing file: 000255Z.json.gz
[2024-03-22T15:21:06.556+0000] {logging_mixin.py:188} INFO - Uploading 000255Z.json.gz to S3...
[2024-03-22T15:21:06.886+0000] {logging_mixin.py:188} INFO - 000255Z.json.gz uploaded and local copy deleted.
[2024-03-22T15:21:06.887+0000] {logging_mixin.py:188} INFO - Processing file: 000300Z.json.gz
[2024-03-22T15:21:07.421+0000] {logging_mixin.py:188} INFO - Uploading 000300Z.json.gz to S3...
[2024-03-22T15:21:07.872+0000] {logging_mixin.py:188} INFO - 000300Z.json.gz uploaded and local copy deleted.
[2024-03-22T15:21:07.874+0000] {logging_mixin.py:188} INFO - Processing file: 000305Z.json.gz
[2024-03-22T15:21:08.061+0000] {logging_mixin.py:188} INFO - Uploading 000305Z.json.gz to S3...
[2024-03-22T15:21:08.399+0000] {logging_mixin.py:188} INFO - 000305Z.json.gz uploaded and local copy deleted.
[2024-03-22T15:21:08.401+0000] {logging_mixin.py:188} INFO - Processing file: 000310Z.json.gz
[2024-03-22T15:21:08.604+0000] {logging_mixin.py:188} INFO - Uploading 000310Z.json.gz to S3...
[2024-03-22T15:21:08.965+0000] {logging_mixin.py:188} INFO - 000310Z.json.gz uploaded and local copy deleted.
[2024-03-22T15:21:08.967+0000] {logging_mixin.py:188} INFO - Processing file: 000315Z.json.gz
[2024-03-22T15:21:09.145+0000] {logging_mixin.py:188} INFO - Uploading 000315Z.json.gz to S3...
[2024-03-22T15:21:09.518+0000] {logging_mixin.py:188} INFO - 000315Z.json.gz uploaded and local copy deleted.
[2024-03-22T15:21:09.520+0000] {logging_mixin.py:188} INFO - Processing file: 000320Z.json.gz
[2024-03-22T15:21:09.744+0000] {logging_mixin.py:188} INFO - Uploading 000320Z.json.gz to S3...
[2024-03-22T15:21:10.058+0000] {logging_mixin.py:188} INFO - 000320Z.json.gz uploaded and local copy deleted.
[2024-03-22T15:21:10.060+0000] {logging_mixin.py:188} INFO - Processing file: 000325Z.json.gz
[2024-03-22T15:21:10.264+0000] {logging_mixin.py:188} INFO - Uploading 000325Z.json.gz to S3...
[2024-03-22T15:21:10.599+0000] {logging_mixin.py:188} INFO - 000325Z.json.gz uploaded and local copy deleted.
[2024-03-22T15:21:10.602+0000] {logging_mixin.py:188} INFO - Processing file: 000330Z.json.gz
[2024-03-22T15:21:10.809+0000] {logging_mixin.py:188} INFO - Uploading 000330Z.json.gz to S3...
[2024-03-22T15:21:11.154+0000] {logging_mixin.py:188} INFO - 000330Z.json.gz uploaded and local copy deleted.
[2024-03-22T15:21:11.155+0000] {logging_mixin.py:188} INFO - Processing file: 000335Z.json.gz
[2024-03-22T15:21:11.504+0000] {logging_mixin.py:188} INFO - Uploading 000335Z.json.gz to S3...
[2024-03-22T15:21:11.857+0000] {logging_mixin.py:188} INFO - 000335Z.json.gz uploaded and local copy deleted.
[2024-03-22T15:21:11.857+0000] {logging_mixin.py:188} INFO - Processing file: 000340Z.json.gz
[2024-03-22T15:21:12.122+0000] {logging_mixin.py:188} INFO - Uploading 000340Z.json.gz to S3...
[2024-03-22T15:21:12.549+0000] {logging_mixin.py:188} INFO - 000340Z.json.gz uploaded and local copy deleted.
[2024-03-22T15:21:12.556+0000] {logging_mixin.py:188} INFO - Processing file: 000345Z.json.gz
[2024-03-22T15:21:12.874+0000] {logging_mixin.py:188} INFO - Uploading 000345Z.json.gz to S3...
[2024-03-22T15:21:13.268+0000] {logging_mixin.py:188} INFO - 000345Z.json.gz uploaded and local copy deleted.
[2024-03-22T15:21:13.269+0000] {logging_mixin.py:188} INFO - Processing file: 000350Z.json.gz
[2024-03-22T15:21:14.288+0000] {logging_mixin.py:188} INFO - Uploading 000350Z.json.gz to S3...
[2024-03-22T15:21:14.636+0000] {logging_mixin.py:188} INFO - 000350Z.json.gz uploaded and local copy deleted.
[2024-03-22T15:21:14.638+0000] {logging_mixin.py:188} INFO - Processing file: 000355Z.json.gz
[2024-03-22T15:21:15.280+0000] {logging_mixin.py:188} INFO - Uploading 000355Z.json.gz to S3...
[2024-03-22T15:21:15.624+0000] {logging_mixin.py:188} INFO - 000355Z.json.gz uploaded and local copy deleted.
[2024-03-22T15:21:15.625+0000] {logging_mixin.py:188} INFO - Processing file: 000400Z.json.gz
[2024-03-22T15:21:15.984+0000] {logging_mixin.py:188} INFO - Uploading 000400Z.json.gz to S3...
[2024-03-22T15:21:16.418+0000] {logging_mixin.py:188} INFO - 000400Z.json.gz uploaded and local copy deleted.
[2024-03-22T15:21:16.419+0000] {logging_mixin.py:188} INFO - Processing file: 000405Z.json.gz
[2024-03-22T15:21:16.633+0000] {logging_mixin.py:188} INFO - Uploading 000405Z.json.gz to S3...
[2024-03-22T15:21:16.973+0000] {logging_mixin.py:188} INFO - 000405Z.json.gz uploaded and local copy deleted.
[2024-03-22T15:21:16.975+0000] {logging_mixin.py:188} INFO - Processing file: 000410Z.json.gz
[2024-03-22T15:21:17.190+0000] {logging_mixin.py:188} INFO - Uploading 000410Z.json.gz to S3...
[2024-03-22T15:21:17.545+0000] {logging_mixin.py:188} INFO - 000410Z.json.gz uploaded and local copy deleted.
[2024-03-22T15:21:17.548+0000] {logging_mixin.py:188} INFO - Processing file: 000415Z.json.gz
[2024-03-22T15:21:17.925+0000] {logging_mixin.py:188} INFO - Uploading 000415Z.json.gz to S3...
[2024-03-22T15:21:18.294+0000] {logging_mixin.py:188} INFO - 000415Z.json.gz uploaded and local copy deleted.
[2024-03-22T15:21:18.296+0000] {logging_mixin.py:188} INFO - Processing file: 000420Z.json.gz
[2024-03-22T15:21:18.494+0000] {logging_mixin.py:188} INFO - Uploading 000420Z.json.gz to S3...
[2024-03-22T15:21:18.888+0000] {logging_mixin.py:188} INFO - 000420Z.json.gz uploaded and local copy deleted.
[2024-03-22T15:21:18.890+0000] {logging_mixin.py:188} INFO - Processing file: 000425Z.json.gz
[2024-03-22T15:21:19.108+0000] {logging_mixin.py:188} INFO - Uploading 000425Z.json.gz to S3...
[2024-03-22T15:21:19.452+0000] {logging_mixin.py:188} INFO - 000425Z.json.gz uploaded and local copy deleted.
[2024-03-22T15:21:19.454+0000] {logging_mixin.py:188} INFO - Processing file: 000430Z.json.gz
[2024-03-22T15:21:19.685+0000] {logging_mixin.py:188} INFO - Uploading 000430Z.json.gz to S3...
[2024-03-22T15:21:20.056+0000] {logging_mixin.py:188} INFO - 000430Z.json.gz uploaded and local copy deleted.
[2024-03-22T15:21:20.058+0000] {logging_mixin.py:188} INFO - Processing file: 000435Z.json.gz
[2024-03-22T15:21:20.517+0000] {logging_mixin.py:188} INFO - Uploading 000435Z.json.gz to S3...
[2024-03-22T15:21:20.897+0000] {logging_mixin.py:188} INFO - 000435Z.json.gz uploaded and local copy deleted.
[2024-03-22T15:21:20.899+0000] {logging_mixin.py:188} INFO - Processing file: 000440Z.json.gz
[2024-03-22T15:21:21.126+0000] {logging_mixin.py:188} INFO - Uploading 000440Z.json.gz to S3...
[2024-03-22T15:21:21.487+0000] {logging_mixin.py:188} INFO - 000440Z.json.gz uploaded and local copy deleted.
[2024-03-22T15:21:21.491+0000] {logging_mixin.py:188} INFO - Processing file: 000445Z.json.gz
[2024-03-22T15:21:21.858+0000] {logging_mixin.py:188} INFO - Uploading 000445Z.json.gz to S3...
[2024-03-22T15:21:22.231+0000] {logging_mixin.py:188} INFO - 000445Z.json.gz uploaded and local copy deleted.
[2024-03-22T15:21:22.232+0000] {logging_mixin.py:188} INFO - Processing file: 000450Z.json.gz
[2024-03-22T15:21:22.610+0000] {logging_mixin.py:188} INFO - Uploading 000450Z.json.gz to S3...
[2024-03-22T15:21:22.965+0000] {logging_mixin.py:188} INFO - 000450Z.json.gz uploaded and local copy deleted.
[2024-03-22T15:21:22.966+0000] {logging_mixin.py:188} INFO - Processing file: 000455Z.json.gz
[2024-03-22T15:21:23.368+0000] {logging_mixin.py:188} INFO - Uploading 000455Z.json.gz to S3...
[2024-03-22T15:21:23.749+0000] {logging_mixin.py:188} INFO - 000455Z.json.gz uploaded and local copy deleted.
[2024-03-22T15:21:23.749+0000] {logging_mixin.py:188} INFO - Processing file: 000500Z.json.gz
[2024-03-22T15:21:23.966+0000] {logging_mixin.py:188} INFO - Uploading 000500Z.json.gz to S3...
[2024-03-22T15:21:24.355+0000] {logging_mixin.py:188} INFO - 000500Z.json.gz uploaded and local copy deleted.
[2024-03-22T15:21:24.357+0000] {logging_mixin.py:188} INFO - Processing file: 000505Z.json.gz
[2024-03-22T15:21:24.574+0000] {logging_mixin.py:188} INFO - Uploading 000505Z.json.gz to S3...
[2024-03-22T15:21:24.878+0000] {logging_mixin.py:188} INFO - 000505Z.json.gz uploaded and local copy deleted.
[2024-03-22T15:21:24.881+0000] {logging_mixin.py:188} INFO - Processing file: 000510Z.json.gz
[2024-03-22T15:21:25.100+0000] {logging_mixin.py:188} INFO - Uploading 000510Z.json.gz to S3...
[2024-03-22T15:21:25.451+0000] {logging_mixin.py:188} INFO - 000510Z.json.gz uploaded and local copy deleted.
[2024-03-22T15:21:25.452+0000] {logging_mixin.py:188} INFO - Processing file: 000515Z.json.gz
[2024-03-22T15:21:25.635+0000] {logging_mixin.py:188} INFO - Uploading 000515Z.json.gz to S3...
[2024-03-22T15:21:25.966+0000] {logging_mixin.py:188} INFO - 000515Z.json.gz uploaded and local copy deleted.
[2024-03-22T15:21:25.968+0000] {logging_mixin.py:188} INFO - Processing file: 000520Z.json.gz
[2024-03-22T15:21:26.185+0000] {logging_mixin.py:188} INFO - Uploading 000520Z.json.gz to S3...
[2024-03-22T15:21:26.519+0000] {logging_mixin.py:188} INFO - 000520Z.json.gz uploaded and local copy deleted.
[2024-03-22T15:21:26.520+0000] {logging_mixin.py:188} INFO - Processing file: 000525Z.json.gz
[2024-03-22T15:21:26.700+0000] {logging_mixin.py:188} INFO - Uploading 000525Z.json.gz to S3...
[2024-03-22T15:21:27.092+0000] {logging_mixin.py:188} INFO - 000525Z.json.gz uploaded and local copy deleted.
[2024-03-22T15:21:27.094+0000] {logging_mixin.py:188} INFO - Processing file: 000530Z.json.gz
[2024-03-22T15:21:27.610+0000] {logging_mixin.py:188} INFO - Uploading 000530Z.json.gz to S3...
[2024-03-22T15:21:27.987+0000] {logging_mixin.py:188} INFO - 000530Z.json.gz uploaded and local copy deleted.
[2024-03-22T15:21:27.988+0000] {logging_mixin.py:188} INFO - Processing file: 000535Z.json.gz
[2024-03-22T15:21:28.225+0000] {logging_mixin.py:188} INFO - Uploading 000535Z.json.gz to S3...
[2024-03-22T15:21:28.567+0000] {logging_mixin.py:188} INFO - 000535Z.json.gz uploaded and local copy deleted.
[2024-03-22T15:21:28.569+0000] {logging_mixin.py:188} INFO - Processing file: 000540Z.json.gz
[2024-03-22T15:21:28.958+0000] {logging_mixin.py:188} INFO - Uploading 000540Z.json.gz to S3...
[2024-03-22T15:21:29.334+0000] {logging_mixin.py:188} INFO - 000540Z.json.gz uploaded and local copy deleted.
[2024-03-22T15:21:29.336+0000] {logging_mixin.py:188} INFO - Processing file: 000545Z.json.gz
[2024-03-22T15:21:29.586+0000] {logging_mixin.py:188} INFO - Uploading 000545Z.json.gz to S3...
[2024-03-22T15:21:29.911+0000] {logging_mixin.py:188} INFO - 000545Z.json.gz uploaded and local copy deleted.
[2024-03-22T15:21:29.912+0000] {logging_mixin.py:188} INFO - Processing file: 000550Z.json.gz
[2024-03-22T15:21:30.269+0000] {logging_mixin.py:188} INFO - Uploading 000550Z.json.gz to S3...
[2024-03-22T15:21:30.624+0000] {logging_mixin.py:188} INFO - 000550Z.json.gz uploaded and local copy deleted.
[2024-03-22T15:21:30.624+0000] {logging_mixin.py:188} INFO - Processing file: 000555Z.json.gz
[2024-03-22T15:21:30.780+0000] {logging_mixin.py:188} INFO - Uploading 000555Z.json.gz to S3...
[2024-03-22T15:21:31.166+0000] {logging_mixin.py:188} INFO - 000555Z.json.gz uploaded and local copy deleted.
[2024-03-22T15:21:31.168+0000] {logging_mixin.py:188} INFO - Processing file: 000600Z.json.gz
[2024-03-22T15:21:31.705+0000] {logging_mixin.py:188} INFO - Uploading 000600Z.json.gz to S3...
[2024-03-22T15:21:32.683+0000] {logging_mixin.py:188} INFO - 000600Z.json.gz uploaded and local copy deleted.
[2024-03-22T15:21:32.685+0000] {logging_mixin.py:188} INFO - Processing file: 000605Z.json.gz
[2024-03-22T15:21:33.059+0000] {logging_mixin.py:188} INFO - Uploading 000605Z.json.gz to S3...
[2024-03-22T15:21:33.432+0000] {logging_mixin.py:188} INFO - 000605Z.json.gz uploaded and local copy deleted.
[2024-03-22T15:21:33.432+0000] {logging_mixin.py:188} INFO - Processing file: 000610Z.json.gz
[2024-03-22T15:21:33.643+0000] {logging_mixin.py:188} INFO - Uploading 000610Z.json.gz to S3...
[2024-03-22T15:21:34.006+0000] {logging_mixin.py:188} INFO - 000610Z.json.gz uploaded and local copy deleted.
[2024-03-22T15:21:34.007+0000] {logging_mixin.py:188} INFO - Processing file: 000615Z.json.gz
[2024-03-22T15:21:34.208+0000] {logging_mixin.py:188} INFO - Uploading 000615Z.json.gz to S3...
[2024-03-22T15:21:34.583+0000] {logging_mixin.py:188} INFO - 000615Z.json.gz uploaded and local copy deleted.
[2024-03-22T15:21:34.585+0000] {logging_mixin.py:188} INFO - Processing file: 000620Z.json.gz
[2024-03-22T15:21:34.803+0000] {logging_mixin.py:188} INFO - Uploading 000620Z.json.gz to S3...
[2024-03-22T15:21:35.151+0000] {logging_mixin.py:188} INFO - 000620Z.json.gz uploaded and local copy deleted.
[2024-03-22T15:21:35.153+0000] {logging_mixin.py:188} INFO - Processing file: 000625Z.json.gz
[2024-03-22T15:21:35.518+0000] {logging_mixin.py:188} INFO - Uploading 000625Z.json.gz to S3...
[2024-03-22T15:21:35.888+0000] {logging_mixin.py:188} INFO - 000625Z.json.gz uploaded and local copy deleted.
[2024-03-22T15:21:35.890+0000] {logging_mixin.py:188} INFO - Processing file: 000630Z.json.gz
[2024-03-22T15:21:36.108+0000] {logging_mixin.py:188} INFO - Uploading 000630Z.json.gz to S3...
[2024-03-22T15:21:36.502+0000] {logging_mixin.py:188} INFO - 000630Z.json.gz uploaded and local copy deleted.
[2024-03-22T15:21:36.502+0000] {logging_mixin.py:188} INFO - Processing file: 000635Z.json.gz
[2024-03-22T15:21:36.884+0000] {logging_mixin.py:188} INFO - Uploading 000635Z.json.gz to S3...
[2024-03-22T15:21:37.238+0000] {logging_mixin.py:188} INFO - 000635Z.json.gz uploaded and local copy deleted.
[2024-03-22T15:21:37.240+0000] {logging_mixin.py:188} INFO - Processing file: 000640Z.json.gz
[2024-03-22T15:21:37.638+0000] {logging_mixin.py:188} INFO - Uploading 000640Z.json.gz to S3...
[2024-03-22T15:21:38.003+0000] {logging_mixin.py:188} INFO - 000640Z.json.gz uploaded and local copy deleted.
[2024-03-22T15:21:38.004+0000] {logging_mixin.py:188} INFO - Processing file: 000645Z.json.gz
[2024-03-22T15:21:38.207+0000] {logging_mixin.py:188} INFO - Uploading 000645Z.json.gz to S3...
[2024-03-22T15:21:38.571+0000] {logging_mixin.py:188} INFO - 000645Z.json.gz uploaded and local copy deleted.
[2024-03-22T15:21:38.572+0000] {logging_mixin.py:188} INFO - Processing file: 000650Z.json.gz
[2024-03-22T15:21:38.818+0000] {logging_mixin.py:188} INFO - Uploading 000650Z.json.gz to S3...
[2024-03-22T15:21:39.167+0000] {logging_mixin.py:188} INFO - 000650Z.json.gz uploaded and local copy deleted.
[2024-03-22T15:21:39.168+0000] {logging_mixin.py:188} INFO - Processing file: 000655Z.json.gz
[2024-03-22T15:21:39.561+0000] {logging_mixin.py:188} INFO - Uploading 000655Z.json.gz to S3...
[2024-03-22T15:21:39.924+0000] {logging_mixin.py:188} INFO - 000655Z.json.gz uploaded and local copy deleted.
[2024-03-22T15:21:39.925+0000] {logging_mixin.py:188} INFO - Processing file: 000700Z.json.gz
[2024-03-22T15:21:40.176+0000] {logging_mixin.py:188} INFO - Uploading 000700Z.json.gz to S3...
[2024-03-22T15:21:40.534+0000] {logging_mixin.py:188} INFO - 000700Z.json.gz uploaded and local copy deleted.
[2024-03-22T15:21:40.535+0000] {logging_mixin.py:188} INFO - Processing file: 000705Z.json.gz
[2024-03-22T15:21:40.722+0000] {logging_mixin.py:188} INFO - Uploading 000705Z.json.gz to S3...
[2024-03-22T15:21:41.101+0000] {logging_mixin.py:188} INFO - 000705Z.json.gz uploaded and local copy deleted.
[2024-03-22T15:21:41.102+0000] {logging_mixin.py:188} INFO - Processing file: 000710Z.json.gz
[2024-03-22T15:21:41.326+0000] {logging_mixin.py:188} INFO - Uploading 000710Z.json.gz to S3...
[2024-03-22T15:21:41.696+0000] {logging_mixin.py:188} INFO - 000710Z.json.gz uploaded and local copy deleted.
[2024-03-22T15:21:41.698+0000] {logging_mixin.py:188} INFO - Processing file: 000715Z.json.gz
[2024-03-22T15:21:41.888+0000] {logging_mixin.py:188} INFO - Uploading 000715Z.json.gz to S3...
[2024-03-22T15:21:42.243+0000] {logging_mixin.py:188} INFO - 000715Z.json.gz uploaded and local copy deleted.
[2024-03-22T15:21:42.245+0000] {logging_mixin.py:188} INFO - Processing file: 000720Z.json.gz
[2024-03-22T15:21:42.533+0000] {logging_mixin.py:188} INFO - Uploading 000720Z.json.gz to S3...
[2024-03-22T15:21:42.911+0000] {logging_mixin.py:188} INFO - 000720Z.json.gz uploaded and local copy deleted.
[2024-03-22T15:21:42.912+0000] {logging_mixin.py:188} INFO - Processing file: 000725Z.json.gz
[2024-03-22T15:21:43.283+0000] {logging_mixin.py:188} INFO - Uploading 000725Z.json.gz to S3...
[2024-03-22T15:21:43.638+0000] {logging_mixin.py:188} INFO - 000725Z.json.gz uploaded and local copy deleted.
[2024-03-22T15:21:43.641+0000] {logging_mixin.py:188} INFO - Processing file: 000730Z.json.gz
[2024-03-22T15:21:43.827+0000] {logging_mixin.py:188} INFO - Uploading 000730Z.json.gz to S3...
[2024-03-22T15:21:44.179+0000] {logging_mixin.py:188} INFO - 000730Z.json.gz uploaded and local copy deleted.
[2024-03-22T15:21:44.180+0000] {logging_mixin.py:188} INFO - Processing file: 000735Z.json.gz
[2024-03-22T15:21:44.367+0000] {logging_mixin.py:188} INFO - Uploading 000735Z.json.gz to S3...
[2024-03-22T15:21:44.718+0000] {logging_mixin.py:188} INFO - 000735Z.json.gz uploaded and local copy deleted.
[2024-03-22T15:21:44.719+0000] {logging_mixin.py:188} INFO - Processing file: 000740Z.json.gz
[2024-03-22T15:21:44.933+0000] {logging_mixin.py:188} INFO - Uploading 000740Z.json.gz to S3...
[2024-03-22T15:21:45.278+0000] {logging_mixin.py:188} INFO - 000740Z.json.gz uploaded and local copy deleted.
[2024-03-22T15:21:45.279+0000] {logging_mixin.py:188} INFO - Processing file: 000745Z.json.gz
[2024-03-22T15:21:45.644+0000] {logging_mixin.py:188} INFO - Uploading 000745Z.json.gz to S3...
[2024-03-22T15:21:46.016+0000] {logging_mixin.py:188} INFO - 000745Z.json.gz uploaded and local copy deleted.
[2024-03-22T15:21:46.017+0000] {logging_mixin.py:188} INFO - Processing file: 000750Z.json.gz
[2024-03-22T15:21:46.581+0000] {logging_mixin.py:188} INFO - Uploading 000750Z.json.gz to S3...
[2024-03-22T15:21:46.953+0000] {logging_mixin.py:188} INFO - 000750Z.json.gz uploaded and local copy deleted.
[2024-03-22T15:21:46.956+0000] {logging_mixin.py:188} INFO - Processing file: 000755Z.json.gz
[2024-03-22T15:21:47.471+0000] {logging_mixin.py:188} INFO - Uploading 000755Z.json.gz to S3...
[2024-03-22T15:21:47.837+0000] {logging_mixin.py:188} INFO - 000755Z.json.gz uploaded and local copy deleted.
[2024-03-22T15:21:47.839+0000] {logging_mixin.py:188} INFO - Processing file: 000800Z.json.gz
[2024-03-22T15:21:48.043+0000] {logging_mixin.py:188} INFO - Uploading 000800Z.json.gz to S3...
[2024-03-22T15:21:48.357+0000] {logging_mixin.py:188} INFO - 000800Z.json.gz uploaded and local copy deleted.
[2024-03-22T15:21:48.359+0000] {logging_mixin.py:188} INFO - Processing file: 000805Z.json.gz
[2024-03-22T15:21:48.553+0000] {logging_mixin.py:188} INFO - Uploading 000805Z.json.gz to S3...
[2024-03-22T15:21:48.859+0000] {logging_mixin.py:188} INFO - 000805Z.json.gz uploaded and local copy deleted.
[2024-03-22T15:21:48.859+0000] {logging_mixin.py:188} INFO - Processing file: 000810Z.json.gz
[2024-03-22T15:21:49.060+0000] {logging_mixin.py:188} INFO - Uploading 000810Z.json.gz to S3...
[2024-03-22T15:21:49.428+0000] {logging_mixin.py:188} INFO - 000810Z.json.gz uploaded and local copy deleted.
[2024-03-22T15:21:49.430+0000] {logging_mixin.py:188} INFO - Processing file: 000815Z.json.gz
[2024-03-22T15:21:49.710+0000] {logging_mixin.py:188} INFO - Uploading 000815Z.json.gz to S3...
[2024-03-22T15:21:50.064+0000] {logging_mixin.py:188} INFO - 000815Z.json.gz uploaded and local copy deleted.
[2024-03-22T15:21:50.092+0000] {python.py:202} INFO - Done. Returned value was: None
[2024-03-22T15:21:50.121+0000] {taskinstance.py:1149} INFO - Marking task as SUCCESS. dag_id=download_readsb_hist, task_id=download_data, execution_date=20240322T152018, start_date=20240322T152022, end_date=20240322T152150
[2024-03-22T15:21:50.231+0000] {local_task_job_runner.py:234} INFO - Task exited with return code 0
[2024-03-22T15:21:50.250+0000] {taskinstance.py:3309} INFO - 0 downstream tasks scheduled from follow-on schedule check
